CRITICAL - 2020-07-21 08:16:11 --> Trying to get property 'price' of non-object
#0 C:\xampp\htdocs\neo\app\Views\cart\index.php(38): CodeIgniter\Debug\Exceptions->errorHandler(8, 'Trying to get p...', 'C:\\xampp\\htdocs...', 38, Array)
#1 C:\xampp\htdocs\neo\vendor\codeigniter4\framework\system\View\View.php(246): include('C:\\xampp\\htdocs...')
#2 C:\xampp\htdocs\neo\vendor\codeigniter4\framework\system\Common.php(1087): CodeIgniter\View\View->render('cart/index', Array, true)
#3 C:\xampp\htdocs\neo\app\Controllers\Cart.php(39): view('cart/index', Array)
#4 C:\xampp\htdocs\neo\vendor\codeigniter4\framework\system\CodeIgniter.php(914): App\Controllers\Cart->index()
#5 C:\xampp\htdocs\neo\vendor\codeigniter4\framework\system\CodeIgniter.php(400): CodeIgniter\CodeIgniter->runController(Object(App\Controllers\Cart))
#6 C:\xampp\htdocs\neo\vendor\codeigniter4\framework\system\CodeIgniter.php(308): CodeIgniter\CodeIgniter->handleRequest(NULL, Object(Config\Cache), false)
#7 C:\xampp\htdocs\neo\public\index.php(45): CodeIgniter\CodeIgniter->run()
#8 C:\xampp\htdocs\neo\vendor\codeigniter4\framework\system\Commands\Server\rewrite.php(34): require_once('C:\\xampp\\htdocs...')
#9 {main}
CRITICAL - 2020-07-21 09:52:23 --> Trying to get property 'price' of non-object
#0 C:\xampp\htdocs\neo\app\Views\cart\index.php(38): CodeIgniter\Debug\Exceptions->errorHandler(8, 'Trying to get p...', 'C:\\xampp\\htdocs...', 38, Array)
#1 C:\xampp\htdocs\neo\vendor\codeigniter4\framework\system\View\View.php(246): include('C:\\xampp\\htdocs...')
#2 C:\xampp\htdocs\neo\vendor\codeigniter4\framework\system\Common.php(1087): CodeIgniter\View\View->render('cart/index', Array, true)
#3 C:\xampp\htdocs\neo\app\Controllers\Cart.php(39): view('cart/index', Array)
#4 C:\xampp\htdocs\neo\vendor\codeigniter4\framework\system\CodeIgniter.php(914): App\Controllers\Cart->index()
#5 C:\xampp\htdocs\neo\vendor\codeigniter4\framework\system\CodeIgniter.php(400): CodeIgniter\CodeIgniter->runController(Object(App\Controllers\Cart))
#6 C:\xampp\htdocs\neo\vendor\codeigniter4\framework\system\CodeIgniter.php(308): CodeIgniter\CodeIgniter->handleRequest(NULL, Object(Config\Cache), false)
#7 C:\xampp\htdocs\neo\public\index.php(45): CodeIgniter\CodeIgniter->run()
#8 C:\xampp\htdocs\neo\vendor\codeigniter4\framework\system\Commands\Server\rewrite.php(34): require_once('C:\\xampp\\htdocs...')
#9 {main}
CRITICAL - 2020-07-21 10:04:11 --> Undefined property: stdClass::$discount
#0 C:\xampp\htdocs\neo\app\Views\cart\index.php(63): CodeIgniter\Debug\Exceptions->errorHandler(8, 'Undefined prope...', 'C:\\xampp\\htdocs...', 63, Array)
#1 C:\xampp\htdocs\neo\vendor\codeigniter4\framework\system\View\View.php(246): include('C:\\xampp\\htdocs...')
#2 C:\xampp\htdocs\neo\vendor\codeigniter4\framework\system\Common.php(1087): CodeIgniter\View\View->render('cart/index', Array, true)
#3 C:\xampp\htdocs\neo\app\Controllers\Cart.php(39): view('cart/index', Array)
#4 C:\xampp\htdocs\neo\vendor\codeigniter4\framework\system\CodeIgniter.php(914): App\Controllers\Cart->index()
#5 C:\xampp\htdocs\neo\vendor\codeigniter4\framework\system\CodeIgniter.php(400): CodeIgniter\CodeIgniter->runController(Object(App\Controllers\Cart))
#6 C:\xampp\htdocs\neo\vendor\codeigniter4\framework\system\CodeIgniter.php(308): CodeIgniter\CodeIgniter->handleRequest(NULL, Object(Config\Cache), false)
#7 C:\xampp\htdocs\neo\public\index.php(45): CodeIgniter\CodeIgniter->run()
#8 C:\xampp\htdocs\neo\vendor\codeigniter4\framework\system\Commands\Server\rewrite.php(34): require_once('C:\\xampp\\htdocs...')
#9 {main}
CRITICAL - 2020-07-21 10:07:49 --> Undefined property: stdClass::$high_price
#0 C:\xampp\htdocs\neo\app\Views\cart\index.php(64): CodeIgniter\Debug\Exceptions->errorHandler(8, 'Undefined prope...', 'C:\\xampp\\htdocs...', 64, Array)
#1 C:\xampp\htdocs\neo\vendor\codeigniter4\framework\system\View\View.php(246): include('C:\\xampp\\htdocs...')
#2 C:\xampp\htdocs\neo\vendor\codeigniter4\framework\system\Common.php(1087): CodeIgniter\View\View->render('cart/index', Array, true)
#3 C:\xampp\htdocs\neo\app\Controllers\Cart.php(39): view('cart/index', Array)
#4 C:\xampp\htdocs\neo\vendor\codeigniter4\framework\system\CodeIgniter.php(914): App\Controllers\Cart->index()
#5 C:\xampp\htdocs\neo\vendor\codeigniter4\framework\system\CodeIgniter.php(400): CodeIgniter\CodeIgniter->runController(Object(App\Controllers\Cart))
#6 C:\xampp\htdocs\neo\vendor\codeigniter4\framework\system\CodeIgniter.php(308): CodeIgniter\CodeIgniter->handleRequest(NULL, Object(Config\Cache), false)
#7 C:\xampp\htdocs\neo\public\index.php(45): CodeIgniter\CodeIgniter->run()
#8 C:\xampp\htdocs\neo\vendor\codeigniter4\framework\system\Commands\Server\rewrite.php(34): require_once('C:\\xampp\\htdocs...')
#9 {main}
CRITICAL - 2020-07-21 10:46:00 --> Trying to access array offset on value of type null
#0 C:\xampp\htdocs\neo\app\Views\parts\item.php(10): CodeIgniter\Debug\Exceptions->errorHandler(8, 'Trying to acces...', 'C:\\xampp\\htdocs...', 10, Array)
#1 C:\xampp\htdocs\neo\vendor\codeigniter4\framework\system\View\View.php(246): include('C:\\xampp\\htdocs...')
#2 C:\xampp\htdocs\neo\vendor\codeigniter4\framework\system\Common.php(1087): CodeIgniter\View\View->render('parts/item', Array, true)
#3 C:\xampp\htdocs\neo\app\Controllers\Parts.php(31): view('parts/item', Array)
#4 C:\xampp\htdocs\neo\vendor\codeigniter4\framework\system\CodeIgniter.php(914): App\Controllers\Parts->item('WMCELC-X3802202...')
#5 C:\xampp\htdocs\neo\vendor\codeigniter4\framework\system\CodeIgniter.php(400): CodeIgniter\CodeIgniter->runController(Object(App\Controllers\Parts))
#6 C:\xampp\htdocs\neo\vendor\codeigniter4\framework\system\CodeIgniter.php(308): CodeIgniter\CodeIgniter->handleRequest(NULL, Object(Config\Cache), false)
#7 C:\xampp\htdocs\neo\public\index.php(45): CodeIgniter\CodeIgniter->run()
#8 C:\xampp\htdocs\neo\vendor\codeigniter4\framework\system\Commands\Server\rewrite.php(34): require_once('C:\\xampp\\htdocs...')
#9 {main}
CRITICAL - 2020-07-21 10:49:26 --> Trying to access array offset on value of type null
#0 C:\xampp\htdocs\neo\app\Views\parts\item.php(10): CodeIgniter\Debug\Exceptions->errorHandler(8, 'Trying to acces...', 'C:\\xampp\\htdocs...', 10, Array)
#1 C:\xampp\htdocs\neo\vendor\codeigniter4\framework\system\View\View.php(246): include('C:\\xampp\\htdocs...')
#2 C:\xampp\htdocs\neo\vendor\codeigniter4\framework\system\Common.php(1087): CodeIgniter\View\View->render('parts/item', Array, true)
#3 C:\xampp\htdocs\neo\app\Controllers\Parts.php(34): view('parts/item', Array)
#4 C:\xampp\htdocs\neo\vendor\codeigniter4\framework\system\CodeIgniter.php(914): App\Controllers\Parts->item('WMCELC-X3802202...')
#5 C:\xampp\htdocs\neo\vendor\codeigniter4\framework\system\CodeIgniter.php(400): CodeIgniter\CodeIgniter->runController(Object(App\Controllers\Parts))
#6 C:\xampp\htdocs\neo\vendor\codeigniter4\framework\system\CodeIgniter.php(308): CodeIgniter\CodeIgniter->handleRequest(NULL, Object(Config\Cache), false)
#7 C:\xampp\htdocs\neo\public\index.php(45): CodeIgniter\CodeIgniter->run()
#8 C:\xampp\htdocs\neo\vendor\codeigniter4\framework\system\Commands\Server\rewrite.php(34): require_once('C:\\xampp\\htdocs...')
#9 {main}
CRITICAL - 2020-07-21 10:51:17 --> Trying to access array offset on value of type null
#0 C:\xampp\htdocs\neo\app\Views\parts\notfound.php(25): CodeIgniter\Debug\Exceptions->errorHandler(8, 'Trying to acces...', 'C:\\xampp\\htdocs...', 25, Array)
#1 C:\xampp\htdocs\neo\vendor\codeigniter4\framework\system\View\View.php(246): include('C:\\xampp\\htdocs...')
#2 C:\xampp\htdocs\neo\vendor\codeigniter4\framework\system\Common.php(1087): CodeIgniter\View\View->render('parts/notfound', Array, true)
#3 C:\xampp\htdocs\neo\app\Controllers\Parts.php(32): view('parts/notfound', Array)
#4 C:\xampp\htdocs\neo\vendor\codeigniter4\framework\system\CodeIgniter.php(914): App\Controllers\Parts->item('WMCELC-X3802202...')
#5 C:\xampp\htdocs\neo\vendor\codeigniter4\framework\system\CodeIgniter.php(400): CodeIgniter\CodeIgniter->runController(Object(App\Controllers\Parts))
#6 C:\xampp\htdocs\neo\vendor\codeigniter4\framework\system\CodeIgniter.php(308): CodeIgniter\CodeIgniter->handleRequest(NULL, Object(Config\Cache), false)
#7 C:\xampp\htdocs\neo\public\index.php(45): CodeIgniter\CodeIgniter->run()
#8 C:\xampp\htdocs\neo\vendor\codeigniter4\framework\system\Commands\Server\rewrite.php(34): require_once('C:\\xampp\\htdocs...')
#9 {main}
CRITICAL - 2020-07-21 11:01:24 --> Trying to get property 'qty' of non-object
#0 C:\xampp\htdocs\neo\app\Views\orders\request-resume.php(38): CodeIgniter\Debug\Exceptions->errorHandler(8, 'Trying to get p...', 'C:\\xampp\\htdocs...', 38, Array)
#1 C:\xampp\htdocs\neo\vendor\codeigniter4\framework\system\View\View.php(246): include('C:\\xampp\\htdocs...')
#2 C:\xampp\htdocs\neo\vendor\codeigniter4\framework\system\Common.php(1087): CodeIgniter\View\View->render('orders/request-...', Array, true)
#3 C:\xampp\htdocs\neo\app\Controllers\Order.php(73): view('orders/request-...', Array)
#4 C:\xampp\htdocs\neo\vendor\codeigniter4\framework\system\CodeIgniter.php(914): App\Controllers\Order->request('resume', 'ORD2007-001')
#5 C:\xampp\htdocs\neo\vendor\codeigniter4\framework\system\CodeIgniter.php(400): CodeIgniter\CodeIgniter->runController(Object(App\Controllers\Order))
#6 C:\xampp\htdocs\neo\vendor\codeigniter4\framework\system\CodeIgniter.php(308): CodeIgniter\CodeIgniter->handleRequest(NULL, Object(Config\Cache), false)
#7 C:\xampp\htdocs\neo\public\index.php(45): CodeIgniter\CodeIgniter->run()
#8 C:\xampp\htdocs\neo\vendor\codeigniter4\framework\system\Commands\Server\rewrite.php(34): require_once('C:\\xampp\\htdocs...')
#9 {main}
CRITICAL - 2020-07-21 11:02:03 --> Trying to get property 'qty' of non-object
#0 C:\xampp\htdocs\neo\app\Views\orders\request-resume.php(38): CodeIgniter\Debug\Exceptions->errorHandler(8, 'Trying to get p...', 'C:\\xampp\\htdocs...', 38, Array)
#1 C:\xampp\htdocs\neo\vendor\codeigniter4\framework\system\View\View.php(246): include('C:\\xampp\\htdocs...')
#2 C:\xampp\htdocs\neo\vendor\codeigniter4\framework\system\Common.php(1087): CodeIgniter\View\View->render('orders/request-...', Array, true)
#3 C:\xampp\htdocs\neo\app\Controllers\Order.php(73): view('orders/request-...', Array)
#4 C:\xampp\htdocs\neo\vendor\codeigniter4\framework\system\CodeIgniter.php(914): App\Controllers\Order->request('resume', 'ORD2007-001')
#5 C:\xampp\htdocs\neo\vendor\codeigniter4\framework\system\CodeIgniter.php(400): CodeIgniter\CodeIgniter->runController(Object(App\Controllers\Order))
#6 C:\xampp\htdocs\neo\vendor\codeigniter4\framework\system\CodeIgniter.php(308): CodeIgniter\CodeIgniter->handleRequest(NULL, Object(Config\Cache), false)
#7 C:\xampp\htdocs\neo\public\index.php(45): CodeIgniter\CodeIgniter->run()
#8 C:\xampp\htdocs\neo\vendor\codeigniter4\framework\system\Commands\Server\rewrite.php(34): require_once('C:\\xampp\\htdocs...')
#9 {main}
CRITICAL - 2020-07-21 11:31:12 --> Undefined variable: partsFav
#0 C:\xampp\htdocs\neo\app\Views\parts\index.php(39): CodeIgniter\Debug\Exceptions->errorHandler(8, 'Undefined varia...', 'C:\\xampp\\htdocs...', 39, Array)
#1 C:\xampp\htdocs\neo\vendor\codeigniter4\framework\system\View\View.php(246): include('C:\\xampp\\htdocs...')
#2 C:\xampp\htdocs\neo\vendor\codeigniter4\framework\system\Common.php(1087): CodeIgniter\View\View->render('parts/index', Array, true)
#3 C:\xampp\htdocs\neo\app\Controllers\Parts.php(21): view('parts/index', Array)
#4 C:\xampp\htdocs\neo\vendor\codeigniter4\framework\system\CodeIgniter.php(914): App\Controllers\Parts->index()
#5 C:\xampp\htdocs\neo\vendor\codeigniter4\framework\system\CodeIgniter.php(400): CodeIgniter\CodeIgniter->runController(Object(App\Controllers\Parts))
#6 C:\xampp\htdocs\neo\vendor\codeigniter4\framework\system\CodeIgniter.php(308): CodeIgniter\CodeIgniter->handleRequest(NULL, Object(Config\Cache), false)
#7 C:\xampp\htdocs\neo\public\index.php(45): CodeIgniter\CodeIgniter->run()
#8 C:\xampp\htdocs\neo\vendor\codeigniter4\framework\system\Commands\Server\rewrite.php(34): require_once('C:\\xampp\\htdocs...')
#9 {main}
CRITICAL - 2020-07-21 14:02:29 --> Unknown column 'base_price' in 'field list'
#0 C:\xampp\htdocs\neo\vendor\codeigniter4\framework\system\Database\MySQLi\Connection.php(331): mysqli->query('INSERT INTO `pa...')
#1 C:\xampp\htdocs\neo\vendor\codeigniter4\framework\system\Database\BaseConnection.php(738): CodeIgniter\Database\MySQLi\Connection->execute('INSERT INTO `pa...')
#2 C:\xampp\htdocs\neo\vendor\codeigniter4\framework\system\Database\BaseConnection.php(666): CodeIgniter\Database\BaseConnection->simpleQuery('INSERT INTO `pa...')
#3 C:\xampp\htdocs\neo\vendor\codeigniter4\framework\system\Database\BaseBuilder.php(2234): CodeIgniter\Database\BaseConnection->query('INSERT INTO `pa...', Array, false)
#4 C:\xampp\htdocs\neo\app\Controllers\Parts.php(137): CodeIgniter\Database\BaseBuilder->insert(Array)
#5 C:\xampp\htdocs\neo\vendor\codeigniter4\framework\system\CodeIgniter.php(914): App\Controllers\Parts->modify()
#6 C:\xampp\htdocs\neo\vendor\codeigniter4\framework\system\CodeIgniter.php(400): CodeIgniter\CodeIgniter->runController(Object(App\Controllers\Parts))
#7 C:\xampp\htdocs\neo\vendor\codeigniter4\framework\system\CodeIgniter.php(308): CodeIgniter\CodeIgniter->handleRequest(NULL, Object(Config\Cache), false)
#8 C:\xampp\htdocs\neo\public\index.php(45): CodeIgniter\CodeIgniter->run()
#9 C:\xampp\htdocs\neo\vendor\codeigniter4\framework\system\Commands\Server\rewrite.php(34): require_once('C:\\xampp\\htdocs...')
#10 {main}
CRITICAL - 2020-07-21 14:03:01 --> Column 'category' cannot be null
#0 C:\xampp\htdocs\neo\vendor\codeigniter4\framework\system\Database\MySQLi\Connection.php(331): mysqli->query('INSERT INTO `pa...')
#1 C:\xampp\htdocs\neo\vendor\codeigniter4\framework\system\Database\BaseConnection.php(738): CodeIgniter\Database\MySQLi\Connection->execute('INSERT INTO `pa...')
#2 C:\xampp\htdocs\neo\vendor\codeigniter4\framework\system\Database\BaseConnection.php(666): CodeIgniter\Database\BaseConnection->simpleQuery('INSERT INTO `pa...')
#3 C:\xampp\htdocs\neo\vendor\codeigniter4\framework\system\Database\BaseBuilder.php(2234): CodeIgniter\Database\BaseConnection->query('INSERT INTO `pa...', Array, false)
#4 C:\xampp\htdocs\neo\app\Controllers\Parts.php(136): CodeIgniter\Database\BaseBuilder->insert(Array)
#5 C:\xampp\htdocs\neo\vendor\codeigniter4\framework\system\CodeIgniter.php(914): App\Controllers\Parts->modify()
#6 C:\xampp\htdocs\neo\vendor\codeigniter4\framework\system\CodeIgniter.php(400): CodeIgniter\CodeIgniter->runController(Object(App\Controllers\Parts))
#7 C:\xampp\htdocs\neo\vendor\codeigniter4\framework\system\CodeIgniter.php(308): CodeIgniter\CodeIgniter->handleRequest(NULL, Object(Config\Cache), false)
#8 C:\xampp\htdocs\neo\public\index.php(45): CodeIgniter\CodeIgniter->run()
#9 C:\xampp\htdocs\neo\vendor\codeigniter4\framework\system\Commands\Server\rewrite.php(34): require_once('C:\\xampp\\htdocs...')
#10 {main}
CRITICAL - 2020-07-21 14:06:21 --> Call to undefined function App\Controllers\getPart()
#0 C:\xampp\htdocs\neo\vendor\codeigniter4\framework\system\CodeIgniter.php(914): App\Controllers\Parts->modify()
#1 C:\xampp\htdocs\neo\vendor\codeigniter4\framework\system\CodeIgniter.php(400): CodeIgniter\CodeIgniter->runController(Object(App\Controllers\Parts))
#2 C:\xampp\htdocs\neo\vendor\codeigniter4\framework\system\CodeIgniter.php(308): CodeIgniter\CodeIgniter->handleRequest(NULL, Object(Config\Cache), false)
#3 C:\xampp\htdocs\neo\public\index.php(45): CodeIgniter\CodeIgniter->run()
#4 C:\xampp\htdocs\neo\vendor\codeigniter4\framework\system\Commands\Server\rewrite.php(34): require_once('C:\\xampp\\htdocs...')
#5 {main}
CRITICAL - 2020-07-21 14:07:01 --> Call to undefined function App\Controllers\getPart()
#0 C:\xampp\htdocs\neo\vendor\codeigniter4\framework\system\CodeIgniter.php(914): App\Controllers\Parts->modify()
#1 C:\xampp\htdocs\neo\vendor\codeigniter4\framework\system\CodeIgniter.php(400): CodeIgniter\CodeIgniter->runController(Object(App\Controllers\Parts))
#2 C:\xampp\htdocs\neo\vendor\codeigniter4\framework\system\CodeIgniter.php(308): CodeIgniter\CodeIgniter->handleRequest(NULL, Object(Config\Cache), false)
#3 C:\xampp\htdocs\neo\public\index.php(45): CodeIgniter\CodeIgniter->run()
#4 C:\xampp\htdocs\neo\vendor\codeigniter4\framework\system\Commands\Server\rewrite.php(34): require_once('C:\\xampp\\htdocs...')
#5 {main}
CRITICAL - 2020-07-21 14:10:22 --> Allowed fields must be specified for model: App\Models\PartsModel
#0 C:\xampp\htdocs\neo\vendor\codeigniter4\framework\system\Model.php(1234): CodeIgniter\Database\Exceptions\DataException::forInvalidAllowedFields('App\\Models\\Part...')
#1 C:\xampp\htdocs\neo\vendor\codeigniter4\framework\system\Model.php(845): CodeIgniter\Model->doProtectFields(Array)
#2 C:\xampp\htdocs\neo\app\Controllers\Parts.php(144): CodeIgniter\Model->update()
#3 C:\xampp\htdocs\neo\vendor\codeigniter4\framework\system\CodeIgniter.php(914): App\Controllers\Parts->modify()
#4 C:\xampp\htdocs\neo\vendor\codeigniter4\framework\system\CodeIgniter.php(400): CodeIgniter\CodeIgniter->runController(Object(App\Controllers\Parts))
#5 C:\xampp\htdocs\neo\vendor\codeigniter4\framework\system\CodeIgniter.php(308): CodeIgniter\CodeIgniter->handleRequest(NULL, Object(Config\Cache), false)
#6 C:\xampp\htdocs\neo\public\index.php(45): CodeIgniter\CodeIgniter->run()
#7 C:\xampp\htdocs\neo\vendor\codeigniter4\framework\system\Commands\Server\rewrite.php(34): require_once('C:\\xampp\\htdocs...')
#8 {main}
CRITICAL - 2020-07-21 14:12:33 --> Unknown column 'updated_at' in 'field list'
#0 C:\xampp\htdocs\neo\vendor\codeigniter4\framework\system\Database\MySQLi\Connection.php(331): mysqli->query('UPDATE `parts` ...')
#1 C:\xampp\htdocs\neo\vendor\codeigniter4\framework\system\Database\BaseConnection.php(738): CodeIgniter\Database\MySQLi\Connection->execute('UPDATE `parts` ...')
#2 C:\xampp\htdocs\neo\vendor\codeigniter4\framework\system\Database\BaseConnection.php(666): CodeIgniter\Database\BaseConnection->simpleQuery('UPDATE `parts` ...')
#3 C:\xampp\htdocs\neo\vendor\codeigniter4\framework\system\Database\BaseBuilder.php(2441): CodeIgniter\Database\BaseConnection->query('UPDATE `parts` ...', Array, false)
#4 C:\xampp\htdocs\neo\vendor\codeigniter4\framework\system\Model.php(864): CodeIgniter\Database\BaseBuilder->update()
#5 C:\xampp\htdocs\neo\app\Controllers\Parts.php(144): CodeIgniter\Model->update()
#6 C:\xampp\htdocs\neo\vendor\codeigniter4\framework\system\CodeIgniter.php(914): App\Controllers\Parts->modify()
#7 C:\xampp\htdocs\neo\vendor\codeigniter4\framework\system\CodeIgniter.php(400): CodeIgniter\CodeIgniter->runController(Object(App\Controllers\Parts))
#8 C:\xampp\htdocs\neo\vendor\codeigniter4\framework\system\CodeIgniter.php(308): CodeIgniter\CodeIgniter->handleRequest(NULL, Object(Config\Cache), false)
#9 C:\xampp\htdocs\neo\public\index.php(45): CodeIgniter\CodeIgniter->run()
#10 C:\xampp\htdocs\neo\vendor\codeigniter4\framework\system\Commands\Server\rewrite.php(34): require_once('C:\\xampp\\htdocs...')
#11 {main}
CRITICAL - 2020-07-21 14:13:31 --> Unknown column 'updated_at' in 'field list'
#0 C:\xampp\htdocs\neo\vendor\codeigniter4\framework\system\Database\MySQLi\Connection.php(331): mysqli->query('UPDATE `parts` ...')
#1 C:\xampp\htdocs\neo\vendor\codeigniter4\framework\system\Database\BaseConnection.php(738): CodeIgniter\Database\MySQLi\Connection->execute('UPDATE `parts` ...')
#2 C:\xampp\htdocs\neo\vendor\codeigniter4\framework\system\Database\BaseConnection.php(666): CodeIgniter\Database\BaseConnection->simpleQuery('UPDATE `parts` ...')
#3 C:\xampp\htdocs\neo\vendor\codeigniter4\framework\system\Database\BaseBuilder.php(2441): CodeIgniter\Database\BaseConnection->query('UPDATE `parts` ...', Array, false)
#4 C:\xampp\htdocs\neo\vendor\codeigniter4\framework\system\Model.php(864): CodeIgniter\Database\BaseBuilder->update()
#5 C:\xampp\htdocs\neo\app\Controllers\Parts.php(144): CodeIgniter\Model->update()
#6 C:\xampp\htdocs\neo\vendor\codeigniter4\framework\system\CodeIgniter.php(914): App\Controllers\Parts->modify()
#7 C:\xampp\htdocs\neo\vendor\codeigniter4\framework\system\CodeIgniter.php(400): CodeIgniter\CodeIgniter->runController(Object(App\Controllers\Parts))
#8 C:\xampp\htdocs\neo\vendor\codeigniter4\framework\system\CodeIgniter.php(308): CodeIgniter\CodeIgniter->handleRequest(NULL, Object(Config\Cache), false)
#9 C:\xampp\htdocs\neo\public\index.php(45): CodeIgniter\CodeIgniter->run()
#10 C:\xampp\htdocs\neo\vendor\codeigniter4\framework\system\Commands\Server\rewrite.php(34): require_once('C:\\xampp\\htdocs...')
#11 {main}
CRITICAL - 2020-07-21 14:50:35 --> The original file is not a valid file.
#0 C:\xampp\htdocs\neo\vendor\codeigniter4\framework\system\HTTP\Files\UploadedFile.php(172): CodeIgniter\HTTP\Exceptions\HTTPException::forInvalidFile()
#1 C:\xampp\htdocs\neo\app\Controllers\Parts.php(171): CodeIgniter\HTTP\Files\UploadedFile->move('assets/img/part...')
#2 C:\xampp\htdocs\neo\vendor\codeigniter4\framework\system\CodeIgniter.php(914): App\Controllers\Parts->change()
#3 C:\xampp\htdocs\neo\vendor\codeigniter4\framework\system\CodeIgniter.php(400): CodeIgniter\CodeIgniter->runController(Object(App\Controllers\Parts))
#4 C:\xampp\htdocs\neo\vendor\codeigniter4\framework\system\CodeIgniter.php(308): CodeIgniter\CodeIgniter->handleRequest(NULL, Object(Config\Cache), false)
#5 C:\xampp\htdocs\neo\public\index.php(45): CodeIgniter\CodeIgniter->run()
#6 C:\xampp\htdocs\neo\vendor\codeigniter4\framework\system\Commands\Server\rewrite.php(34): require_once('C:\\xampp\\htdocs...')
#7 {main}
CRITICAL - 2020-07-21 14:58:21 --> Undefined variable: file
#0 C:\xampp\htdocs\neo\app\Controllers\Parts.php(172): CodeIgniter\Debug\Exceptions->errorHandler(8, 'Undefined varia...', 'C:\\xampp\\htdocs...', 172, Array)
#1 C:\xampp\htdocs\neo\vendor\codeigniter4\framework\system\CodeIgniter.php(914): App\Controllers\Parts->change()
#2 C:\xampp\htdocs\neo\vendor\codeigniter4\framework\system\CodeIgniter.php(400): CodeIgniter\CodeIgniter->runController(Object(App\Controllers\Parts))
#3 C:\xampp\htdocs\neo\vendor\codeigniter4\framework\system\CodeIgniter.php(308): CodeIgniter\CodeIgniter->handleRequest(NULL, Object(Config\Cache), false)
#4 C:\xampp\htdocs\neo\public\index.php(45): CodeIgniter\CodeIgniter->run()
#5 C:\xampp\htdocs\neo\vendor\codeigniter4\framework\system\Commands\Server\rewrite.php(34): require_once('C:\\xampp\\htdocs...')
#6 {main}
CRITICAL - 2020-07-21 15:01:48 --> The original file is not a valid file.
#0 C:\xampp\htdocs\neo\vendor\codeigniter4\framework\system\HTTP\Files\UploadedFile.php(172): CodeIgniter\HTTP\Exceptions\HTTPException::forInvalidFile()
#1 C:\xampp\htdocs\neo\app\Controllers\Parts.php(170): CodeIgniter\HTTP\Files\UploadedFile->move('assets/img/part...')
#2 C:\xampp\htdocs\neo\vendor\codeigniter4\framework\system\CodeIgniter.php(914): App\Controllers\Parts->change()
#3 C:\xampp\htdocs\neo\vendor\codeigniter4\framework\system\CodeIgniter.php(400): CodeIgniter\CodeIgniter->runController(Object(App\Controllers\Parts))
#4 C:\xampp\htdocs\neo\vendor\codeigniter4\framework\system\CodeIgniter.php(308): CodeIgniter\CodeIgniter->handleRequest(NULL, Object(Config\Cache), false)
#5 C:\xampp\htdocs\neo\public\index.php(45): CodeIgniter\CodeIgniter->run()
#6 C:\xampp\htdocs\neo\vendor\codeigniter4\framework\system\Commands\Server\rewrite.php(34): require_once('C:\\xampp\\htdocs...')
#7 {main}
CRITICAL - 2020-07-21 15:12:03 --> Undefined variable: namePhoto
#0 C:\xampp\htdocs\neo\app\Controllers\Parts.php(177): CodeIgniter\Debug\Exceptions->errorHandler(8, 'Undefined varia...', 'C:\\xampp\\htdocs...', 177, Array)
#1 C:\xampp\htdocs\neo\vendor\codeigniter4\framework\system\CodeIgniter.php(914): App\Controllers\Parts->change()
#2 C:\xampp\htdocs\neo\vendor\codeigniter4\framework\system\CodeIgniter.php(400): CodeIgniter\CodeIgniter->runController(Object(App\Controllers\Parts))
#3 C:\xampp\htdocs\neo\vendor\codeigniter4\framework\system\CodeIgniter.php(308): CodeIgniter\CodeIgniter->handleRequest(NULL, Object(Config\Cache), false)
#4 C:\xampp\htdocs\neo\public\index.php(45): CodeIgniter\CodeIgniter->run()
#5 C:\xampp\htdocs\neo\vendor\codeigniter4\framework\system\Commands\Server\rewrite.php(34): require_once('C:\\xampp\\htdocs...')
#6 {main}
CRITICAL - 2020-07-21 15:14:02 --> Undefined variable: namePhoto
#0 C:\xampp\htdocs\neo\app\Controllers\Parts.php(177): CodeIgniter\Debug\Exceptions->errorHandler(8, 'Undefined varia...', 'C:\\xampp\\htdocs...', 177, Array)
#1 C:\xampp\htdocs\neo\vendor\codeigniter4\framework\system\CodeIgniter.php(914): App\Controllers\Parts->change()
#2 C:\xampp\htdocs\neo\vendor\codeigniter4\framework\system\CodeIgniter.php(400): CodeIgniter\CodeIgniter->runController(Object(App\Controllers\Parts))
#3 C:\xampp\htdocs\neo\vendor\codeigniter4\framework\system\CodeIgniter.php(308): CodeIgniter\CodeIgniter->handleRequest(NULL, Object(Config\Cache), false)
#4 C:\xampp\htdocs\neo\public\index.php(45): CodeIgniter\CodeIgniter->run()
#5 C:\xampp\htdocs\neo\vendor\codeigniter4\framework\system\Commands\Server\rewrite.php(34): require_once('C:\\xampp\\htdocs...')
#6 {main}
CRITICAL - 2020-07-21 15:16:57 --> unlink(img/WMCELC-X38022024V.jpg): No such file or directory
#0 [internal function]: CodeIgniter\Debug\Exceptions->errorHandler(2, 'unlink(img/WMCE...', 'C:\\xampp\\htdocs...', 169, Array)
#1 C:\xampp\htdocs\neo\app\Controllers\Parts.php(169): unlink('img/WMCELC-X380...')
#2 C:\xampp\htdocs\neo\vendor\codeigniter4\framework\system\CodeIgniter.php(914): App\Controllers\Parts->change()
#3 C:\xampp\htdocs\neo\vendor\codeigniter4\framework\system\CodeIgniter.php(400): CodeIgniter\CodeIgniter->runController(Object(App\Controllers\Parts))
#4 C:\xampp\htdocs\neo\vendor\codeigniter4\framework\system\CodeIgniter.php(308): CodeIgniter\CodeIgniter->handleRequest(NULL, Object(Config\Cache), false)
#5 C:\xampp\htdocs\neo\public\index.php(45): CodeIgniter\CodeIgniter->run()
#6 C:\xampp\htdocs\neo\vendor\codeigniter4\framework\system\Commands\Server\rewrite.php(34): require_once('C:\\xampp\\htdocs...')
#7 {main}
CRITICAL - 2020-07-21 15:30:20 --> Object of class stdClass could not be converted to string
#0 C:\xampp\htdocs\neo\vendor\codeigniter4\framework\system\CodeIgniter.php(914): App\Controllers\Parts->change()
#1 C:\xampp\htdocs\neo\vendor\codeigniter4\framework\system\CodeIgniter.php(400): CodeIgniter\CodeIgniter->runController(Object(App\Controllers\Parts))
#2 C:\xampp\htdocs\neo\vendor\codeigniter4\framework\system\CodeIgniter.php(308): CodeIgniter\CodeIgniter->handleRequest(NULL, Object(Config\Cache), false)
#3 C:\xampp\htdocs\neo\public\index.php(45): CodeIgniter\CodeIgniter->run()
#4 C:\xampp\htdocs\neo\vendor\codeigniter4\framework\system\Commands\Server\rewrite.php(34): require_once('C:\\xampp\\htdocs...')
#5 {main}
CRITICAL - 2020-07-21 15:31:19 --> Cannot use object of type stdClass as array
#0 C:\xampp\htdocs\neo\vendor\codeigniter4\framework\system\CodeIgniter.php(914): App\Controllers\Parts->change()
#1 C:\xampp\htdocs\neo\vendor\codeigniter4\framework\system\CodeIgniter.php(400): CodeIgniter\CodeIgniter->runController(Object(App\Controllers\Parts))
#2 C:\xampp\htdocs\neo\vendor\codeigniter4\framework\system\CodeIgniter.php(308): CodeIgniter\CodeIgniter->handleRequest(NULL, Object(Config\Cache), false)
#3 C:\xampp\htdocs\neo\public\index.php(45): CodeIgniter\CodeIgniter->run()
#4 C:\xampp\htdocs\neo\vendor\codeigniter4\framework\system\Commands\Server\rewrite.php(34): require_once('C:\\xampp\\htdocs...')
#5 {main}
CRITICAL - 2020-07-21 15:31:52 --> unlink(img/): No such file or directory
#0 [internal function]: CodeIgniter\Debug\Exceptions->errorHandler(2, 'unlink(img/): N...', 'C:\\xampp\\htdocs...', 173, Array)
#1 C:\xampp\htdocs\neo\app\Controllers\Parts.php(173): unlink('img/')
#2 C:\xampp\htdocs\neo\vendor\codeigniter4\framework\system\CodeIgniter.php(914): App\Controllers\Parts->change()
#3 C:\xampp\htdocs\neo\vendor\codeigniter4\framework\system\CodeIgniter.php(400): CodeIgniter\CodeIgniter->runController(Object(App\Controllers\Parts))
#4 C:\xampp\htdocs\neo\vendor\codeigniter4\framework\system\CodeIgniter.php(308): CodeIgniter\CodeIgniter->handleRequest(NULL, Object(Config\Cache), false)
#5 C:\xampp\htdocs\neo\public\index.php(45): CodeIgniter\CodeIgniter->run()
#6 C:\xampp\htdocs\neo\vendor\codeigniter4\framework\system\Commands\Server\rewrite.php(34): require_once('C:\\xampp\\htdocs...')
#7 {main}
CRITICAL - 2020-07-21 15:33:20 --> unlink(assets/img/parts/): Is a directory
#0 [internal function]: CodeIgniter\Debug\Exceptions->errorHandler(2, 'unlink(assets/i...', 'C:\\xampp\\htdocs...', 173, Array)
#1 C:\xampp\htdocs\neo\app\Controllers\Parts.php(173): unlink('assets/img/part...')
#2 C:\xampp\htdocs\neo\vendor\codeigniter4\framework\system\CodeIgniter.php(914): App\Controllers\Parts->change()
#3 C:\xampp\htdocs\neo\vendor\codeigniter4\framework\system\CodeIgniter.php(400): CodeIgniter\CodeIgniter->runController(Object(App\Controllers\Parts))
#4 C:\xampp\htdocs\neo\vendor\codeigniter4\framework\system\CodeIgniter.php(308): CodeIgniter\CodeIgniter->handleRequest(NULL, Object(Config\Cache), false)
#5 C:\xampp\htdocs\neo\public\index.php(45): CodeIgniter\CodeIgniter->run()
#6 C:\xampp\htdocs\neo\vendor\codeigniter4\framework\system\Commands\Server\rewrite.php(34): require_once('C:\\xampp\\htdocs...')
#7 {main}
CRITICAL - 2020-07-21 15:35:29 --> unlink(assets/img/parts/): Is a directory
#0 [internal function]: CodeIgniter\Debug\Exceptions->errorHandler(2, 'unlink(assets/i...', 'C:\\xampp\\htdocs...', 173, Array)
#1 C:\xampp\htdocs\neo\app\Controllers\Parts.php(173): unlink('assets/img/part...')
#2 C:\xampp\htdocs\neo\vendor\codeigniter4\framework\system\CodeIgniter.php(914): App\Controllers\Parts->change()
#3 C:\xampp\htdocs\neo\vendor\codeigniter4\framework\system\CodeIgniter.php(400): CodeIgniter\CodeIgniter->runController(Object(App\Controllers\Parts))
#4 C:\xampp\htdocs\neo\vendor\codeigniter4\framework\system\CodeIgniter.php(308): CodeIgniter\CodeIgniter->handleRequest(NULL, Object(Config\Cache), false)
#5 C:\xampp\htdocs\neo\public\index.php(45): CodeIgniter\CodeIgniter->run()
#6 C:\xampp\htdocs\neo\vendor\codeigniter4\framework\system\Commands\Server\rewrite.php(34): require_once('C:\\xampp\\htdocs...')
#7 {main}
CRITICAL - 2020-07-21 15:36:38 --> Call to undefined method CodeIgniter\Database\MySQLi\Builder::find()
#0 C:\xampp\htdocs\neo\vendor\codeigniter4\framework\system\CodeIgniter.php(914): App\Controllers\Parts->change()
#1 C:\xampp\htdocs\neo\vendor\codeigniter4\framework\system\CodeIgniter.php(400): CodeIgniter\CodeIgniter->runController(Object(App\Controllers\Parts))
#2 C:\xampp\htdocs\neo\vendor\codeigniter4\framework\system\CodeIgniter.php(308): CodeIgniter\CodeIgniter->handleRequest(NULL, Object(Config\Cache), false)
#3 C:\xampp\htdocs\neo\public\index.php(45): CodeIgniter\CodeIgniter->run()
#4 C:\xampp\htdocs\neo\vendor\codeigniter4\framework\system\Commands\Server\rewrite.php(34): require_once('C:\\xampp\\htdocs...')
#5 {main}
CRITICAL - 2020-07-21 15:36:47 --> Call to undefined method CodeIgniter\Database\MySQLi\Builder::find()
#0 C:\xampp\htdocs\neo\vendor\codeigniter4\framework\system\CodeIgniter.php(914): App\Controllers\Parts->change()
#1 C:\xampp\htdocs\neo\vendor\codeigniter4\framework\system\CodeIgniter.php(400): CodeIgniter\CodeIgniter->runController(Object(App\Controllers\Parts))
#2 C:\xampp\htdocs\neo\vendor\codeigniter4\framework\system\CodeIgniter.php(308): CodeIgniter\CodeIgniter->handleRequest(NULL, Object(Config\Cache), false)
#3 C:\xampp\htdocs\neo\public\index.php(45): CodeIgniter\CodeIgniter->run()
#4 C:\xampp\htdocs\neo\vendor\codeigniter4\framework\system\Commands\Server\rewrite.php(34): require_once('C:\\xampp\\htdocs...')
#5 {main}
CRITICAL - 2020-07-21 15:47:32 --> Undefined variable: part
#0 C:\xampp\htdocs\neo\app\Controllers\Parts.php(188): CodeIgniter\Debug\Exceptions->errorHandler(8, 'Undefined varia...', 'C:\\xampp\\htdocs...', 188, Array)
#1 C:\xampp\htdocs\neo\vendor\codeigniter4\framework\system\CodeIgniter.php(914): App\Controllers\Parts->change()
#2 C:\xampp\htdocs\neo\vendor\codeigniter4\framework\system\CodeIgniter.php(400): CodeIgniter\CodeIgniter->runController(Object(App\Controllers\Parts))
#3 C:\xampp\htdocs\neo\vendor\codeigniter4\framework\system\CodeIgniter.php(308): CodeIgniter\CodeIgniter->handleRequest(NULL, Object(Config\Cache), false)
#4 C:\xampp\htdocs\neo\public\index.php(45): CodeIgniter\CodeIgniter->run()
#5 C:\xampp\htdocs\neo\vendor\codeigniter4\framework\system\Commands\Server\rewrite.php(34): require_once('C:\\xampp\\htdocs...')
#6 {main}
