CRITICAL - 2020-07-17 13:02:25 --> Call to a member function get() on array
#0 C:\xampp\htdocs\neo\vendor\codeigniter4\framework\system\CodeIgniter.php(914): App\Controllers\Cart->add()
#1 C:\xampp\htdocs\neo\vendor\codeigniter4\framework\system\CodeIgniter.php(400): CodeIgniter\CodeIgniter->runController(Object(App\Controllers\Cart))
#2 C:\xampp\htdocs\neo\vendor\codeigniter4\framework\system\CodeIgniter.php(308): CodeIgniter\CodeIgniter->handleRequest(NULL, Object(Config\Cache), false)
#3 C:\xampp\htdocs\neo\public\index.php(45): CodeIgniter\CodeIgniter->run()
#4 C:\xampp\htdocs\neo\vendor\codeigniter4\framework\system\Commands\Server\rewrite.php(34): require_once('C:\\xampp\\htdocs...')
#5 {main}
CRITICAL - 2020-07-17 14:16:57 --> Invalid file: part/index.php
#0 C:\xampp\htdocs\neo\vendor\codeigniter4\framework\system\View\View.php(228): CodeIgniter\Exceptions\FrameworkException::forInvalidFile('part/index.php')
#1 C:\xampp\htdocs\neo\vendor\codeigniter4\framework\system\Common.php(1087): CodeIgniter\View\View->render('part/index', Array, true)
#2 C:\xampp\htdocs\neo\app\Controllers\Parts.php(20): view('part/index', Array)
#3 C:\xampp\htdocs\neo\vendor\codeigniter4\framework\system\CodeIgniter.php(914): App\Controllers\Parts->index()
#4 C:\xampp\htdocs\neo\vendor\codeigniter4\framework\system\CodeIgniter.php(400): CodeIgniter\CodeIgniter->runController(Object(App\Controllers\Parts))
#5 C:\xampp\htdocs\neo\vendor\codeigniter4\framework\system\CodeIgniter.php(308): CodeIgniter\CodeIgniter->handleRequest(NULL, Object(Config\Cache), false)
#6 C:\xampp\htdocs\neo\public\index.php(45): CodeIgniter\CodeIgniter->run()
#7 C:\xampp\htdocs\neo\vendor\codeigniter4\framework\system\Commands\Server\rewrite.php(34): require_once('C:\\xampp\\htdocs...')
#8 {main}
CRITICAL - 2020-07-17 14:17:51 --> Invalid file: part/index.php
#0 C:\xampp\htdocs\neo\vendor\codeigniter4\framework\system\View\View.php(228): CodeIgniter\Exceptions\FrameworkException::forInvalidFile('part/index.php')
#1 C:\xampp\htdocs\neo\vendor\codeigniter4\framework\system\Common.php(1087): CodeIgniter\View\View->render('part/index', Array, true)
#2 C:\xampp\htdocs\neo\app\Controllers\Parts.php(20): view('part/index', Array)
#3 C:\xampp\htdocs\neo\vendor\codeigniter4\framework\system\CodeIgniter.php(914): App\Controllers\Parts->index()
#4 C:\xampp\htdocs\neo\vendor\codeigniter4\framework\system\CodeIgniter.php(400): CodeIgniter\CodeIgniter->runController(Object(App\Controllers\Parts))
#5 C:\xampp\htdocs\neo\vendor\codeigniter4\framework\system\CodeIgniter.php(308): CodeIgniter\CodeIgniter->handleRequest(NULL, Object(Config\Cache), false)
#6 C:\xampp\htdocs\neo\public\index.php(45): CodeIgniter\CodeIgniter->run()
#7 C:\xampp\htdocs\neo\vendor\codeigniter4\framework\system\Commands\Server\rewrite.php(34): require_once('C:\\xampp\\htdocs...')
#8 {main}
CRITICAL - 2020-07-17 14:18:20 --> Undefined variable: partsFav
#0 C:\xampp\htdocs\neo\app\Views\parts\index.php(19): CodeIgniter\Debug\Exceptions->errorHandler(8, 'Undefined varia...', 'C:\\xampp\\htdocs...', 19, Array)
#1 C:\xampp\htdocs\neo\vendor\codeigniter4\framework\system\View\View.php(246): include('C:\\xampp\\htdocs...')
#2 C:\xampp\htdocs\neo\vendor\codeigniter4\framework\system\Common.php(1087): CodeIgniter\View\View->render('parts/index', Array, true)
#3 C:\xampp\htdocs\neo\app\Controllers\Parts.php(20): view('parts/index', Array)
#4 C:\xampp\htdocs\neo\vendor\codeigniter4\framework\system\CodeIgniter.php(914): App\Controllers\Parts->index()
#5 C:\xampp\htdocs\neo\vendor\codeigniter4\framework\system\CodeIgniter.php(400): CodeIgniter\CodeIgniter->runController(Object(App\Controllers\Parts))
#6 C:\xampp\htdocs\neo\vendor\codeigniter4\framework\system\CodeIgniter.php(308): CodeIgniter\CodeIgniter->handleRequest(NULL, Object(Config\Cache), false)
#7 C:\xampp\htdocs\neo\public\index.php(45): CodeIgniter\CodeIgniter->run()
#8 C:\xampp\htdocs\neo\vendor\codeigniter4\framework\system\Commands\Server\rewrite.php(34): require_once('C:\\xampp\\htdocs...')
#9 {main}
