CRITICAL - 2020-07-22 07:38:41 --> Column 'discount' cannot be null
#0 C:\xampp\htdocs\neo\vendor\codeigniter4\framework\system\Database\MySQLi\Connection.php(331): mysqli->query('INSERT INTO `pa...')
#1 C:\xampp\htdocs\neo\vendor\codeigniter4\framework\system\Database\BaseConnection.php(738): CodeIgniter\Database\MySQLi\Connection->execute('INSERT INTO `pa...')
#2 C:\xampp\htdocs\neo\vendor\codeigniter4\framework\system\Database\BaseConnection.php(666): CodeIgniter\Database\BaseConnection->simpleQuery('INSERT INTO `pa...')
#3 C:\xampp\htdocs\neo\vendor\codeigniter4\framework\system\Database\BaseBuilder.php(2234): CodeIgniter\Database\BaseConnection->query('INSERT INTO `pa...', Array, false)
#4 C:\xampp\htdocs\neo\app\Controllers\Parts.php(136): CodeIgniter\Database\BaseBuilder->insert(Array)
#5 C:\xampp\htdocs\neo\vendor\codeigniter4\framework\system\CodeIgniter.php(914): App\Controllers\Parts->modify()
#6 C:\xampp\htdocs\neo\vendor\codeigniter4\framework\system\CodeIgniter.php(400): CodeIgniter\CodeIgniter->runController(Object(App\Controllers\Parts))
#7 C:\xampp\htdocs\neo\vendor\codeigniter4\framework\system\CodeIgniter.php(308): CodeIgniter\CodeIgniter->handleRequest(NULL, Object(Config\Cache), false)
#8 C:\xampp\htdocs\neo\public\index.php(45): CodeIgniter\CodeIgniter->run()
#9 C:\xampp\htdocs\neo\vendor\codeigniter4\framework\system\Commands\Server\rewrite.php(34): require_once('C:\\xampp\\htdocs...')
#10 {main}
CRITICAL - 2020-07-22 10:46:14 --> Undefined property: stdClass::$photo
#0 C:\xampp\htdocs\neo\app\Views\orders\request-resume.php(45): CodeIgniter\Debug\Exceptions->errorHandler(8, 'Undefined prope...', 'C:\\xampp\\htdocs...', 45, Array)
#1 C:\xampp\htdocs\neo\vendor\codeigniter4\framework\system\View\View.php(246): include('C:\\xampp\\htdocs...')
#2 C:\xampp\htdocs\neo\vendor\codeigniter4\framework\system\Common.php(1087): CodeIgniter\View\View->render('orders/request-...', Array, true)
#3 C:\xampp\htdocs\neo\app\Controllers\Order.php(73): view('orders/request-...', Array)
#4 C:\xampp\htdocs\neo\vendor\codeigniter4\framework\system\CodeIgniter.php(914): App\Controllers\Order->request('resume', 'ORD2007-001')
#5 C:\xampp\htdocs\neo\vendor\codeigniter4\framework\system\CodeIgniter.php(400): CodeIgniter\CodeIgniter->runController(Object(App\Controllers\Order))
#6 C:\xampp\htdocs\neo\vendor\codeigniter4\framework\system\CodeIgniter.php(308): CodeIgniter\CodeIgniter->handleRequest(NULL, Object(Config\Cache), false)
#7 C:\xampp\htdocs\neo\public\index.php(45): CodeIgniter\CodeIgniter->run()
#8 C:\xampp\htdocs\neo\vendor\codeigniter4\framework\system\Commands\Server\rewrite.php(34): require_once('C:\\xampp\\htdocs...')
#9 {main}
CRITICAL - 2020-07-22 11:38:29 --> Undefined property: stdClass::$photo
#0 C:\xampp\htdocs\neo\app\Views\layouts\template.php(82): CodeIgniter\Debug\Exceptions->errorHandler(8, 'Undefined prope...', 'C:\\xampp\\htdocs...', 82, Array)
#1 C:\xampp\htdocs\neo\vendor\codeigniter4\framework\system\View\View.php(246): include('C:\\xampp\\htdocs...')
#2 C:\xampp\htdocs\neo\vendor\codeigniter4\framework\system\View\View.php(257): CodeIgniter\View\View->render('layouts/templat...', Array, true)
#3 C:\xampp\htdocs\neo\vendor\codeigniter4\framework\system\Common.php(1087): CodeIgniter\View\View->render('dashboard/index', Array, true)
#4 C:\xampp\htdocs\neo\app\Controllers\Dashboard.php(66): view('dashboard/index', Array)
#5 C:\xampp\htdocs\neo\vendor\codeigniter4\framework\system\CodeIgniter.php(914): App\Controllers\Dashboard->index()
#6 C:\xampp\htdocs\neo\vendor\codeigniter4\framework\system\CodeIgniter.php(400): CodeIgniter\CodeIgniter->runController(Object(App\Controllers\Dashboard))
#7 C:\xampp\htdocs\neo\vendor\codeigniter4\framework\system\CodeIgniter.php(308): CodeIgniter\CodeIgniter->handleRequest(NULL, Object(Config\Cache), false)
#8 C:\xampp\htdocs\neo\public\index.php(45): CodeIgniter\CodeIgniter->run()
#9 C:\xampp\htdocs\neo\vendor\codeigniter4\framework\system\Commands\Server\rewrite.php(34): require_once('C:\\xampp\\htdocs...')
#10 {main}
CRITICAL - 2020-07-22 11:40:24 --> Undefined property: CodeIgniter\View\View::$partsModel
#0 C:\xampp\htdocs\neo\app\Views\layouts\template.php(77): CodeIgniter\Debug\Exceptions->errorHandler(8, 'Undefined prope...', 'C:\\xampp\\htdocs...', 77, Array)
#1 C:\xampp\htdocs\neo\vendor\codeigniter4\framework\system\View\View.php(246): include('C:\\xampp\\htdocs...')
#2 C:\xampp\htdocs\neo\vendor\codeigniter4\framework\system\View\View.php(257): CodeIgniter\View\View->render('layouts/templat...', Array, true)
#3 C:\xampp\htdocs\neo\vendor\codeigniter4\framework\system\Common.php(1087): CodeIgniter\View\View->render('dashboard/index', Array, true)
#4 C:\xampp\htdocs\neo\app\Controllers\Dashboard.php(66): view('dashboard/index', Array)
#5 C:\xampp\htdocs\neo\vendor\codeigniter4\framework\system\CodeIgniter.php(914): App\Controllers\Dashboard->index()
#6 C:\xampp\htdocs\neo\vendor\codeigniter4\framework\system\CodeIgniter.php(400): CodeIgniter\CodeIgniter->runController(Object(App\Controllers\Dashboard))
#7 C:\xampp\htdocs\neo\vendor\codeigniter4\framework\system\CodeIgniter.php(308): CodeIgniter\CodeIgniter->handleRequest(NULL, Object(Config\Cache), false)
#8 C:\xampp\htdocs\neo\public\index.php(45): CodeIgniter\CodeIgniter->run()
#9 C:\xampp\htdocs\neo\vendor\codeigniter4\framework\system\Commands\Server\rewrite.php(34): require_once('C:\\xampp\\htdocs...')
#10 {main}
CRITICAL - 2020-07-22 13:23:42 --> Undefined property: stdClass::$price
#0 C:\xampp\htdocs\neo\app\Views\layouts\template.php(95): CodeIgniter\Debug\Exceptions->errorHandler(8, 'Undefined prope...', 'C:\\xampp\\htdocs...', 95, Array)
#1 C:\xampp\htdocs\neo\vendor\codeigniter4\framework\system\View\View.php(246): include('C:\\xampp\\htdocs...')
#2 C:\xampp\htdocs\neo\vendor\codeigniter4\framework\system\View\View.php(257): CodeIgniter\View\View->render('layouts/templat...', Array, true)
#3 C:\xampp\htdocs\neo\vendor\codeigniter4\framework\system\Common.php(1087): CodeIgniter\View\View->render('dashboard/index', Array, true)
#4 C:\xampp\htdocs\neo\app\Controllers\Dashboard.php(66): view('dashboard/index', Array)
#5 C:\xampp\htdocs\neo\vendor\codeigniter4\framework\system\CodeIgniter.php(914): App\Controllers\Dashboard->index()
#6 C:\xampp\htdocs\neo\vendor\codeigniter4\framework\system\CodeIgniter.php(400): CodeIgniter\CodeIgniter->runController(Object(App\Controllers\Dashboard))
#7 C:\xampp\htdocs\neo\vendor\codeigniter4\framework\system\CodeIgniter.php(308): CodeIgniter\CodeIgniter->handleRequest(NULL, Object(Config\Cache), false)
#8 C:\xampp\htdocs\neo\public\index.php(45): CodeIgniter\CodeIgniter->run()
#9 C:\xampp\htdocs\neo\vendor\codeigniter4\framework\system\Commands\Server\rewrite.php(34): require_once('C:\\xampp\\htdocs...')
#10 {main}
CRITICAL - 2020-07-22 13:23:55 --> Undefined property: stdClass::$price
#0 C:\xampp\htdocs\neo\app\Views\layouts\template.php(95): CodeIgniter\Debug\Exceptions->errorHandler(8, 'Undefined prope...', 'C:\\xampp\\htdocs...', 95, Array)
#1 C:\xampp\htdocs\neo\vendor\codeigniter4\framework\system\View\View.php(246): include('C:\\xampp\\htdocs...')
#2 C:\xampp\htdocs\neo\vendor\codeigniter4\framework\system\View\View.php(257): CodeIgniter\View\View->render('layouts/templat...', Array, true)
#3 C:\xampp\htdocs\neo\vendor\codeigniter4\framework\system\Common.php(1087): CodeIgniter\View\View->render('dashboard/index', Array, true)
#4 C:\xampp\htdocs\neo\app\Controllers\Dashboard.php(66): view('dashboard/index', Array)
#5 C:\xampp\htdocs\neo\vendor\codeigniter4\framework\system\CodeIgniter.php(914): App\Controllers\Dashboard->index()
#6 C:\xampp\htdocs\neo\vendor\codeigniter4\framework\system\CodeIgniter.php(400): CodeIgniter\CodeIgniter->runController(Object(App\Controllers\Dashboard))
#7 C:\xampp\htdocs\neo\vendor\codeigniter4\framework\system\CodeIgniter.php(308): CodeIgniter\CodeIgniter->handleRequest(NULL, Object(Config\Cache), false)
#8 C:\xampp\htdocs\neo\public\index.php(45): CodeIgniter\CodeIgniter->run()
#9 C:\xampp\htdocs\neo\vendor\codeigniter4\framework\system\Commands\Server\rewrite.php(34): require_once('C:\\xampp\\htdocs...')
#10 {main}
CRITICAL - 2020-07-22 15:34:34 --> Undefined property: stdClass::$price
#0 C:\xampp\htdocs\neo\app\Views\orders\request-resume.php(41): CodeIgniter\Debug\Exceptions->errorHandler(8, 'Undefined prope...', 'C:\\xampp\\htdocs...', 41, Array)
#1 C:\xampp\htdocs\neo\vendor\codeigniter4\framework\system\View\View.php(246): include('C:\\xampp\\htdocs...')
#2 C:\xampp\htdocs\neo\vendor\codeigniter4\framework\system\Common.php(1087): CodeIgniter\View\View->render('orders/request-...', Array, true)
#3 C:\xampp\htdocs\neo\app\Controllers\Order.php(73): view('orders/request-...', Array)
#4 C:\xampp\htdocs\neo\vendor\codeigniter4\framework\system\CodeIgniter.php(914): App\Controllers\Order->request('resume', 'ORD2007-001')
#5 C:\xampp\htdocs\neo\vendor\codeigniter4\framework\system\CodeIgniter.php(400): CodeIgniter\CodeIgniter->runController(Object(App\Controllers\Order))
#6 C:\xampp\htdocs\neo\vendor\codeigniter4\framework\system\CodeIgniter.php(308): CodeIgniter\CodeIgniter->handleRequest(NULL, Object(Config\Cache), false)
#7 C:\xampp\htdocs\neo\public\index.php(45): CodeIgniter\CodeIgniter->run()
#8 C:\xampp\htdocs\neo\vendor\codeigniter4\framework\system\Commands\Server\rewrite.php(34): require_once('C:\\xampp\\htdocs...')
#9 {main}
