CRITICAL - 2020-07-13 09:38:49 --> Undefined property: stdClass::$part
#0 C:\xampp\htdocs\warehouse\app\Views\layouts\template.php(75): CodeIgniter\Debug\Exceptions->errorHandler(8, 'Undefined prope...', 'C:\\xampp\\htdocs...', 75, Array)
#1 C:\xampp\htdocs\warehouse\vendor\codeigniter4\framework\system\View\View.php(246): include('C:\\xampp\\htdocs...')
#2 C:\xampp\htdocs\warehouse\vendor\codeigniter4\framework\system\View\View.php(257): CodeIgniter\View\View->render('layouts/templat...', Array, true)
#3 C:\xampp\htdocs\warehouse\vendor\codeigniter4\framework\system\Common.php(1087): CodeIgniter\View\View->render('dashboard/index', Array, true)
#4 C:\xampp\htdocs\warehouse\app\Controllers\Dashboard.php(29): view('dashboard/index', Array)
#5 C:\xampp\htdocs\warehouse\vendor\codeigniter4\framework\system\CodeIgniter.php(914): App\Controllers\Dashboard->index()
#6 C:\xampp\htdocs\warehouse\vendor\codeigniter4\framework\system\CodeIgniter.php(400): CodeIgniter\CodeIgniter->runController(Object(App\Controllers\Dashboard))
#7 C:\xampp\htdocs\warehouse\vendor\codeigniter4\framework\system\CodeIgniter.php(308): CodeIgniter\CodeIgniter->handleRequest(NULL, Object(Config\Cache), false)
#8 C:\xampp\htdocs\warehouse\public\index.php(45): CodeIgniter\CodeIgniter->run()
#9 C:\xampp\htdocs\warehouse\vendor\codeigniter4\framework\system\Commands\Server\rewrite.php(34): require_once('C:\\xampp\\htdocs...')
#10 {main}
CRITICAL - 2020-07-13 09:51:33 --> Undefined property: stdClass::$part
#0 C:\xampp\htdocs\warehouse\app\Controllers\Cart.php(114): CodeIgniter\Debug\Exceptions->errorHandler(8, 'Undefined prope...', 'C:\\xampp\\htdocs...', 114, Array)
#1 C:\xampp\htdocs\warehouse\vendor\codeigniter4\framework\system\CodeIgniter.php(914): App\Controllers\Cart->order()
#2 C:\xampp\htdocs\warehouse\vendor\codeigniter4\framework\system\CodeIgniter.php(400): CodeIgniter\CodeIgniter->runController(Object(App\Controllers\Cart))
#3 C:\xampp\htdocs\warehouse\vendor\codeigniter4\framework\system\CodeIgniter.php(308): CodeIgniter\CodeIgniter->handleRequest(NULL, Object(Config\Cache), false)
#4 C:\xampp\htdocs\warehouse\public\index.php(45): CodeIgniter\CodeIgniter->run()
#5 C:\xampp\htdocs\warehouse\vendor\codeigniter4\framework\system\Commands\Server\rewrite.php(34): require_once('C:\\xampp\\htdocs...')
#6 {main}
CRITICAL - 2020-07-13 09:52:30 --> Undefined variable: part_name
#0 C:\xampp\htdocs\warehouse\app\Controllers\Cart.php(115): CodeIgniter\Debug\Exceptions->errorHandler(8, 'Undefined varia...', 'C:\\xampp\\htdocs...', 115, Array)
#1 C:\xampp\htdocs\warehouse\vendor\codeigniter4\framework\system\CodeIgniter.php(914): App\Controllers\Cart->order()
#2 C:\xampp\htdocs\warehouse\vendor\codeigniter4\framework\system\CodeIgniter.php(400): CodeIgniter\CodeIgniter->runController(Object(App\Controllers\Cart))
#3 C:\xampp\htdocs\warehouse\vendor\codeigniter4\framework\system\CodeIgniter.php(308): CodeIgniter\CodeIgniter->handleRequest(NULL, Object(Config\Cache), false)
#4 C:\xampp\htdocs\warehouse\public\index.php(45): CodeIgniter\CodeIgniter->run()
#5 C:\xampp\htdocs\warehouse\vendor\codeigniter4\framework\system\Commands\Server\rewrite.php(34): require_once('C:\\xampp\\htdocs...')
#6 {main}
CRITICAL - 2020-07-13 11:55:03 --> Duplicate entry 'ORD-2007003' for key 'PRIMARY'
#0 C:\xampp\htdocs\warehouse\vendor\codeigniter4\framework\system\Database\MySQLi\Connection.php(331): mysqli->query('INSERT INTO `or...')
#1 C:\xampp\htdocs\warehouse\vendor\codeigniter4\framework\system\Database\BaseConnection.php(738): CodeIgniter\Database\MySQLi\Connection->execute('INSERT INTO `or...')
#2 C:\xampp\htdocs\warehouse\vendor\codeigniter4\framework\system\Database\BaseConnection.php(666): CodeIgniter\Database\BaseConnection->simpleQuery('INSERT INTO `or...')
#3 C:\xampp\htdocs\warehouse\vendor\codeigniter4\framework\system\Database\BaseBuilder.php(2234): CodeIgniter\Database\BaseConnection->query('INSERT INTO `or...', Array, false)
#4 C:\xampp\htdocs\warehouse\vendor\codeigniter4\framework\system\Model.php(729): CodeIgniter\Database\BaseBuilder->insert()
#5 C:\xampp\htdocs\warehouse\app\Controllers\Cart.php(143): CodeIgniter\Model->insert(Array)
#6 C:\xampp\htdocs\warehouse\vendor\codeigniter4\framework\system\CodeIgniter.php(914): App\Controllers\Cart->order()
#7 C:\xampp\htdocs\warehouse\vendor\codeigniter4\framework\system\CodeIgniter.php(400): CodeIgniter\CodeIgniter->runController(Object(App\Controllers\Cart))
#8 C:\xampp\htdocs\warehouse\vendor\codeigniter4\framework\system\CodeIgniter.php(308): CodeIgniter\CodeIgniter->handleRequest(NULL, Object(Config\Cache), false)
#9 C:\xampp\htdocs\warehouse\public\index.php(45): CodeIgniter\CodeIgniter->run()
#10 C:\xampp\htdocs\warehouse\vendor\codeigniter4\framework\system\Commands\Server\rewrite.php(34): require_once('C:\\xampp\\htdocs...')
#11 {main}
CRITICAL - 2020-07-13 01:45:37 --> Unknown column 'price' in 'field list'
#0 C:\xampp\htdocs\warehouse\vendor\codeigniter4\framework\system\Database\MySQLi\Connection.php(331): mysqli->query('UPDATE `orders_...')
#1 C:\xampp\htdocs\warehouse\vendor\codeigniter4\framework\system\Database\BaseConnection.php(738): CodeIgniter\Database\MySQLi\Connection->execute('UPDATE `orders_...')
#2 C:\xampp\htdocs\warehouse\vendor\codeigniter4\framework\system\Database\BaseConnection.php(666): CodeIgniter\Database\BaseConnection->simpleQuery('UPDATE `orders_...')
#3 C:\xampp\htdocs\warehouse\vendor\codeigniter4\framework\system\Database\BaseBuilder.php(2441): CodeIgniter\Database\BaseConnection->query('UPDATE `orders_...', Array, false)
#4 C:\xampp\htdocs\warehouse\app\Controllers\Order.php(104): CodeIgniter\Database\BaseBuilder->update()
#5 C:\xampp\htdocs\warehouse\vendor\codeigniter4\framework\system\CodeIgniter.php(914): App\Controllers\Order->update_price()
#6 C:\xampp\htdocs\warehouse\vendor\codeigniter4\framework\system\CodeIgniter.php(400): CodeIgniter\CodeIgniter->runController(Object(App\Controllers\Order))
#7 C:\xampp\htdocs\warehouse\vendor\codeigniter4\framework\system\CodeIgniter.php(308): CodeIgniter\CodeIgniter->handleRequest(NULL, Object(Config\Cache), false)
#8 C:\xampp\htdocs\warehouse\public\index.php(45): CodeIgniter\CodeIgniter->run()
#9 C:\xampp\htdocs\warehouse\vendor\codeigniter4\framework\system\Commands\Server\rewrite.php(34): require_once('C:\\xampp\\htdocs...')
#10 {main}
CRITICAL - 2020-07-13 03:02:54 --> Invalid file: orders/request-resume.php
#0 C:\xampp\htdocs\warehouse\vendor\codeigniter4\framework\system\View\View.php(228): CodeIgniter\Exceptions\FrameworkException::forInvalidFile('orders/request-...')
#1 C:\xampp\htdocs\warehouse\vendor\codeigniter4\framework\system\Common.php(1087): CodeIgniter\View\View->render('orders/request-...', Array, true)
#2 C:\xampp\htdocs\warehouse\app\Controllers\Order.php(70): view('orders/request-...', Array)
#3 C:\xampp\htdocs\warehouse\vendor\codeigniter4\framework\system\CodeIgniter.php(914): App\Controllers\Order->request('resume', 'ORD-2007001')
#4 C:\xampp\htdocs\warehouse\vendor\codeigniter4\framework\system\CodeIgniter.php(400): CodeIgniter\CodeIgniter->runController(Object(App\Controllers\Order))
#5 C:\xampp\htdocs\warehouse\vendor\codeigniter4\framework\system\CodeIgniter.php(308): CodeIgniter\CodeIgniter->handleRequest(NULL, Object(Config\Cache), false)
#6 C:\xampp\htdocs\warehouse\public\index.php(45): CodeIgniter\CodeIgniter->run()
#7 C:\xampp\htdocs\warehouse\vendor\codeigniter4\framework\system\Commands\Server\rewrite.php(34): require_once('C:\\xampp\\htdocs...')
#8 {main}
CRITICAL - 2020-07-13 03:03:21 --> Call to undefined method stdClass::getResult()
#0 C:\xampp\htdocs\warehouse\vendor\codeigniter4\framework\system\View\View.php(246): include()
#1 C:\xampp\htdocs\warehouse\vendor\codeigniter4\framework\system\Common.php(1087): CodeIgniter\View\View->render('orders/request-...', Array, true)
#2 C:\xampp\htdocs\warehouse\app\Controllers\Order.php(70): view('orders/request-...', Array)
#3 C:\xampp\htdocs\warehouse\vendor\codeigniter4\framework\system\CodeIgniter.php(914): App\Controllers\Order->request('resume', 'ORD-2007001')
#4 C:\xampp\htdocs\warehouse\vendor\codeigniter4\framework\system\CodeIgniter.php(400): CodeIgniter\CodeIgniter->runController(Object(App\Controllers\Order))
#5 C:\xampp\htdocs\warehouse\vendor\codeigniter4\framework\system\CodeIgniter.php(308): CodeIgniter\CodeIgniter->handleRequest(NULL, Object(Config\Cache), false)
#6 C:\xampp\htdocs\warehouse\public\index.php(45): CodeIgniter\CodeIgniter->run()
#7 C:\xampp\htdocs\warehouse\vendor\codeigniter4\framework\system\Commands\Server\rewrite.php(34): require_once('C:\\xampp\\htdocs...')
#8 {main}
CRITICAL - 2020-07-13 20:08:13 --> A non well formed numeric value encountered
#0 C:\xampp\htdocs\warehouse\app\Controllers\Order.php(154): CodeIgniter\Debug\Exceptions->errorHandler(8, 'A non well form...', 'C:\\xampp\\htdocs...', 154, Array)
#1 C:\xampp\htdocs\warehouse\vendor\codeigniter4\framework\system\CodeIgniter.php(914): App\Controllers\Order->discount()
#2 C:\xampp\htdocs\warehouse\vendor\codeigniter4\framework\system\CodeIgniter.php(400): CodeIgniter\CodeIgniter->runController(Object(App\Controllers\Order))
#3 C:\xampp\htdocs\warehouse\vendor\codeigniter4\framework\system\CodeIgniter.php(308): CodeIgniter\CodeIgniter->handleRequest(NULL, Object(Config\Cache), false)
#4 C:\xampp\htdocs\warehouse\public\index.php(45): CodeIgniter\CodeIgniter->run()
#5 C:\xampp\htdocs\warehouse\vendor\codeigniter4\framework\system\Commands\Server\rewrite.php(34): require_once('C:\\xampp\\htdocs...')
#6 {main}
CRITICAL - 2020-07-13 20:10:58 --> A non well formed numeric value encountered
#0 C:\xampp\htdocs\warehouse\app\Controllers\Order.php(156): CodeIgniter\Debug\Exceptions->errorHandler(8, 'A non well form...', 'C:\\xampp\\htdocs...', 156, Array)
#1 C:\xampp\htdocs\warehouse\vendor\codeigniter4\framework\system\CodeIgniter.php(914): App\Controllers\Order->discount()
#2 C:\xampp\htdocs\warehouse\vendor\codeigniter4\framework\system\CodeIgniter.php(400): CodeIgniter\CodeIgniter->runController(Object(App\Controllers\Order))
#3 C:\xampp\htdocs\warehouse\vendor\codeigniter4\framework\system\CodeIgniter.php(308): CodeIgniter\CodeIgniter->handleRequest(NULL, Object(Config\Cache), false)
#4 C:\xampp\htdocs\warehouse\public\index.php(45): CodeIgniter\CodeIgniter->run()
#5 C:\xampp\htdocs\warehouse\vendor\codeigniter4\framework\system\Commands\Server\rewrite.php(34): require_once('C:\\xampp\\htdocs...')
#6 {main}
CRITICAL - 2020-07-13 20:20:22 --> A non well formed numeric value encountered
#0 C:\xampp\htdocs\warehouse\app\Controllers\Order.php(154): CodeIgniter\Debug\Exceptions->errorHandler(8, 'A non well form...', 'C:\\xampp\\htdocs...', 154, Array)
#1 C:\xampp\htdocs\warehouse\vendor\codeigniter4\framework\system\CodeIgniter.php(914): App\Controllers\Order->discount()
#2 C:\xampp\htdocs\warehouse\vendor\codeigniter4\framework\system\CodeIgniter.php(400): CodeIgniter\CodeIgniter->runController(Object(App\Controllers\Order))
#3 C:\xampp\htdocs\warehouse\vendor\codeigniter4\framework\system\CodeIgniter.php(308): CodeIgniter\CodeIgniter->handleRequest(NULL, Object(Config\Cache), false)
#4 C:\xampp\htdocs\warehouse\public\index.php(45): CodeIgniter\CodeIgniter->run()
#5 C:\xampp\htdocs\warehouse\vendor\codeigniter4\framework\system\Commands\Server\rewrite.php(34): require_once('C:\\xampp\\htdocs...')
#6 {main}
CRITICAL - 2020-07-13 20:44:48 --> Undefined property: stdClass::$discount_percent
#0 C:\xampp\htdocs\warehouse\app\Views\orders\request-cart.php(53): CodeIgniter\Debug\Exceptions->errorHandler(8, 'Undefined prope...', 'C:\\xampp\\htdocs...', 53, Array)
#1 C:\xampp\htdocs\warehouse\vendor\codeigniter4\framework\system\View\View.php(246): include('C:\\xampp\\htdocs...')
#2 C:\xampp\htdocs\warehouse\vendor\codeigniter4\framework\system\Common.php(1087): CodeIgniter\View\View->render('orders/request-...', Array, true)
#3 C:\xampp\htdocs\warehouse\app\Controllers\Order.php(68): view('orders/request-...', Array)
#4 C:\xampp\htdocs\warehouse\vendor\codeigniter4\framework\system\CodeIgniter.php(914): App\Controllers\Order->request('cart', 'ORD-2007001')
#5 C:\xampp\htdocs\warehouse\vendor\codeigniter4\framework\system\CodeIgniter.php(400): CodeIgniter\CodeIgniter->runController(Object(App\Controllers\Order))
#6 C:\xampp\htdocs\warehouse\vendor\codeigniter4\framework\system\CodeIgniter.php(308): CodeIgniter\CodeIgniter->handleRequest(NULL, Object(Config\Cache), false)
#7 C:\xampp\htdocs\warehouse\public\index.php(45): CodeIgniter\CodeIgniter->run()
#8 C:\xampp\htdocs\warehouse\vendor\codeigniter4\framework\system\Commands\Server\rewrite.php(34): require_once('C:\\xampp\\htdocs...')
#9 {main}
CRITICAL - 2020-07-13 21:20:35 --> CodeIgniter\Autoloader\Autoloader::main(): Failed opening required 'C:\xampp\htdocs\warehouse\app\third_party/guzzle/autoload.php' (include_path='C:\xampp\php\PEAR')
#0 [internal function]: CodeIgniter\Debug\Exceptions->shutdownHandler()
#1 {main}
CRITICAL - 2020-07-13 21:20:58 --> CodeIgniter\Autoloader\Autoloader::main(): Failed opening required 'C:\xampp\htdocs\warehouse\app\/third_party/guzzle/autoload.php' (include_path='C:\xampp\php\PEAR')
#0 [internal function]: CodeIgniter\Debug\Exceptions->shutdownHandler()
#1 {main}
CRITICAL - 2020-07-13 21:21:23 --> CodeIgniter\Autoloader\Autoloader::main(): Failed opening required 'C:\xampp\htdocs\warehouse\app\third_party\guzzle\autoload.php' (include_path='C:\xampp\php\PEAR')
#0 [internal function]: CodeIgniter\Debug\Exceptions->shutdownHandler()
#1 {main}
CRITICAL - 2020-07-13 21:25:06 --> Constant expression contains invalid operations
#0 [internal function]: CodeIgniter\Debug\Exceptions->shutdownHandler()
#1 {main}
CRITICAL - 2020-07-13 21:26:57 --> syntax error, unexpected 'public' (T_PUBLIC), expecting ';' or ','
#0 C:\xampp\htdocs\warehouse\vendor\codeigniter4\framework\system\Autoloader\Autoloader.php(296): CodeIgniter\Autoloader\Autoloader->requireFile('C:\\xampp\\htdocs...')
#1 C:\xampp\htdocs\warehouse\vendor\codeigniter4\framework\system\Autoloader\Autoloader.php(258): CodeIgniter\Autoloader\Autoloader->loadInNamespace('App\\Controllers...')
#2 [internal function]: CodeIgniter\Autoloader\Autoloader->loadClass('App\\Controllers...')
#3 C:\xampp\htdocs\warehouse\app\Controllers\Dashboard.php(7): spl_autoload_call('App\\Controllers...')
#4 C:\xampp\htdocs\warehouse\vendor\codeigniter4\framework\system\Autoloader\Autoloader.php(365): require_once('C:\\xampp\\htdocs...')
#5 C:\xampp\htdocs\warehouse\vendor\codeigniter4\framework\system\Autoloader\Autoloader.php(296): CodeIgniter\Autoloader\Autoloader->requireFile('C:\\xampp\\htdocs...')
#6 C:\xampp\htdocs\warehouse\vendor\codeigniter4\framework\system\Autoloader\Autoloader.php(258): CodeIgniter\Autoloader\Autoloader->loadInNamespace('App\\Controllers...')
#7 [internal function]: CodeIgniter\Autoloader\Autoloader->loadClass('App\\Controllers...')
#8 [internal function]: spl_autoload_call('App\\Controllers...')
#9 C:\xampp\htdocs\warehouse\vendor\codeigniter4\framework\system\CodeIgniter.php(865): class_exists('\\App\\Controller...', true)
#10 C:\xampp\htdocs\warehouse\vendor\codeigniter4\framework\system\CodeIgniter.php(390): CodeIgniter\CodeIgniter->startController()
#11 C:\xampp\htdocs\warehouse\vendor\codeigniter4\framework\system\CodeIgniter.php(308): CodeIgniter\CodeIgniter->handleRequest(NULL, Object(Config\Cache), false)
#12 C:\xampp\htdocs\warehouse\public\index.php(45): CodeIgniter\CodeIgniter->run()
#13 C:\xampp\htdocs\warehouse\vendor\codeigniter4\framework\system\Commands\Server\rewrite.php(34): require_once('C:\\xampp\\htdocs...')
#14 {main}
CRITICAL - 2020-07-13 21:27:17 --> Call to a member function post() on null
#0 C:\xampp\htdocs\warehouse\vendor\codeigniter4\framework\system\CodeIgniter.php(914): App\Controllers\Dashboard->index()
#1 C:\xampp\htdocs\warehouse\vendor\codeigniter4\framework\system\CodeIgniter.php(400): CodeIgniter\CodeIgniter->runController(Object(App\Controllers\Dashboard))
#2 C:\xampp\htdocs\warehouse\vendor\codeigniter4\framework\system\CodeIgniter.php(308): CodeIgniter\CodeIgniter->handleRequest(NULL, Object(Config\Cache), false)
#3 C:\xampp\htdocs\warehouse\public\index.php(45): CodeIgniter\CodeIgniter->run()
#4 C:\xampp\htdocs\warehouse\vendor\codeigniter4\framework\system\Commands\Server\rewrite.php(34): require_once('C:\\xampp\\htdocs...')
#5 {main}
CRITICAL - 2020-07-13 21:27:50 --> Undefined variable: client
#0 C:\xampp\htdocs\warehouse\app\Controllers\Dashboard.php(22): CodeIgniter\Debug\Exceptions->errorHandler(8, 'Undefined varia...', 'C:\\xampp\\htdocs...', 22, Array)
#1 C:\xampp\htdocs\warehouse\vendor\codeigniter4\framework\system\CodeIgniter.php(914): App\Controllers\Dashboard->index()
#2 C:\xampp\htdocs\warehouse\vendor\codeigniter4\framework\system\CodeIgniter.php(400): CodeIgniter\CodeIgniter->runController(Object(App\Controllers\Dashboard))
#3 C:\xampp\htdocs\warehouse\vendor\codeigniter4\framework\system\CodeIgniter.php(308): CodeIgniter\CodeIgniter->handleRequest(NULL, Object(Config\Cache), false)
#4 C:\xampp\htdocs\warehouse\public\index.php(45): CodeIgniter\CodeIgniter->run()
#5 C:\xampp\htdocs\warehouse\vendor\codeigniter4\framework\system\Commands\Server\rewrite.php(34): require_once('C:\\xampp\\htdocs...')
#6 {main}
CRITICAL - 2020-07-13 21:28:06 --> Undefined variable: client
#0 C:\xampp\htdocs\warehouse\app\Controllers\Dashboard.php(22): CodeIgniter\Debug\Exceptions->errorHandler(8, 'Undefined varia...', 'C:\\xampp\\htdocs...', 22, Array)
#1 C:\xampp\htdocs\warehouse\vendor\codeigniter4\framework\system\CodeIgniter.php(914): App\Controllers\Dashboard->index()
#2 C:\xampp\htdocs\warehouse\vendor\codeigniter4\framework\system\CodeIgniter.php(400): CodeIgniter\CodeIgniter->runController(Object(App\Controllers\Dashboard))
#3 C:\xampp\htdocs\warehouse\vendor\codeigniter4\framework\system\CodeIgniter.php(308): CodeIgniter\CodeIgniter->handleRequest(NULL, Object(Config\Cache), false)
#4 C:\xampp\htdocs\warehouse\public\index.php(45): CodeIgniter\CodeIgniter->run()
#5 C:\xampp\htdocs\warehouse\vendor\codeigniter4\framework\system\Commands\Server\rewrite.php(34): require_once('C:\\xampp\\htdocs...')
#6 {main}
CRITICAL - 2020-07-13 21:29:00 --> Undefined variable: client
#0 C:\xampp\htdocs\warehouse\app\Controllers\Dashboard.php(22): CodeIgniter\Debug\Exceptions->errorHandler(8, 'Undefined varia...', 'C:\\xampp\\htdocs...', 22, Array)
#1 C:\xampp\htdocs\warehouse\vendor\codeigniter4\framework\system\CodeIgniter.php(914): App\Controllers\Dashboard->index()
#2 C:\xampp\htdocs\warehouse\vendor\codeigniter4\framework\system\CodeIgniter.php(400): CodeIgniter\CodeIgniter->runController(Object(App\Controllers\Dashboard))
#3 C:\xampp\htdocs\warehouse\vendor\codeigniter4\framework\system\CodeIgniter.php(308): CodeIgniter\CodeIgniter->handleRequest(NULL, Object(Config\Cache), false)
#4 C:\xampp\htdocs\warehouse\public\index.php(45): CodeIgniter\CodeIgniter->run()
#5 C:\xampp\htdocs\warehouse\vendor\codeigniter4\framework\system\Commands\Server\rewrite.php(34): require_once('C:\\xampp\\htdocs...')
#6 {main}
