CRITICAL - 2020-07-14 01:44:48 --> Undefined property: stdClass::$Username
#0 C:\xampp\htdocs\warehouse\app\Views\users\index.php(147): CodeIgniter\Debug\Exceptions->errorHandler(8, 'Undefined prope...', 'C:\\xampp\\htdocs...', 147, Array)
#1 C:\xampp\htdocs\warehouse\vendor\codeigniter4\framework\system\View\View.php(246): include('C:\\xampp\\htdocs...')
#2 C:\xampp\htdocs\warehouse\vendor\codeigniter4\framework\system\Common.php(1087): CodeIgniter\View\View->render('users/index', Array, true)
#3 C:\xampp\htdocs\warehouse\app\Controllers\Users.php(22): view('users/index', Array)
#4 C:\xampp\htdocs\warehouse\vendor\codeigniter4\framework\system\CodeIgniter.php(914): App\Controllers\Users->index()
#5 C:\xampp\htdocs\warehouse\vendor\codeigniter4\framework\system\CodeIgniter.php(400): CodeIgniter\CodeIgniter->runController(Object(App\Controllers\Users))
#6 C:\xampp\htdocs\warehouse\vendor\codeigniter4\framework\system\CodeIgniter.php(308): CodeIgniter\CodeIgniter->handleRequest(NULL, Object(Config\Cache), false)
#7 C:\xampp\htdocs\warehouse\public\index.php(45): CodeIgniter\CodeIgniter->run()
#8 C:\xampp\htdocs\warehouse\vendor\codeigniter4\framework\system\Commands\Server\rewrite.php(34): require_once('C:\\xampp\\htdocs...')
#9 {main}
CRITICAL - 2020-07-14 01:44:55 --> Undefined property: stdClass::$name
#0 C:\xampp\htdocs\warehouse\app\Views\users\index.php(148): CodeIgniter\Debug\Exceptions->errorHandler(8, 'Undefined prope...', 'C:\\xampp\\htdocs...', 148, Array)
#1 C:\xampp\htdocs\warehouse\vendor\codeigniter4\framework\system\View\View.php(246): include('C:\\xampp\\htdocs...')
#2 C:\xampp\htdocs\warehouse\vendor\codeigniter4\framework\system\Common.php(1087): CodeIgniter\View\View->render('users/index', Array, true)
#3 C:\xampp\htdocs\warehouse\app\Controllers\Users.php(22): view('users/index', Array)
#4 C:\xampp\htdocs\warehouse\vendor\codeigniter4\framework\system\CodeIgniter.php(914): App\Controllers\Users->index()
#5 C:\xampp\htdocs\warehouse\vendor\codeigniter4\framework\system\CodeIgniter.php(400): CodeIgniter\CodeIgniter->runController(Object(App\Controllers\Users))
#6 C:\xampp\htdocs\warehouse\vendor\codeigniter4\framework\system\CodeIgniter.php(308): CodeIgniter\CodeIgniter->handleRequest(NULL, Object(Config\Cache), false)
#7 C:\xampp\htdocs\warehouse\public\index.php(45): CodeIgniter\CodeIgniter->run()
#8 C:\xampp\htdocs\warehouse\vendor\codeigniter4\framework\system\Commands\Server\rewrite.php(34): require_once('C:\\xampp\\htdocs...')
#9 {main}
CRITICAL - 2020-07-14 14:37:44 --> You have an error in your SQL syntax; check the manual that corresponds to your MariaDB server version for the right syntax to use near 'AND `user_menu`.`is_active` = 1
                                ORDER BY `user_' at line 5
#0 C:\xampp\htdocs\warehouse\vendor\codeigniter4\framework\system\Database\MySQLi\Connection.php(331): mysqli->query('SELECT `user_me...')
#1 C:\xampp\htdocs\warehouse\vendor\codeigniter4\framework\system\Database\BaseConnection.php(738): CodeIgniter\Database\MySQLi\Connection->execute('SELECT `user_me...')
#2 C:\xampp\htdocs\warehouse\vendor\codeigniter4\framework\system\Database\BaseConnection.php(666): CodeIgniter\Database\BaseConnection->simpleQuery('SELECT `user_me...')
#3 C:\xampp\htdocs\warehouse\app\Views\layouts\sidebar.php(61): CodeIgniter\Database\BaseConnection->query('SELECT `user_me...')
#4 C:\xampp\htdocs\warehouse\vendor\codeigniter4\framework\system\View\View.php(246): include('C:\\xampp\\htdocs...')
#5 C:\xampp\htdocs\warehouse\vendor\codeigniter4\framework\system\View\View.php(525): CodeIgniter\View\View->render('layouts/sidebar', NULL, true)
#6 C:\xampp\htdocs\warehouse\app\Views\layouts\template.php(24): CodeIgniter\View\View->include('layouts/sidebar')
#7 C:\xampp\htdocs\warehouse\vendor\codeigniter4\framework\system\View\View.php(246): include('C:\\xampp\\htdocs...')
#8 C:\xampp\htdocs\warehouse\vendor\codeigniter4\framework\system\View\View.php(257): CodeIgniter\View\View->render('layouts/templat...', Array, true)
#9 C:\xampp\htdocs\warehouse\vendor\codeigniter4\framework\system\Common.php(1087): CodeIgniter\View\View->render('users/index', Array, true)
#10 C:\xampp\htdocs\warehouse\app\Controllers\Users.php(22): view('users/index', Array)
#11 C:\xampp\htdocs\warehouse\vendor\codeigniter4\framework\system\CodeIgniter.php(914): App\Controllers\Users->index()
#12 C:\xampp\htdocs\warehouse\vendor\codeigniter4\framework\system\CodeIgniter.php(400): CodeIgniter\CodeIgniter->runController(Object(App\Controllers\Users))
#13 C:\xampp\htdocs\warehouse\vendor\codeigniter4\framework\system\CodeIgniter.php(308): CodeIgniter\CodeIgniter->handleRequest(NULL, Object(Config\Cache), false)
#14 C:\xampp\htdocs\warehouse\public\index.php(45): CodeIgniter\CodeIgniter->run()
#15 C:\xampp\htdocs\warehouse\vendor\codeigniter4\framework\system\Commands\Server\rewrite.php(34): require_once('C:\\xampp\\htdocs...')
#16 {main}
CRITICAL - 2020-07-14 03:17:28 --> Undefined property: stdClass::$id
#0 C:\xampp\htdocs\warehouse\app\Views\auth\register.php(130): CodeIgniter\Debug\Exceptions->errorHandler(8, 'Undefined prope...', 'C:\\xampp\\htdocs...', 130, Array)
#1 C:\xampp\htdocs\warehouse\vendor\codeigniter4\framework\system\View\View.php(246): include('C:\\xampp\\htdocs...')
#2 C:\xampp\htdocs\warehouse\vendor\codeigniter4\framework\system\Common.php(1087): CodeIgniter\View\View->render('auth/register', Array, true)
#3 C:\xampp\htdocs\warehouse\app\Controllers\Auth.php(24): view('auth/register')
#4 C:\xampp\htdocs\warehouse\vendor\codeigniter4\framework\system\CodeIgniter.php(914): App\Controllers\Auth->register()
#5 C:\xampp\htdocs\warehouse\vendor\codeigniter4\framework\system\CodeIgniter.php(400): CodeIgniter\CodeIgniter->runController(Object(App\Controllers\Auth))
#6 C:\xampp\htdocs\warehouse\vendor\codeigniter4\framework\system\CodeIgniter.php(308): CodeIgniter\CodeIgniter->handleRequest(NULL, Object(Config\Cache), false)
#7 C:\xampp\htdocs\warehouse\public\index.php(45): CodeIgniter\CodeIgniter->run()
#8 C:\xampp\htdocs\warehouse\vendor\codeigniter4\framework\system\Commands\Server\rewrite.php(34): require_once('C:\\xampp\\htdocs...')
#9 {main}
