CRITICAL - 2020-07-03 09:11:42 --> You have an error in your SQL syntax; check the manual that corresponds to your MariaDB server version for the right syntax to use near 'AND `user_menu`.`is_active` = 1
                                ORDER BY `user_' at line 5
#0 C:\xampp\htdocs\warehouse\vendor\codeigniter4\framework\system\Database\MySQLi\Connection.php(331): mysqli->query('SELECT `user_me...')
#1 C:\xampp\htdocs\warehouse\vendor\codeigniter4\framework\system\Database\BaseConnection.php(738): CodeIgniter\Database\MySQLi\Connection->execute('SELECT `user_me...')
#2 C:\xampp\htdocs\warehouse\vendor\codeigniter4\framework\system\Database\BaseConnection.php(666): CodeIgniter\Database\BaseConnection->simpleQuery('SELECT `user_me...')
#3 C:\xampp\htdocs\warehouse\app\Views\layouts\sidebar.php(61): CodeIgniter\Database\BaseConnection->query('SELECT `user_me...')
#4 C:\xampp\htdocs\warehouse\vendor\codeigniter4\framework\system\View\View.php(246): include('C:\\xampp\\htdocs...')
#5 C:\xampp\htdocs\warehouse\vendor\codeigniter4\framework\system\View\View.php(525): CodeIgniter\View\View->render('layouts/sidebar', NULL, true)
#6 C:\xampp\htdocs\warehouse\app\Views\layouts\template.php(24): CodeIgniter\View\View->include('layouts/sidebar')
#7 C:\xampp\htdocs\warehouse\vendor\codeigniter4\framework\system\View\View.php(246): include('C:\\xampp\\htdocs...')
#8 C:\xampp\htdocs\warehouse\vendor\codeigniter4\framework\system\View\View.php(257): CodeIgniter\View\View->render('layouts/templat...', Array, true)
#9 C:\xampp\htdocs\warehouse\vendor\codeigniter4\framework\system\Common.php(1087): CodeIgniter\View\View->render('dashboard/index', Array, true)
#10 C:\xampp\htdocs\warehouse\app\Controllers\Dashboard.php(24): view('dashboard/index', Array)
#11 C:\xampp\htdocs\warehouse\vendor\codeigniter4\framework\system\CodeIgniter.php(914): App\Controllers\Dashboard->index()
#12 C:\xampp\htdocs\warehouse\vendor\codeigniter4\framework\system\CodeIgniter.php(400): CodeIgniter\CodeIgniter->runController(Object(App\Controllers\Dashboard))
#13 C:\xampp\htdocs\warehouse\vendor\codeigniter4\framework\system\CodeIgniter.php(308): CodeIgniter\CodeIgniter->handleRequest(NULL, Object(Config\Cache), false)
#14 C:\xampp\htdocs\warehouse\public\index.php(45): CodeIgniter\CodeIgniter->run()
#15 C:\xampp\htdocs\warehouse\vendor\codeigniter4\framework\system\Commands\Server\rewrite.php(34): require_once('C:\\xampp\\htdocs...')
#16 {main}
CRITICAL - 2020-07-03 09:14:10 --> You have an error in your SQL syntax; check the manual that corresponds to your MariaDB server version for the right syntax to use near 'AND `user_menu`.`is_active` = 1
                                ORDER BY `user_' at line 5
#0 C:\xampp\htdocs\warehouse\vendor\codeigniter4\framework\system\Database\MySQLi\Connection.php(331): mysqli->query('SELECT `user_me...')
#1 C:\xampp\htdocs\warehouse\vendor\codeigniter4\framework\system\Database\BaseConnection.php(738): CodeIgniter\Database\MySQLi\Connection->execute('SELECT `user_me...')
#2 C:\xampp\htdocs\warehouse\vendor\codeigniter4\framework\system\Database\BaseConnection.php(666): CodeIgniter\Database\BaseConnection->simpleQuery('SELECT `user_me...')
#3 C:\xampp\htdocs\warehouse\app\Views\layouts\sidebar.php(61): CodeIgniter\Database\BaseConnection->query('SELECT `user_me...')
#4 C:\xampp\htdocs\warehouse\vendor\codeigniter4\framework\system\View\View.php(246): include('C:\\xampp\\htdocs...')
#5 C:\xampp\htdocs\warehouse\vendor\codeigniter4\framework\system\View\View.php(525): CodeIgniter\View\View->render('layouts/sidebar', NULL, true)
#6 C:\xampp\htdocs\warehouse\app\Views\layouts\template.php(24): CodeIgniter\View\View->include('layouts/sidebar')
#7 C:\xampp\htdocs\warehouse\vendor\codeigniter4\framework\system\View\View.php(246): include('C:\\xampp\\htdocs...')
#8 C:\xampp\htdocs\warehouse\vendor\codeigniter4\framework\system\View\View.php(257): CodeIgniter\View\View->render('layouts/templat...', Array, true)
#9 C:\xampp\htdocs\warehouse\vendor\codeigniter4\framework\system\Common.php(1087): CodeIgniter\View\View->render('dashboard/index', Array, true)
#10 C:\xampp\htdocs\warehouse\app\Controllers\Dashboard.php(22): view('dashboard/index', Array)
#11 C:\xampp\htdocs\warehouse\vendor\codeigniter4\framework\system\CodeIgniter.php(914): App\Controllers\Dashboard->index()
#12 C:\xampp\htdocs\warehouse\vendor\codeigniter4\framework\system\CodeIgniter.php(400): CodeIgniter\CodeIgniter->runController(Object(App\Controllers\Dashboard))
#13 C:\xampp\htdocs\warehouse\vendor\codeigniter4\framework\system\CodeIgniter.php(308): CodeIgniter\CodeIgniter->handleRequest(NULL, Object(Config\Cache), false)
#14 C:\xampp\htdocs\warehouse\public\index.php(45): CodeIgniter\CodeIgniter->run()
#15 C:\xampp\htdocs\warehouse\vendor\codeigniter4\framework\system\Commands\Server\rewrite.php(34): require_once('C:\\xampp\\htdocs...')
#16 {main}
CRITICAL - 2020-07-03 09:14:11 --> You have an error in your SQL syntax; check the manual that corresponds to your MariaDB server version for the right syntax to use near 'AND `user_menu`.`is_active` = 1
                                ORDER BY `user_' at line 5
#0 C:\xampp\htdocs\warehouse\vendor\codeigniter4\framework\system\Database\MySQLi\Connection.php(331): mysqli->query('SELECT `user_me...')
#1 C:\xampp\htdocs\warehouse\vendor\codeigniter4\framework\system\Database\BaseConnection.php(738): CodeIgniter\Database\MySQLi\Connection->execute('SELECT `user_me...')
#2 C:\xampp\htdocs\warehouse\vendor\codeigniter4\framework\system\Database\BaseConnection.php(666): CodeIgniter\Database\BaseConnection->simpleQuery('SELECT `user_me...')
#3 C:\xampp\htdocs\warehouse\app\Views\layouts\sidebar.php(61): CodeIgniter\Database\BaseConnection->query('SELECT `user_me...')
#4 C:\xampp\htdocs\warehouse\vendor\codeigniter4\framework\system\View\View.php(246): include('C:\\xampp\\htdocs...')
#5 C:\xampp\htdocs\warehouse\vendor\codeigniter4\framework\system\View\View.php(525): CodeIgniter\View\View->render('layouts/sidebar', NULL, true)
#6 C:\xampp\htdocs\warehouse\app\Views\layouts\template.php(24): CodeIgniter\View\View->include('layouts/sidebar')
#7 C:\xampp\htdocs\warehouse\vendor\codeigniter4\framework\system\View\View.php(246): include('C:\\xampp\\htdocs...')
#8 C:\xampp\htdocs\warehouse\vendor\codeigniter4\framework\system\View\View.php(257): CodeIgniter\View\View->render('layouts/templat...', Array, true)
#9 C:\xampp\htdocs\warehouse\vendor\codeigniter4\framework\system\Common.php(1087): CodeIgniter\View\View->render('dashboard/index', Array, true)
#10 C:\xampp\htdocs\warehouse\app\Controllers\Dashboard.php(22): view('dashboard/index', Array)
#11 C:\xampp\htdocs\warehouse\vendor\codeigniter4\framework\system\CodeIgniter.php(914): App\Controllers\Dashboard->index()
#12 C:\xampp\htdocs\warehouse\vendor\codeigniter4\framework\system\CodeIgniter.php(400): CodeIgniter\CodeIgniter->runController(Object(App\Controllers\Dashboard))
#13 C:\xampp\htdocs\warehouse\vendor\codeigniter4\framework\system\CodeIgniter.php(308): CodeIgniter\CodeIgniter->handleRequest(NULL, Object(Config\Cache), false)
#14 C:\xampp\htdocs\warehouse\public\index.php(45): CodeIgniter\CodeIgniter->run()
#15 C:\xampp\htdocs\warehouse\vendor\codeigniter4\framework\system\Commands\Server\rewrite.php(34): require_once('C:\\xampp\\htdocs...')
#16 {main}
CRITICAL - 2020-07-03 09:14:13 --> You have an error in your SQL syntax; check the manual that corresponds to your MariaDB server version for the right syntax to use near 'AND `user_menu`.`is_active` = 1
                                ORDER BY `user_' at line 5
#0 C:\xampp\htdocs\warehouse\vendor\codeigniter4\framework\system\Database\MySQLi\Connection.php(331): mysqli->query('SELECT `user_me...')
#1 C:\xampp\htdocs\warehouse\vendor\codeigniter4\framework\system\Database\BaseConnection.php(738): CodeIgniter\Database\MySQLi\Connection->execute('SELECT `user_me...')
#2 C:\xampp\htdocs\warehouse\vendor\codeigniter4\framework\system\Database\BaseConnection.php(666): CodeIgniter\Database\BaseConnection->simpleQuery('SELECT `user_me...')
#3 C:\xampp\htdocs\warehouse\app\Views\layouts\sidebar.php(61): CodeIgniter\Database\BaseConnection->query('SELECT `user_me...')
#4 C:\xampp\htdocs\warehouse\vendor\codeigniter4\framework\system\View\View.php(246): include('C:\\xampp\\htdocs...')
#5 C:\xampp\htdocs\warehouse\vendor\codeigniter4\framework\system\View\View.php(525): CodeIgniter\View\View->render('layouts/sidebar', NULL, true)
#6 C:\xampp\htdocs\warehouse\app\Views\layouts\template.php(24): CodeIgniter\View\View->include('layouts/sidebar')
#7 C:\xampp\htdocs\warehouse\vendor\codeigniter4\framework\system\View\View.php(246): include('C:\\xampp\\htdocs...')
#8 C:\xampp\htdocs\warehouse\vendor\codeigniter4\framework\system\View\View.php(257): CodeIgniter\View\View->render('layouts/templat...', Array, true)
#9 C:\xampp\htdocs\warehouse\vendor\codeigniter4\framework\system\Common.php(1087): CodeIgniter\View\View->render('dashboard/index', Array, true)
#10 C:\xampp\htdocs\warehouse\app\Controllers\Dashboard.php(22): view('dashboard/index', Array)
#11 C:\xampp\htdocs\warehouse\vendor\codeigniter4\framework\system\CodeIgniter.php(914): App\Controllers\Dashboard->index()
#12 C:\xampp\htdocs\warehouse\vendor\codeigniter4\framework\system\CodeIgniter.php(400): CodeIgniter\CodeIgniter->runController(Object(App\Controllers\Dashboard))
#13 C:\xampp\htdocs\warehouse\vendor\codeigniter4\framework\system\CodeIgniter.php(308): CodeIgniter\CodeIgniter->handleRequest(NULL, Object(Config\Cache), false)
#14 C:\xampp\htdocs\warehouse\public\index.php(45): CodeIgniter\CodeIgniter->run()
#15 C:\xampp\htdocs\warehouse\vendor\codeigniter4\framework\system\Commands\Server\rewrite.php(34): require_once('C:\\xampp\\htdocs...')
#16 {main}
CRITICAL - 2020-07-03 09:15:31 --> You have an error in your SQL syntax; check the manual that corresponds to your MariaDB server version for the right syntax to use near 'AND `user_menu`.`is_active` = 1
                                ORDER BY `user_' at line 5
#0 C:\xampp\htdocs\warehouse\vendor\codeigniter4\framework\system\Database\MySQLi\Connection.php(331): mysqli->query('SELECT `user_me...')
#1 C:\xampp\htdocs\warehouse\vendor\codeigniter4\framework\system\Database\BaseConnection.php(738): CodeIgniter\Database\MySQLi\Connection->execute('SELECT `user_me...')
#2 C:\xampp\htdocs\warehouse\vendor\codeigniter4\framework\system\Database\BaseConnection.php(666): CodeIgniter\Database\BaseConnection->simpleQuery('SELECT `user_me...')
#3 C:\xampp\htdocs\warehouse\app\Views\layouts\sidebar.php(61): CodeIgniter\Database\BaseConnection->query('SELECT `user_me...')
#4 C:\xampp\htdocs\warehouse\vendor\codeigniter4\framework\system\View\View.php(246): include('C:\\xampp\\htdocs...')
#5 C:\xampp\htdocs\warehouse\vendor\codeigniter4\framework\system\View\View.php(525): CodeIgniter\View\View->render('layouts/sidebar', NULL, true)
#6 C:\xampp\htdocs\warehouse\app\Views\layouts\template.php(24): CodeIgniter\View\View->include('layouts/sidebar')
#7 C:\xampp\htdocs\warehouse\vendor\codeigniter4\framework\system\View\View.php(246): include('C:\\xampp\\htdocs...')
#8 C:\xampp\htdocs\warehouse\vendor\codeigniter4\framework\system\View\View.php(257): CodeIgniter\View\View->render('layouts/templat...', Array, true)
#9 C:\xampp\htdocs\warehouse\vendor\codeigniter4\framework\system\Common.php(1087): CodeIgniter\View\View->render('dashboard/index', Array, true)
#10 C:\xampp\htdocs\warehouse\app\Controllers\Dashboard.php(25): view('dashboard/index', Array)
#11 C:\xampp\htdocs\warehouse\vendor\codeigniter4\framework\system\CodeIgniter.php(914): App\Controllers\Dashboard->index()
#12 C:\xampp\htdocs\warehouse\vendor\codeigniter4\framework\system\CodeIgniter.php(400): CodeIgniter\CodeIgniter->runController(Object(App\Controllers\Dashboard))
#13 C:\xampp\htdocs\warehouse\vendor\codeigniter4\framework\system\CodeIgniter.php(308): CodeIgniter\CodeIgniter->handleRequest(NULL, Object(Config\Cache), false)
#14 C:\xampp\htdocs\warehouse\public\index.php(45): CodeIgniter\CodeIgniter->run()
#15 C:\xampp\htdocs\warehouse\vendor\codeigniter4\framework\system\Commands\Server\rewrite.php(34): require_once('C:\\xampp\\htdocs...')
#16 {main}
CRITICAL - 2020-07-03 09:15:32 --> You have an error in your SQL syntax; check the manual that corresponds to your MariaDB server version for the right syntax to use near 'AND `user_menu`.`is_active` = 1
                                ORDER BY `user_' at line 5
#0 C:\xampp\htdocs\warehouse\vendor\codeigniter4\framework\system\Database\MySQLi\Connection.php(331): mysqli->query('SELECT `user_me...')
#1 C:\xampp\htdocs\warehouse\vendor\codeigniter4\framework\system\Database\BaseConnection.php(738): CodeIgniter\Database\MySQLi\Connection->execute('SELECT `user_me...')
#2 C:\xampp\htdocs\warehouse\vendor\codeigniter4\framework\system\Database\BaseConnection.php(666): CodeIgniter\Database\BaseConnection->simpleQuery('SELECT `user_me...')
#3 C:\xampp\htdocs\warehouse\app\Views\layouts\sidebar.php(61): CodeIgniter\Database\BaseConnection->query('SELECT `user_me...')
#4 C:\xampp\htdocs\warehouse\vendor\codeigniter4\framework\system\View\View.php(246): include('C:\\xampp\\htdocs...')
#5 C:\xampp\htdocs\warehouse\vendor\codeigniter4\framework\system\View\View.php(525): CodeIgniter\View\View->render('layouts/sidebar', NULL, true)
#6 C:\xampp\htdocs\warehouse\app\Views\layouts\template.php(24): CodeIgniter\View\View->include('layouts/sidebar')
#7 C:\xampp\htdocs\warehouse\vendor\codeigniter4\framework\system\View\View.php(246): include('C:\\xampp\\htdocs...')
#8 C:\xampp\htdocs\warehouse\vendor\codeigniter4\framework\system\View\View.php(257): CodeIgniter\View\View->render('layouts/templat...', Array, true)
#9 C:\xampp\htdocs\warehouse\vendor\codeigniter4\framework\system\Common.php(1087): CodeIgniter\View\View->render('dashboard/index', Array, true)
#10 C:\xampp\htdocs\warehouse\app\Controllers\Dashboard.php(25): view('dashboard/index', Array)
#11 C:\xampp\htdocs\warehouse\vendor\codeigniter4\framework\system\CodeIgniter.php(914): App\Controllers\Dashboard->index()
#12 C:\xampp\htdocs\warehouse\vendor\codeigniter4\framework\system\CodeIgniter.php(400): CodeIgniter\CodeIgniter->runController(Object(App\Controllers\Dashboard))
#13 C:\xampp\htdocs\warehouse\vendor\codeigniter4\framework\system\CodeIgniter.php(308): CodeIgniter\CodeIgniter->handleRequest(NULL, Object(Config\Cache), false)
#14 C:\xampp\htdocs\warehouse\public\index.php(45): CodeIgniter\CodeIgniter->run()
#15 C:\xampp\htdocs\warehouse\vendor\codeigniter4\framework\system\Commands\Server\rewrite.php(34): require_once('C:\\xampp\\htdocs...')
#16 {main}
CRITICAL - 2020-07-03 09:16:48 --> You have an error in your SQL syntax; check the manual that corresponds to your MariaDB server version for the right syntax to use near 'AND `user_menu`.`is_active` = 1
                                ORDER BY `user_' at line 5
#0 C:\xampp\htdocs\warehouse\vendor\codeigniter4\framework\system\Database\MySQLi\Connection.php(331): mysqli->query('SELECT `user_me...')
#1 C:\xampp\htdocs\warehouse\vendor\codeigniter4\framework\system\Database\BaseConnection.php(738): CodeIgniter\Database\MySQLi\Connection->execute('SELECT `user_me...')
#2 C:\xampp\htdocs\warehouse\vendor\codeigniter4\framework\system\Database\BaseConnection.php(666): CodeIgniter\Database\BaseConnection->simpleQuery('SELECT `user_me...')
#3 C:\xampp\htdocs\warehouse\app\Views\layouts\sidebar.php(61): CodeIgniter\Database\BaseConnection->query('SELECT `user_me...')
#4 C:\xampp\htdocs\warehouse\vendor\codeigniter4\framework\system\View\View.php(246): include('C:\\xampp\\htdocs...')
#5 C:\xampp\htdocs\warehouse\vendor\codeigniter4\framework\system\View\View.php(525): CodeIgniter\View\View->render('layouts/sidebar', NULL, true)
#6 C:\xampp\htdocs\warehouse\app\Views\layouts\template.php(24): CodeIgniter\View\View->include('layouts/sidebar')
#7 C:\xampp\htdocs\warehouse\vendor\codeigniter4\framework\system\View\View.php(246): include('C:\\xampp\\htdocs...')
#8 C:\xampp\htdocs\warehouse\vendor\codeigniter4\framework\system\View\View.php(257): CodeIgniter\View\View->render('layouts/templat...', Array, true)
#9 C:\xampp\htdocs\warehouse\vendor\codeigniter4\framework\system\Common.php(1087): CodeIgniter\View\View->render('dashboard/index', Array, true)
#10 C:\xampp\htdocs\warehouse\app\Controllers\Dashboard.php(24): view('dashboard/index', Array)
#11 C:\xampp\htdocs\warehouse\vendor\codeigniter4\framework\system\CodeIgniter.php(914): App\Controllers\Dashboard->index()
#12 C:\xampp\htdocs\warehouse\vendor\codeigniter4\framework\system\CodeIgniter.php(400): CodeIgniter\CodeIgniter->runController(Object(App\Controllers\Dashboard))
#13 C:\xampp\htdocs\warehouse\vendor\codeigniter4\framework\system\CodeIgniter.php(308): CodeIgniter\CodeIgniter->handleRequest(NULL, Object(Config\Cache), false)
#14 C:\xampp\htdocs\warehouse\public\index.php(45): CodeIgniter\CodeIgniter->run()
#15 C:\xampp\htdocs\warehouse\vendor\codeigniter4\framework\system\Commands\Server\rewrite.php(34): require_once('C:\\xampp\\htdocs...')
#16 {main}
CRITICAL - 2020-07-03 09:18:35 --> You have an error in your SQL syntax; check the manual that corresponds to your MariaDB server version for the right syntax to use near 'AND `user_menu`.`is_active` = 1
                                ORDER BY `user_' at line 5
#0 C:\xampp\htdocs\warehouse\vendor\codeigniter4\framework\system\Database\MySQLi\Connection.php(331): mysqli->query('SELECT `user_me...')
#1 C:\xampp\htdocs\warehouse\vendor\codeigniter4\framework\system\Database\BaseConnection.php(738): CodeIgniter\Database\MySQLi\Connection->execute('SELECT `user_me...')
#2 C:\xampp\htdocs\warehouse\vendor\codeigniter4\framework\system\Database\BaseConnection.php(666): CodeIgniter\Database\BaseConnection->simpleQuery('SELECT `user_me...')
#3 C:\xampp\htdocs\warehouse\app\Views\layouts\sidebar.php(61): CodeIgniter\Database\BaseConnection->query('SELECT `user_me...')
#4 C:\xampp\htdocs\warehouse\vendor\codeigniter4\framework\system\View\View.php(246): include('C:\\xampp\\htdocs...')
#5 C:\xampp\htdocs\warehouse\vendor\codeigniter4\framework\system\View\View.php(525): CodeIgniter\View\View->render('layouts/sidebar', NULL, true)
#6 C:\xampp\htdocs\warehouse\app\Views\layouts\template.php(24): CodeIgniter\View\View->include('layouts/sidebar')
#7 C:\xampp\htdocs\warehouse\vendor\codeigniter4\framework\system\View\View.php(246): include('C:\\xampp\\htdocs...')
#8 C:\xampp\htdocs\warehouse\vendor\codeigniter4\framework\system\View\View.php(257): CodeIgniter\View\View->render('layouts/templat...', Array, true)
#9 C:\xampp\htdocs\warehouse\vendor\codeigniter4\framework\system\Common.php(1087): CodeIgniter\View\View->render('dashboard/index', Array, true)
#10 C:\xampp\htdocs\warehouse\app\Controllers\Dashboard.php(24): view('dashboard/index', Array)
#11 C:\xampp\htdocs\warehouse\vendor\codeigniter4\framework\system\CodeIgniter.php(914): App\Controllers\Dashboard->index()
#12 C:\xampp\htdocs\warehouse\vendor\codeigniter4\framework\system\CodeIgniter.php(400): CodeIgniter\CodeIgniter->runController(Object(App\Controllers\Dashboard))
#13 C:\xampp\htdocs\warehouse\vendor\codeigniter4\framework\system\CodeIgniter.php(308): CodeIgniter\CodeIgniter->handleRequest(NULL, Object(Config\Cache), false)
#14 C:\xampp\htdocs\warehouse\public\index.php(45): CodeIgniter\CodeIgniter->run()
#15 C:\xampp\htdocs\warehouse\vendor\codeigniter4\framework\system\Commands\Server\rewrite.php(34): require_once('C:\\xampp\\htdocs...')
#16 {main}
CRITICAL - 2020-07-03 09:18:52 --> You have an error in your SQL syntax; check the manual that corresponds to your MariaDB server version for the right syntax to use near 'AND `user_menu`.`is_active` = 1
                                ORDER BY `user_' at line 5
#0 C:\xampp\htdocs\warehouse\vendor\codeigniter4\framework\system\Database\MySQLi\Connection.php(331): mysqli->query('SELECT `user_me...')
#1 C:\xampp\htdocs\warehouse\vendor\codeigniter4\framework\system\Database\BaseConnection.php(738): CodeIgniter\Database\MySQLi\Connection->execute('SELECT `user_me...')
#2 C:\xampp\htdocs\warehouse\vendor\codeigniter4\framework\system\Database\BaseConnection.php(666): CodeIgniter\Database\BaseConnection->simpleQuery('SELECT `user_me...')
#3 C:\xampp\htdocs\warehouse\app\Views\layouts\sidebar.php(61): CodeIgniter\Database\BaseConnection->query('SELECT `user_me...')
#4 C:\xampp\htdocs\warehouse\vendor\codeigniter4\framework\system\View\View.php(246): include('C:\\xampp\\htdocs...')
#5 C:\xampp\htdocs\warehouse\vendor\codeigniter4\framework\system\View\View.php(525): CodeIgniter\View\View->render('layouts/sidebar', NULL, true)
#6 C:\xampp\htdocs\warehouse\app\Views\layouts\template.php(24): CodeIgniter\View\View->include('layouts/sidebar')
#7 C:\xampp\htdocs\warehouse\vendor\codeigniter4\framework\system\View\View.php(246): include('C:\\xampp\\htdocs...')
#8 C:\xampp\htdocs\warehouse\vendor\codeigniter4\framework\system\View\View.php(257): CodeIgniter\View\View->render('layouts/templat...', Array, true)
#9 C:\xampp\htdocs\warehouse\vendor\codeigniter4\framework\system\Common.php(1087): CodeIgniter\View\View->render('dashboard/index', Array, true)
#10 C:\xampp\htdocs\warehouse\app\Controllers\Dashboard.php(24): view('dashboard/index', Array)
#11 C:\xampp\htdocs\warehouse\vendor\codeigniter4\framework\system\CodeIgniter.php(914): App\Controllers\Dashboard->index()
#12 C:\xampp\htdocs\warehouse\vendor\codeigniter4\framework\system\CodeIgniter.php(400): CodeIgniter\CodeIgniter->runController(Object(App\Controllers\Dashboard))
#13 C:\xampp\htdocs\warehouse\vendor\codeigniter4\framework\system\CodeIgniter.php(308): CodeIgniter\CodeIgniter->handleRequest(NULL, Object(Config\Cache), false)
#14 C:\xampp\htdocs\warehouse\public\index.php(45): CodeIgniter\CodeIgniter->run()
#15 C:\xampp\htdocs\warehouse\vendor\codeigniter4\framework\system\Commands\Server\rewrite.php(34): require_once('C:\\xampp\\htdocs...')
#16 {main}
CRITICAL - 2020-07-03 09:23:30 --> You have an error in your SQL syntax; check the manual that corresponds to your MariaDB server version for the right syntax to use near 'AND `user_menu`.`is_active` = 1
                                ORDER BY `user_' at line 5
#0 C:\xampp\htdocs\warehouse\vendor\codeigniter4\framework\system\Database\MySQLi\Connection.php(331): mysqli->query('SELECT `user_me...')
#1 C:\xampp\htdocs\warehouse\vendor\codeigniter4\framework\system\Database\BaseConnection.php(738): CodeIgniter\Database\MySQLi\Connection->execute('SELECT `user_me...')
#2 C:\xampp\htdocs\warehouse\vendor\codeigniter4\framework\system\Database\BaseConnection.php(666): CodeIgniter\Database\BaseConnection->simpleQuery('SELECT `user_me...')
#3 C:\xampp\htdocs\warehouse\app\Views\layouts\sidebar.php(61): CodeIgniter\Database\BaseConnection->query('SELECT `user_me...')
#4 C:\xampp\htdocs\warehouse\vendor\codeigniter4\framework\system\View\View.php(246): include('C:\\xampp\\htdocs...')
#5 C:\xampp\htdocs\warehouse\vendor\codeigniter4\framework\system\View\View.php(525): CodeIgniter\View\View->render('layouts/sidebar', NULL, true)
#6 C:\xampp\htdocs\warehouse\app\Views\layouts\template.php(24): CodeIgniter\View\View->include('layouts/sidebar')
#7 C:\xampp\htdocs\warehouse\vendor\codeigniter4\framework\system\View\View.php(246): include('C:\\xampp\\htdocs...')
#8 C:\xampp\htdocs\warehouse\vendor\codeigniter4\framework\system\View\View.php(257): CodeIgniter\View\View->render('layouts/templat...', Array, true)
#9 C:\xampp\htdocs\warehouse\vendor\codeigniter4\framework\system\Common.php(1087): CodeIgniter\View\View->render('dashboard/index', Array, true)
#10 C:\xampp\htdocs\warehouse\app\Controllers\Dashboard.php(24): view('dashboard/index', Array)
#11 C:\xampp\htdocs\warehouse\vendor\codeigniter4\framework\system\CodeIgniter.php(914): App\Controllers\Dashboard->index()
#12 C:\xampp\htdocs\warehouse\vendor\codeigniter4\framework\system\CodeIgniter.php(400): CodeIgniter\CodeIgniter->runController(Object(App\Controllers\Dashboard))
#13 C:\xampp\htdocs\warehouse\vendor\codeigniter4\framework\system\CodeIgniter.php(308): CodeIgniter\CodeIgniter->handleRequest(NULL, Object(Config\Cache), false)
#14 C:\xampp\htdocs\warehouse\public\index.php(45): CodeIgniter\CodeIgniter->run()
#15 C:\xampp\htdocs\warehouse\vendor\codeigniter4\framework\system\Commands\Server\rewrite.php(34): require_once('C:\\xampp\\htdocs...')
#16 {main}
CRITICAL - 2020-07-03 09:23:31 --> You have an error in your SQL syntax; check the manual that corresponds to your MariaDB server version for the right syntax to use near 'AND `user_menu`.`is_active` = 1
                                ORDER BY `user_' at line 5
#0 C:\xampp\htdocs\warehouse\vendor\codeigniter4\framework\system\Database\MySQLi\Connection.php(331): mysqli->query('SELECT `user_me...')
#1 C:\xampp\htdocs\warehouse\vendor\codeigniter4\framework\system\Database\BaseConnection.php(738): CodeIgniter\Database\MySQLi\Connection->execute('SELECT `user_me...')
#2 C:\xampp\htdocs\warehouse\vendor\codeigniter4\framework\system\Database\BaseConnection.php(666): CodeIgniter\Database\BaseConnection->simpleQuery('SELECT `user_me...')
#3 C:\xampp\htdocs\warehouse\app\Views\layouts\sidebar.php(61): CodeIgniter\Database\BaseConnection->query('SELECT `user_me...')
#4 C:\xampp\htdocs\warehouse\vendor\codeigniter4\framework\system\View\View.php(246): include('C:\\xampp\\htdocs...')
#5 C:\xampp\htdocs\warehouse\vendor\codeigniter4\framework\system\View\View.php(525): CodeIgniter\View\View->render('layouts/sidebar', NULL, true)
#6 C:\xampp\htdocs\warehouse\app\Views\layouts\template.php(24): CodeIgniter\View\View->include('layouts/sidebar')
#7 C:\xampp\htdocs\warehouse\vendor\codeigniter4\framework\system\View\View.php(246): include('C:\\xampp\\htdocs...')
#8 C:\xampp\htdocs\warehouse\vendor\codeigniter4\framework\system\View\View.php(257): CodeIgniter\View\View->render('layouts/templat...', Array, true)
#9 C:\xampp\htdocs\warehouse\vendor\codeigniter4\framework\system\Common.php(1087): CodeIgniter\View\View->render('dashboard/index', Array, true)
#10 C:\xampp\htdocs\warehouse\app\Controllers\Dashboard.php(24): view('dashboard/index', Array)
#11 C:\xampp\htdocs\warehouse\vendor\codeigniter4\framework\system\CodeIgniter.php(914): App\Controllers\Dashboard->index()
#12 C:\xampp\htdocs\warehouse\vendor\codeigniter4\framework\system\CodeIgniter.php(400): CodeIgniter\CodeIgniter->runController(Object(App\Controllers\Dashboard))
#13 C:\xampp\htdocs\warehouse\vendor\codeigniter4\framework\system\CodeIgniter.php(308): CodeIgniter\CodeIgniter->handleRequest(NULL, Object(Config\Cache), false)
#14 C:\xampp\htdocs\warehouse\public\index.php(45): CodeIgniter\CodeIgniter->run()
#15 C:\xampp\htdocs\warehouse\vendor\codeigniter4\framework\system\Commands\Server\rewrite.php(34): require_once('C:\\xampp\\htdocs...')
#16 {main}
CRITICAL - 2020-07-03 09:41:27 --> You have an error in your SQL syntax; check the manual that corresponds to your MariaDB server version for the right syntax to use near 'AND `user_menu`.`is_active` = 1
                                ORDER BY `user_' at line 5
#0 C:\xampp\htdocs\warehouse\vendor\codeigniter4\framework\system\Database\MySQLi\Connection.php(331): mysqli->query('SELECT `user_me...')
#1 C:\xampp\htdocs\warehouse\vendor\codeigniter4\framework\system\Database\BaseConnection.php(738): CodeIgniter\Database\MySQLi\Connection->execute('SELECT `user_me...')
#2 C:\xampp\htdocs\warehouse\vendor\codeigniter4\framework\system\Database\BaseConnection.php(666): CodeIgniter\Database\BaseConnection->simpleQuery('SELECT `user_me...')
#3 C:\xampp\htdocs\warehouse\app\Views\layouts\sidebar.php(61): CodeIgniter\Database\BaseConnection->query('SELECT `user_me...')
#4 C:\xampp\htdocs\warehouse\vendor\codeigniter4\framework\system\View\View.php(246): include('C:\\xampp\\htdocs...')
#5 C:\xampp\htdocs\warehouse\vendor\codeigniter4\framework\system\View\View.php(525): CodeIgniter\View\View->render('layouts/sidebar', NULL, true)
#6 C:\xampp\htdocs\warehouse\app\Views\layouts\template.php(24): CodeIgniter\View\View->include('layouts/sidebar')
#7 C:\xampp\htdocs\warehouse\vendor\codeigniter4\framework\system\View\View.php(246): include('C:\\xampp\\htdocs...')
#8 C:\xampp\htdocs\warehouse\vendor\codeigniter4\framework\system\View\View.php(257): CodeIgniter\View\View->render('layouts/templat...', Array, true)
#9 C:\xampp\htdocs\warehouse\vendor\codeigniter4\framework\system\Common.php(1087): CodeIgniter\View\View->render('dashboard/index', Array, true)
#10 C:\xampp\htdocs\warehouse\app\Controllers\Dashboard.php(24): view('dashboard/index', Array)
#11 C:\xampp\htdocs\warehouse\vendor\codeigniter4\framework\system\CodeIgniter.php(914): App\Controllers\Dashboard->index()
#12 C:\xampp\htdocs\warehouse\vendor\codeigniter4\framework\system\CodeIgniter.php(400): CodeIgniter\CodeIgniter->runController(Object(App\Controllers\Dashboard))
#13 C:\xampp\htdocs\warehouse\vendor\codeigniter4\framework\system\CodeIgniter.php(308): CodeIgniter\CodeIgniter->handleRequest(NULL, Object(Config\Cache), false)
#14 C:\xampp\htdocs\warehouse\public\index.php(45): CodeIgniter\CodeIgniter->run()
#15 C:\xampp\htdocs\warehouse\vendor\codeigniter4\framework\system\Commands\Server\rewrite.php(34): require_once('C:\\xampp\\htdocs...')
#16 {main}
CRITICAL - 2020-07-03 09:41:28 --> You have an error in your SQL syntax; check the manual that corresponds to your MariaDB server version for the right syntax to use near 'AND `user_menu`.`is_active` = 1
                                ORDER BY `user_' at line 5
#0 C:\xampp\htdocs\warehouse\vendor\codeigniter4\framework\system\Database\MySQLi\Connection.php(331): mysqli->query('SELECT `user_me...')
#1 C:\xampp\htdocs\warehouse\vendor\codeigniter4\framework\system\Database\BaseConnection.php(738): CodeIgniter\Database\MySQLi\Connection->execute('SELECT `user_me...')
#2 C:\xampp\htdocs\warehouse\vendor\codeigniter4\framework\system\Database\BaseConnection.php(666): CodeIgniter\Database\BaseConnection->simpleQuery('SELECT `user_me...')
#3 C:\xampp\htdocs\warehouse\app\Views\layouts\sidebar.php(61): CodeIgniter\Database\BaseConnection->query('SELECT `user_me...')
#4 C:\xampp\htdocs\warehouse\vendor\codeigniter4\framework\system\View\View.php(246): include('C:\\xampp\\htdocs...')
#5 C:\xampp\htdocs\warehouse\vendor\codeigniter4\framework\system\View\View.php(525): CodeIgniter\View\View->render('layouts/sidebar', NULL, true)
#6 C:\xampp\htdocs\warehouse\app\Views\layouts\template.php(24): CodeIgniter\View\View->include('layouts/sidebar')
#7 C:\xampp\htdocs\warehouse\vendor\codeigniter4\framework\system\View\View.php(246): include('C:\\xampp\\htdocs...')
#8 C:\xampp\htdocs\warehouse\vendor\codeigniter4\framework\system\View\View.php(257): CodeIgniter\View\View->render('layouts/templat...', Array, true)
#9 C:\xampp\htdocs\warehouse\vendor\codeigniter4\framework\system\Common.php(1087): CodeIgniter\View\View->render('dashboard/index', Array, true)
#10 C:\xampp\htdocs\warehouse\app\Controllers\Dashboard.php(24): view('dashboard/index', Array)
#11 C:\xampp\htdocs\warehouse\vendor\codeigniter4\framework\system\CodeIgniter.php(914): App\Controllers\Dashboard->index()
#12 C:\xampp\htdocs\warehouse\vendor\codeigniter4\framework\system\CodeIgniter.php(400): CodeIgniter\CodeIgniter->runController(Object(App\Controllers\Dashboard))
#13 C:\xampp\htdocs\warehouse\vendor\codeigniter4\framework\system\CodeIgniter.php(308): CodeIgniter\CodeIgniter->handleRequest(NULL, Object(Config\Cache), false)
#14 C:\xampp\htdocs\warehouse\public\index.php(45): CodeIgniter\CodeIgniter->run()
#15 C:\xampp\htdocs\warehouse\vendor\codeigniter4\framework\system\Commands\Server\rewrite.php(34): require_once('C:\\xampp\\htdocs...')
#16 {main}
CRITICAL - 2020-07-03 09:44:38 --> You have an error in your SQL syntax; check the manual that corresponds to your MariaDB server version for the right syntax to use near 'AND `user_menu`.`is_active` = 1
                                ORDER BY `user_' at line 5
#0 C:\xampp\htdocs\warehouse\vendor\codeigniter4\framework\system\Database\MySQLi\Connection.php(331): mysqli->query('SELECT `user_me...')
#1 C:\xampp\htdocs\warehouse\vendor\codeigniter4\framework\system\Database\BaseConnection.php(738): CodeIgniter\Database\MySQLi\Connection->execute('SELECT `user_me...')
#2 C:\xampp\htdocs\warehouse\vendor\codeigniter4\framework\system\Database\BaseConnection.php(666): CodeIgniter\Database\BaseConnection->simpleQuery('SELECT `user_me...')
#3 C:\xampp\htdocs\warehouse\app\Views\layouts\sidebar.php(61): CodeIgniter\Database\BaseConnection->query('SELECT `user_me...')
#4 C:\xampp\htdocs\warehouse\vendor\codeigniter4\framework\system\View\View.php(246): include('C:\\xampp\\htdocs...')
#5 C:\xampp\htdocs\warehouse\vendor\codeigniter4\framework\system\View\View.php(525): CodeIgniter\View\View->render('layouts/sidebar', NULL, true)
#6 C:\xampp\htdocs\warehouse\app\Views\layouts\template.php(24): CodeIgniter\View\View->include('layouts/sidebar')
#7 C:\xampp\htdocs\warehouse\vendor\codeigniter4\framework\system\View\View.php(246): include('C:\\xampp\\htdocs...')
#8 C:\xampp\htdocs\warehouse\vendor\codeigniter4\framework\system\View\View.php(257): CodeIgniter\View\View->render('layouts/templat...', Array, true)
#9 C:\xampp\htdocs\warehouse\vendor\codeigniter4\framework\system\Common.php(1087): CodeIgniter\View\View->render('dashboard/index', Array, true)
#10 C:\xampp\htdocs\warehouse\app\Controllers\Dashboard.php(24): view('dashboard/index', Array)
#11 C:\xampp\htdocs\warehouse\vendor\codeigniter4\framework\system\CodeIgniter.php(914): App\Controllers\Dashboard->index()
#12 C:\xampp\htdocs\warehouse\vendor\codeigniter4\framework\system\CodeIgniter.php(400): CodeIgniter\CodeIgniter->runController(Object(App\Controllers\Dashboard))
#13 C:\xampp\htdocs\warehouse\vendor\codeigniter4\framework\system\CodeIgniter.php(308): CodeIgniter\CodeIgniter->handleRequest(NULL, Object(Config\Cache), false)
#14 C:\xampp\htdocs\warehouse\public\index.php(45): CodeIgniter\CodeIgniter->run()
#15 C:\xampp\htdocs\warehouse\vendor\codeigniter4\framework\system\Commands\Server\rewrite.php(34): require_once('C:\\xampp\\htdocs...')
#16 {main}
CRITICAL - 2020-07-03 09:44:39 --> You have an error in your SQL syntax; check the manual that corresponds to your MariaDB server version for the right syntax to use near 'AND `user_menu`.`is_active` = 1
                                ORDER BY `user_' at line 5
#0 C:\xampp\htdocs\warehouse\vendor\codeigniter4\framework\system\Database\MySQLi\Connection.php(331): mysqli->query('SELECT `user_me...')
#1 C:\xampp\htdocs\warehouse\vendor\codeigniter4\framework\system\Database\BaseConnection.php(738): CodeIgniter\Database\MySQLi\Connection->execute('SELECT `user_me...')
#2 C:\xampp\htdocs\warehouse\vendor\codeigniter4\framework\system\Database\BaseConnection.php(666): CodeIgniter\Database\BaseConnection->simpleQuery('SELECT `user_me...')
#3 C:\xampp\htdocs\warehouse\app\Views\layouts\sidebar.php(61): CodeIgniter\Database\BaseConnection->query('SELECT `user_me...')
#4 C:\xampp\htdocs\warehouse\vendor\codeigniter4\framework\system\View\View.php(246): include('C:\\xampp\\htdocs...')
#5 C:\xampp\htdocs\warehouse\vendor\codeigniter4\framework\system\View\View.php(525): CodeIgniter\View\View->render('layouts/sidebar', NULL, true)
#6 C:\xampp\htdocs\warehouse\app\Views\layouts\template.php(24): CodeIgniter\View\View->include('layouts/sidebar')
#7 C:\xampp\htdocs\warehouse\vendor\codeigniter4\framework\system\View\View.php(246): include('C:\\xampp\\htdocs...')
#8 C:\xampp\htdocs\warehouse\vendor\codeigniter4\framework\system\View\View.php(257): CodeIgniter\View\View->render('layouts/templat...', Array, true)
#9 C:\xampp\htdocs\warehouse\vendor\codeigniter4\framework\system\Common.php(1087): CodeIgniter\View\View->render('dashboard/index', Array, true)
#10 C:\xampp\htdocs\warehouse\app\Controllers\Dashboard.php(24): view('dashboard/index', Array)
#11 C:\xampp\htdocs\warehouse\vendor\codeigniter4\framework\system\CodeIgniter.php(914): App\Controllers\Dashboard->index()
#12 C:\xampp\htdocs\warehouse\vendor\codeigniter4\framework\system\CodeIgniter.php(400): CodeIgniter\CodeIgniter->runController(Object(App\Controllers\Dashboard))
#13 C:\xampp\htdocs\warehouse\vendor\codeigniter4\framework\system\CodeIgniter.php(308): CodeIgniter\CodeIgniter->handleRequest(NULL, Object(Config\Cache), false)
#14 C:\xampp\htdocs\warehouse\public\index.php(45): CodeIgniter\CodeIgniter->run()
#15 C:\xampp\htdocs\warehouse\vendor\codeigniter4\framework\system\Commands\Server\rewrite.php(34): require_once('C:\\xampp\\htdocs...')
#16 {main}
CRITICAL - 2020-07-03 09:44:41 --> You have an error in your SQL syntax; check the manual that corresponds to your MariaDB server version for the right syntax to use near 'AND `user_menu`.`is_active` = 1
                                ORDER BY `user_' at line 5
#0 C:\xampp\htdocs\warehouse\vendor\codeigniter4\framework\system\Database\MySQLi\Connection.php(331): mysqli->query('SELECT `user_me...')
#1 C:\xampp\htdocs\warehouse\vendor\codeigniter4\framework\system\Database\BaseConnection.php(738): CodeIgniter\Database\MySQLi\Connection->execute('SELECT `user_me...')
#2 C:\xampp\htdocs\warehouse\vendor\codeigniter4\framework\system\Database\BaseConnection.php(666): CodeIgniter\Database\BaseConnection->simpleQuery('SELECT `user_me...')
#3 C:\xampp\htdocs\warehouse\app\Views\layouts\sidebar.php(61): CodeIgniter\Database\BaseConnection->query('SELECT `user_me...')
#4 C:\xampp\htdocs\warehouse\vendor\codeigniter4\framework\system\View\View.php(246): include('C:\\xampp\\htdocs...')
#5 C:\xampp\htdocs\warehouse\vendor\codeigniter4\framework\system\View\View.php(525): CodeIgniter\View\View->render('layouts/sidebar', NULL, true)
#6 C:\xampp\htdocs\warehouse\app\Views\layouts\template.php(24): CodeIgniter\View\View->include('layouts/sidebar')
#7 C:\xampp\htdocs\warehouse\vendor\codeigniter4\framework\system\View\View.php(246): include('C:\\xampp\\htdocs...')
#8 C:\xampp\htdocs\warehouse\vendor\codeigniter4\framework\system\View\View.php(257): CodeIgniter\View\View->render('layouts/templat...', Array, true)
#9 C:\xampp\htdocs\warehouse\vendor\codeigniter4\framework\system\Common.php(1087): CodeIgniter\View\View->render('dashboard/index', Array, true)
#10 C:\xampp\htdocs\warehouse\app\Controllers\Dashboard.php(24): view('dashboard/index', Array)
#11 C:\xampp\htdocs\warehouse\vendor\codeigniter4\framework\system\CodeIgniter.php(914): App\Controllers\Dashboard->index()
#12 C:\xampp\htdocs\warehouse\vendor\codeigniter4\framework\system\CodeIgniter.php(400): CodeIgniter\CodeIgniter->runController(Object(App\Controllers\Dashboard))
#13 C:\xampp\htdocs\warehouse\vendor\codeigniter4\framework\system\CodeIgniter.php(308): CodeIgniter\CodeIgniter->handleRequest(NULL, Object(Config\Cache), false)
#14 C:\xampp\htdocs\warehouse\public\index.php(45): CodeIgniter\CodeIgniter->run()
#15 C:\xampp\htdocs\warehouse\vendor\codeigniter4\framework\system\Commands\Server\rewrite.php(34): require_once('C:\\xampp\\htdocs...')
#16 {main}
CRITICAL - 2020-07-03 09:44:51 --> You have an error in your SQL syntax; check the manual that corresponds to your MariaDB server version for the right syntax to use near 'AND `user_menu`.`is_active` = 1
                                ORDER BY `user_' at line 5
#0 C:\xampp\htdocs\warehouse\vendor\codeigniter4\framework\system\Database\MySQLi\Connection.php(331): mysqli->query('SELECT `user_me...')
#1 C:\xampp\htdocs\warehouse\vendor\codeigniter4\framework\system\Database\BaseConnection.php(738): CodeIgniter\Database\MySQLi\Connection->execute('SELECT `user_me...')
#2 C:\xampp\htdocs\warehouse\vendor\codeigniter4\framework\system\Database\BaseConnection.php(666): CodeIgniter\Database\BaseConnection->simpleQuery('SELECT `user_me...')
#3 C:\xampp\htdocs\warehouse\app\Views\layouts\sidebar.php(61): CodeIgniter\Database\BaseConnection->query('SELECT `user_me...')
#4 C:\xampp\htdocs\warehouse\vendor\codeigniter4\framework\system\View\View.php(246): include('C:\\xampp\\htdocs...')
#5 C:\xampp\htdocs\warehouse\vendor\codeigniter4\framework\system\View\View.php(525): CodeIgniter\View\View->render('layouts/sidebar', NULL, true)
#6 C:\xampp\htdocs\warehouse\app\Views\layouts\template.php(24): CodeIgniter\View\View->include('layouts/sidebar')
#7 C:\xampp\htdocs\warehouse\vendor\codeigniter4\framework\system\View\View.php(246): include('C:\\xampp\\htdocs...')
#8 C:\xampp\htdocs\warehouse\vendor\codeigniter4\framework\system\View\View.php(257): CodeIgniter\View\View->render('layouts/templat...', Array, true)
#9 C:\xampp\htdocs\warehouse\vendor\codeigniter4\framework\system\Common.php(1087): CodeIgniter\View\View->render('dashboard/index', Array, true)
#10 C:\xampp\htdocs\warehouse\app\Controllers\Dashboard.php(24): view('dashboard/index', Array)
#11 C:\xampp\htdocs\warehouse\vendor\codeigniter4\framework\system\CodeIgniter.php(914): App\Controllers\Dashboard->index()
#12 C:\xampp\htdocs\warehouse\vendor\codeigniter4\framework\system\CodeIgniter.php(400): CodeIgniter\CodeIgniter->runController(Object(App\Controllers\Dashboard))
#13 C:\xampp\htdocs\warehouse\vendor\codeigniter4\framework\system\CodeIgniter.php(308): CodeIgniter\CodeIgniter->handleRequest(NULL, Object(Config\Cache), false)
#14 C:\xampp\htdocs\warehouse\public\index.php(45): CodeIgniter\CodeIgniter->run()
#15 C:\xampp\htdocs\warehouse\vendor\codeigniter4\framework\system\Commands\Server\rewrite.php(34): require_once('C:\\xampp\\htdocs...')
#16 {main}
CRITICAL - 2020-07-03 09:45:33 --> You have an error in your SQL syntax; check the manual that corresponds to your MariaDB server version for the right syntax to use near 'AND `user_menu`.`is_active` = 1
                                ORDER BY `user_' at line 5
#0 C:\xampp\htdocs\warehouse\vendor\codeigniter4\framework\system\Database\MySQLi\Connection.php(331): mysqli->query('SELECT `user_me...')
#1 C:\xampp\htdocs\warehouse\vendor\codeigniter4\framework\system\Database\BaseConnection.php(738): CodeIgniter\Database\MySQLi\Connection->execute('SELECT `user_me...')
#2 C:\xampp\htdocs\warehouse\vendor\codeigniter4\framework\system\Database\BaseConnection.php(666): CodeIgniter\Database\BaseConnection->simpleQuery('SELECT `user_me...')
#3 C:\xampp\htdocs\warehouse\app\Views\layouts\sidebar.php(61): CodeIgniter\Database\BaseConnection->query('SELECT `user_me...')
#4 C:\xampp\htdocs\warehouse\vendor\codeigniter4\framework\system\View\View.php(246): include('C:\\xampp\\htdocs...')
#5 C:\xampp\htdocs\warehouse\vendor\codeigniter4\framework\system\View\View.php(525): CodeIgniter\View\View->render('layouts/sidebar', NULL, true)
#6 C:\xampp\htdocs\warehouse\app\Views\layouts\template.php(24): CodeIgniter\View\View->include('layouts/sidebar')
#7 C:\xampp\htdocs\warehouse\vendor\codeigniter4\framework\system\View\View.php(246): include('C:\\xampp\\htdocs...')
#8 C:\xampp\htdocs\warehouse\vendor\codeigniter4\framework\system\View\View.php(257): CodeIgniter\View\View->render('layouts/templat...', Array, true)
#9 C:\xampp\htdocs\warehouse\vendor\codeigniter4\framework\system\Common.php(1087): CodeIgniter\View\View->render('dashboard/index', Array, true)
#10 C:\xampp\htdocs\warehouse\app\Controllers\Dashboard.php(24): view('dashboard/index', Array)
#11 C:\xampp\htdocs\warehouse\vendor\codeigniter4\framework\system\CodeIgniter.php(914): App\Controllers\Dashboard->index()
#12 C:\xampp\htdocs\warehouse\vendor\codeigniter4\framework\system\CodeIgniter.php(400): CodeIgniter\CodeIgniter->runController(Object(App\Controllers\Dashboard))
#13 C:\xampp\htdocs\warehouse\vendor\codeigniter4\framework\system\CodeIgniter.php(308): CodeIgniter\CodeIgniter->handleRequest(NULL, Object(Config\Cache), false)
#14 C:\xampp\htdocs\warehouse\public\index.php(45): CodeIgniter\CodeIgniter->run()
#15 C:\xampp\htdocs\warehouse\vendor\codeigniter4\framework\system\Commands\Server\rewrite.php(34): require_once('C:\\xampp\\htdocs...')
#16 {main}
CRITICAL - 2020-07-03 09:45:35 --> You have an error in your SQL syntax; check the manual that corresponds to your MariaDB server version for the right syntax to use near 'AND `user_menu`.`is_active` = 1
                                ORDER BY `user_' at line 5
#0 C:\xampp\htdocs\warehouse\vendor\codeigniter4\framework\system\Database\MySQLi\Connection.php(331): mysqli->query('SELECT `user_me...')
#1 C:\xampp\htdocs\warehouse\vendor\codeigniter4\framework\system\Database\BaseConnection.php(738): CodeIgniter\Database\MySQLi\Connection->execute('SELECT `user_me...')
#2 C:\xampp\htdocs\warehouse\vendor\codeigniter4\framework\system\Database\BaseConnection.php(666): CodeIgniter\Database\BaseConnection->simpleQuery('SELECT `user_me...')
#3 C:\xampp\htdocs\warehouse\app\Views\layouts\sidebar.php(61): CodeIgniter\Database\BaseConnection->query('SELECT `user_me...')
#4 C:\xampp\htdocs\warehouse\vendor\codeigniter4\framework\system\View\View.php(246): include('C:\\xampp\\htdocs...')
#5 C:\xampp\htdocs\warehouse\vendor\codeigniter4\framework\system\View\View.php(525): CodeIgniter\View\View->render('layouts/sidebar', NULL, true)
#6 C:\xampp\htdocs\warehouse\app\Views\layouts\template.php(24): CodeIgniter\View\View->include('layouts/sidebar')
#7 C:\xampp\htdocs\warehouse\vendor\codeigniter4\framework\system\View\View.php(246): include('C:\\xampp\\htdocs...')
#8 C:\xampp\htdocs\warehouse\vendor\codeigniter4\framework\system\View\View.php(257): CodeIgniter\View\View->render('layouts/templat...', Array, true)
#9 C:\xampp\htdocs\warehouse\vendor\codeigniter4\framework\system\Common.php(1087): CodeIgniter\View\View->render('dashboard/index', Array, true)
#10 C:\xampp\htdocs\warehouse\app\Controllers\Dashboard.php(24): view('dashboard/index', Array)
#11 C:\xampp\htdocs\warehouse\vendor\codeigniter4\framework\system\CodeIgniter.php(914): App\Controllers\Dashboard->index()
#12 C:\xampp\htdocs\warehouse\vendor\codeigniter4\framework\system\CodeIgniter.php(400): CodeIgniter\CodeIgniter->runController(Object(App\Controllers\Dashboard))
#13 C:\xampp\htdocs\warehouse\vendor\codeigniter4\framework\system\CodeIgniter.php(308): CodeIgniter\CodeIgniter->handleRequest(NULL, Object(Config\Cache), false)
#14 C:\xampp\htdocs\warehouse\public\index.php(45): CodeIgniter\CodeIgniter->run()
#15 C:\xampp\htdocs\warehouse\vendor\codeigniter4\framework\system\Commands\Server\rewrite.php(34): require_once('C:\\xampp\\htdocs...')
#16 {main}
CRITICAL - 2020-07-03 09:45:37 --> You have an error in your SQL syntax; check the manual that corresponds to your MariaDB server version for the right syntax to use near 'AND `user_menu`.`is_active` = 1
                                ORDER BY `user_' at line 5
#0 C:\xampp\htdocs\warehouse\vendor\codeigniter4\framework\system\Database\MySQLi\Connection.php(331): mysqli->query('SELECT `user_me...')
#1 C:\xampp\htdocs\warehouse\vendor\codeigniter4\framework\system\Database\BaseConnection.php(738): CodeIgniter\Database\MySQLi\Connection->execute('SELECT `user_me...')
#2 C:\xampp\htdocs\warehouse\vendor\codeigniter4\framework\system\Database\BaseConnection.php(666): CodeIgniter\Database\BaseConnection->simpleQuery('SELECT `user_me...')
#3 C:\xampp\htdocs\warehouse\app\Views\layouts\sidebar.php(61): CodeIgniter\Database\BaseConnection->query('SELECT `user_me...')
#4 C:\xampp\htdocs\warehouse\vendor\codeigniter4\framework\system\View\View.php(246): include('C:\\xampp\\htdocs...')
#5 C:\xampp\htdocs\warehouse\vendor\codeigniter4\framework\system\View\View.php(525): CodeIgniter\View\View->render('layouts/sidebar', NULL, true)
#6 C:\xampp\htdocs\warehouse\app\Views\layouts\template.php(24): CodeIgniter\View\View->include('layouts/sidebar')
#7 C:\xampp\htdocs\warehouse\vendor\codeigniter4\framework\system\View\View.php(246): include('C:\\xampp\\htdocs...')
#8 C:\xampp\htdocs\warehouse\vendor\codeigniter4\framework\system\View\View.php(257): CodeIgniter\View\View->render('layouts/templat...', Array, true)
#9 C:\xampp\htdocs\warehouse\vendor\codeigniter4\framework\system\Common.php(1087): CodeIgniter\View\View->render('dashboard/index', Array, true)
#10 C:\xampp\htdocs\warehouse\app\Controllers\Dashboard.php(24): view('dashboard/index', Array)
#11 C:\xampp\htdocs\warehouse\vendor\codeigniter4\framework\system\CodeIgniter.php(914): App\Controllers\Dashboard->index()
#12 C:\xampp\htdocs\warehouse\vendor\codeigniter4\framework\system\CodeIgniter.php(400): CodeIgniter\CodeIgniter->runController(Object(App\Controllers\Dashboard))
#13 C:\xampp\htdocs\warehouse\vendor\codeigniter4\framework\system\CodeIgniter.php(308): CodeIgniter\CodeIgniter->handleRequest(NULL, Object(Config\Cache), false)
#14 C:\xampp\htdocs\warehouse\public\index.php(45): CodeIgniter\CodeIgniter->run()
#15 C:\xampp\htdocs\warehouse\vendor\codeigniter4\framework\system\Commands\Server\rewrite.php(34): require_once('C:\\xampp\\htdocs...')
#16 {main}
CRITICAL - 2020-07-03 09:58:59 --> You have an error in your SQL syntax; check the manual that corresponds to your MariaDB server version for the right syntax to use near 'AND `user_menu`.`is_active` = 1
                                ORDER BY `user_' at line 5
#0 C:\xampp\htdocs\warehouse\vendor\codeigniter4\framework\system\Database\MySQLi\Connection.php(331): mysqli->query('SELECT `user_me...')
#1 C:\xampp\htdocs\warehouse\vendor\codeigniter4\framework\system\Database\BaseConnection.php(738): CodeIgniter\Database\MySQLi\Connection->execute('SELECT `user_me...')
#2 C:\xampp\htdocs\warehouse\vendor\codeigniter4\framework\system\Database\BaseConnection.php(666): CodeIgniter\Database\BaseConnection->simpleQuery('SELECT `user_me...')
#3 C:\xampp\htdocs\warehouse\app\Views\layouts\sidebar.php(61): CodeIgniter\Database\BaseConnection->query('SELECT `user_me...')
#4 C:\xampp\htdocs\warehouse\vendor\codeigniter4\framework\system\View\View.php(246): include('C:\\xampp\\htdocs...')
#5 C:\xampp\htdocs\warehouse\vendor\codeigniter4\framework\system\View\View.php(525): CodeIgniter\View\View->render('layouts/sidebar', NULL, true)
#6 C:\xampp\htdocs\warehouse\app\Views\layouts\template.php(24): CodeIgniter\View\View->include('layouts/sidebar')
#7 C:\xampp\htdocs\warehouse\vendor\codeigniter4\framework\system\View\View.php(246): include('C:\\xampp\\htdocs...')
#8 C:\xampp\htdocs\warehouse\vendor\codeigniter4\framework\system\View\View.php(257): CodeIgniter\View\View->render('layouts/templat...', Array, true)
#9 C:\xampp\htdocs\warehouse\vendor\codeigniter4\framework\system\Common.php(1087): CodeIgniter\View\View->render('parts/favorite', Array, true)
#10 C:\xampp\htdocs\warehouse\app\Controllers\Parts.php(49): view('parts/favorite', Array)
#11 C:\xampp\htdocs\warehouse\vendor\codeigniter4\framework\system\CodeIgniter.php(914): App\Controllers\Parts->favorite()
#12 C:\xampp\htdocs\warehouse\vendor\codeigniter4\framework\system\CodeIgniter.php(400): CodeIgniter\CodeIgniter->runController(Object(App\Controllers\Parts))
#13 C:\xampp\htdocs\warehouse\vendor\codeigniter4\framework\system\CodeIgniter.php(308): CodeIgniter\CodeIgniter->handleRequest(NULL, Object(Config\Cache), false)
#14 C:\xampp\htdocs\warehouse\public\index.php(45): CodeIgniter\CodeIgniter->run()
#15 C:\xampp\htdocs\warehouse\vendor\codeigniter4\framework\system\Commands\Server\rewrite.php(34): require_once('C:\\xampp\\htdocs...')
#16 {main}
CRITICAL - 2020-07-03 15:49:29 --> You have an error in your SQL syntax; check the manual that corresponds to your MariaDB server version for the right syntax to use near 'AND `user_menu`.`is_active` = 1
                                ORDER BY `user_' at line 5
#0 C:\xampp\htdocs\warehouse\vendor\codeigniter4\framework\system\Database\MySQLi\Connection.php(331): mysqli->query('SELECT `user_me...')
#1 C:\xampp\htdocs\warehouse\vendor\codeigniter4\framework\system\Database\BaseConnection.php(738): CodeIgniter\Database\MySQLi\Connection->execute('SELECT `user_me...')
#2 C:\xampp\htdocs\warehouse\vendor\codeigniter4\framework\system\Database\BaseConnection.php(666): CodeIgniter\Database\BaseConnection->simpleQuery('SELECT `user_me...')
#3 C:\xampp\htdocs\warehouse\app\Views\layouts\sidebar.php(61): CodeIgniter\Database\BaseConnection->query('SELECT `user_me...')
#4 C:\xampp\htdocs\warehouse\vendor\codeigniter4\framework\system\View\View.php(246): include('C:\\xampp\\htdocs...')
#5 C:\xampp\htdocs\warehouse\vendor\codeigniter4\framework\system\View\View.php(525): CodeIgniter\View\View->render('layouts/sidebar', NULL, true)
#6 C:\xampp\htdocs\warehouse\app\Views\layouts\template.php(24): CodeIgniter\View\View->include('layouts/sidebar')
#7 C:\xampp\htdocs\warehouse\vendor\codeigniter4\framework\system\View\View.php(246): include('C:\\xampp\\htdocs...')
#8 C:\xampp\htdocs\warehouse\vendor\codeigniter4\framework\system\View\View.php(257): CodeIgniter\View\View->render('layouts/templat...', Array, true)
#9 C:\xampp\htdocs\warehouse\vendor\codeigniter4\framework\system\Common.php(1087): CodeIgniter\View\View->render('cart/checkout', Array, true)
#10 C:\xampp\htdocs\warehouse\app\Controllers\Cart.php(31): view('cart/checkout', Array)
#11 C:\xampp\htdocs\warehouse\vendor\codeigniter4\framework\system\CodeIgniter.php(914): App\Controllers\Cart->checkout()
#12 C:\xampp\htdocs\warehouse\vendor\codeigniter4\framework\system\CodeIgniter.php(400): CodeIgniter\CodeIgniter->runController(Object(App\Controllers\Cart))
#13 C:\xampp\htdocs\warehouse\vendor\codeigniter4\framework\system\CodeIgniter.php(308): CodeIgniter\CodeIgniter->handleRequest(NULL, Object(Config\Cache), false)
#14 C:\xampp\htdocs\warehouse\public\index.php(45): CodeIgniter\CodeIgniter->run()
#15 C:\xampp\htdocs\warehouse\vendor\codeigniter4\framework\system\Commands\Server\rewrite.php(34): require_once('C:\\xampp\\htdocs...')
#16 {main}
CRITICAL - 2020-07-03 15:50:25 --> You have an error in your SQL syntax; check the manual that corresponds to your MariaDB server version for the right syntax to use near 'AND `user_menu`.`is_active` = 1
                                ORDER BY `user_' at line 5
#0 C:\xampp\htdocs\warehouse\vendor\codeigniter4\framework\system\Database\MySQLi\Connection.php(331): mysqli->query('SELECT `user_me...')
#1 C:\xampp\htdocs\warehouse\vendor\codeigniter4\framework\system\Database\BaseConnection.php(738): CodeIgniter\Database\MySQLi\Connection->execute('SELECT `user_me...')
#2 C:\xampp\htdocs\warehouse\vendor\codeigniter4\framework\system\Database\BaseConnection.php(666): CodeIgniter\Database\BaseConnection->simpleQuery('SELECT `user_me...')
#3 C:\xampp\htdocs\warehouse\app\Views\layouts\sidebar.php(61): CodeIgniter\Database\BaseConnection->query('SELECT `user_me...')
#4 C:\xampp\htdocs\warehouse\vendor\codeigniter4\framework\system\View\View.php(246): include('C:\\xampp\\htdocs...')
#5 C:\xampp\htdocs\warehouse\vendor\codeigniter4\framework\system\View\View.php(525): CodeIgniter\View\View->render('layouts/sidebar', NULL, true)
#6 C:\xampp\htdocs\warehouse\app\Views\layouts\template.php(24): CodeIgniter\View\View->include('layouts/sidebar')
#7 C:\xampp\htdocs\warehouse\vendor\codeigniter4\framework\system\View\View.php(246): include('C:\\xampp\\htdocs...')
#8 C:\xampp\htdocs\warehouse\vendor\codeigniter4\framework\system\View\View.php(257): CodeIgniter\View\View->render('layouts/templat...', Array, true)
#9 C:\xampp\htdocs\warehouse\vendor\codeigniter4\framework\system\Common.php(1087): CodeIgniter\View\View->render('cart/checkout', Array, true)
#10 C:\xampp\htdocs\warehouse\app\Controllers\Cart.php(31): view('cart/checkout', Array)
#11 C:\xampp\htdocs\warehouse\vendor\codeigniter4\framework\system\CodeIgniter.php(914): App\Controllers\Cart->checkout()
#12 C:\xampp\htdocs\warehouse\vendor\codeigniter4\framework\system\CodeIgniter.php(400): CodeIgniter\CodeIgniter->runController(Object(App\Controllers\Cart))
#13 C:\xampp\htdocs\warehouse\vendor\codeigniter4\framework\system\CodeIgniter.php(308): CodeIgniter\CodeIgniter->handleRequest(NULL, Object(Config\Cache), false)
#14 C:\xampp\htdocs\warehouse\public\index.php(45): CodeIgniter\CodeIgniter->run()
#15 C:\xampp\htdocs\warehouse\vendor\codeigniter4\framework\system\Commands\Server\rewrite.php(34): require_once('C:\\xampp\\htdocs...')
#16 {main}
CRITICAL - 2020-07-03 15:50:30 --> You have an error in your SQL syntax; check the manual that corresponds to your MariaDB server version for the right syntax to use near 'AND `user_menu`.`is_active` = 1
                                ORDER BY `user_' at line 5
#0 C:\xampp\htdocs\warehouse\vendor\codeigniter4\framework\system\Database\MySQLi\Connection.php(331): mysqli->query('SELECT `user_me...')
#1 C:\xampp\htdocs\warehouse\vendor\codeigniter4\framework\system\Database\BaseConnection.php(738): CodeIgniter\Database\MySQLi\Connection->execute('SELECT `user_me...')
#2 C:\xampp\htdocs\warehouse\vendor\codeigniter4\framework\system\Database\BaseConnection.php(666): CodeIgniter\Database\BaseConnection->simpleQuery('SELECT `user_me...')
#3 C:\xampp\htdocs\warehouse\app\Views\layouts\sidebar.php(61): CodeIgniter\Database\BaseConnection->query('SELECT `user_me...')
#4 C:\xampp\htdocs\warehouse\vendor\codeigniter4\framework\system\View\View.php(246): include('C:\\xampp\\htdocs...')
#5 C:\xampp\htdocs\warehouse\vendor\codeigniter4\framework\system\View\View.php(525): CodeIgniter\View\View->render('layouts/sidebar', NULL, true)
#6 C:\xampp\htdocs\warehouse\app\Views\layouts\template.php(24): CodeIgniter\View\View->include('layouts/sidebar')
#7 C:\xampp\htdocs\warehouse\vendor\codeigniter4\framework\system\View\View.php(246): include('C:\\xampp\\htdocs...')
#8 C:\xampp\htdocs\warehouse\vendor\codeigniter4\framework\system\View\View.php(257): CodeIgniter\View\View->render('layouts/templat...', Array, true)
#9 C:\xampp\htdocs\warehouse\vendor\codeigniter4\framework\system\Common.php(1087): CodeIgniter\View\View->render('cart/checkout', Array, true)
#10 C:\xampp\htdocs\warehouse\app\Controllers\Cart.php(31): view('cart/checkout', Array)
#11 C:\xampp\htdocs\warehouse\vendor\codeigniter4\framework\system\CodeIgniter.php(914): App\Controllers\Cart->checkout()
#12 C:\xampp\htdocs\warehouse\vendor\codeigniter4\framework\system\CodeIgniter.php(400): CodeIgniter\CodeIgniter->runController(Object(App\Controllers\Cart))
#13 C:\xampp\htdocs\warehouse\vendor\codeigniter4\framework\system\CodeIgniter.php(308): CodeIgniter\CodeIgniter->handleRequest(NULL, Object(Config\Cache), false)
#14 C:\xampp\htdocs\warehouse\public\index.php(45): CodeIgniter\CodeIgniter->run()
#15 C:\xampp\htdocs\warehouse\vendor\codeigniter4\framework\system\Commands\Server\rewrite.php(34): require_once('C:\\xampp\\htdocs...')
#16 {main}
CRITICAL - 2020-07-03 15:50:40 --> You have an error in your SQL syntax; check the manual that corresponds to your MariaDB server version for the right syntax to use near 'AND `user_menu`.`is_active` = 1
                                ORDER BY `user_' at line 5
#0 C:\xampp\htdocs\warehouse\vendor\codeigniter4\framework\system\Database\MySQLi\Connection.php(331): mysqli->query('SELECT `user_me...')
#1 C:\xampp\htdocs\warehouse\vendor\codeigniter4\framework\system\Database\BaseConnection.php(738): CodeIgniter\Database\MySQLi\Connection->execute('SELECT `user_me...')
#2 C:\xampp\htdocs\warehouse\vendor\codeigniter4\framework\system\Database\BaseConnection.php(666): CodeIgniter\Database\BaseConnection->simpleQuery('SELECT `user_me...')
#3 C:\xampp\htdocs\warehouse\app\Views\layouts\sidebar.php(61): CodeIgniter\Database\BaseConnection->query('SELECT `user_me...')
#4 C:\xampp\htdocs\warehouse\vendor\codeigniter4\framework\system\View\View.php(246): include('C:\\xampp\\htdocs...')
#5 C:\xampp\htdocs\warehouse\vendor\codeigniter4\framework\system\View\View.php(525): CodeIgniter\View\View->render('layouts/sidebar', NULL, true)
#6 C:\xampp\htdocs\warehouse\app\Views\layouts\template.php(24): CodeIgniter\View\View->include('layouts/sidebar')
#7 C:\xampp\htdocs\warehouse\vendor\codeigniter4\framework\system\View\View.php(246): include('C:\\xampp\\htdocs...')
#8 C:\xampp\htdocs\warehouse\vendor\codeigniter4\framework\system\View\View.php(257): CodeIgniter\View\View->render('layouts/templat...', Array, true)
#9 C:\xampp\htdocs\warehouse\vendor\codeigniter4\framework\system\Common.php(1087): CodeIgniter\View\View->render('cart/checkout', Array, true)
#10 C:\xampp\htdocs\warehouse\app\Controllers\Cart.php(31): view('cart/checkout', Array)
#11 C:\xampp\htdocs\warehouse\vendor\codeigniter4\framework\system\CodeIgniter.php(914): App\Controllers\Cart->checkout()
#12 C:\xampp\htdocs\warehouse\vendor\codeigniter4\framework\system\CodeIgniter.php(400): CodeIgniter\CodeIgniter->runController(Object(App\Controllers\Cart))
#13 C:\xampp\htdocs\warehouse\vendor\codeigniter4\framework\system\CodeIgniter.php(308): CodeIgniter\CodeIgniter->handleRequest(NULL, Object(Config\Cache), false)
#14 C:\xampp\htdocs\warehouse\public\index.php(45): CodeIgniter\CodeIgniter->run()
#15 C:\xampp\htdocs\warehouse\vendor\codeigniter4\framework\system\Commands\Server\rewrite.php(34): require_once('C:\\xampp\\htdocs...')
#16 {main}
CRITICAL - 2020-07-03 15:50:42 --> You have an error in your SQL syntax; check the manual that corresponds to your MariaDB server version for the right syntax to use near 'AND `user_menu`.`is_active` = 1
                                ORDER BY `user_' at line 5
#0 C:\xampp\htdocs\warehouse\vendor\codeigniter4\framework\system\Database\MySQLi\Connection.php(331): mysqli->query('SELECT `user_me...')
#1 C:\xampp\htdocs\warehouse\vendor\codeigniter4\framework\system\Database\BaseConnection.php(738): CodeIgniter\Database\MySQLi\Connection->execute('SELECT `user_me...')
#2 C:\xampp\htdocs\warehouse\vendor\codeigniter4\framework\system\Database\BaseConnection.php(666): CodeIgniter\Database\BaseConnection->simpleQuery('SELECT `user_me...')
#3 C:\xampp\htdocs\warehouse\app\Views\layouts\sidebar.php(61): CodeIgniter\Database\BaseConnection->query('SELECT `user_me...')
#4 C:\xampp\htdocs\warehouse\vendor\codeigniter4\framework\system\View\View.php(246): include('C:\\xampp\\htdocs...')
#5 C:\xampp\htdocs\warehouse\vendor\codeigniter4\framework\system\View\View.php(525): CodeIgniter\View\View->render('layouts/sidebar', NULL, true)
#6 C:\xampp\htdocs\warehouse\app\Views\layouts\template.php(24): CodeIgniter\View\View->include('layouts/sidebar')
#7 C:\xampp\htdocs\warehouse\vendor\codeigniter4\framework\system\View\View.php(246): include('C:\\xampp\\htdocs...')
#8 C:\xampp\htdocs\warehouse\vendor\codeigniter4\framework\system\View\View.php(257): CodeIgniter\View\View->render('layouts/templat...', Array, true)
#9 C:\xampp\htdocs\warehouse\vendor\codeigniter4\framework\system\Common.php(1087): CodeIgniter\View\View->render('cart/checkout', Array, true)
#10 C:\xampp\htdocs\warehouse\app\Controllers\Cart.php(31): view('cart/checkout', Array)
#11 C:\xampp\htdocs\warehouse\vendor\codeigniter4\framework\system\CodeIgniter.php(914): App\Controllers\Cart->checkout()
#12 C:\xampp\htdocs\warehouse\vendor\codeigniter4\framework\system\CodeIgniter.php(400): CodeIgniter\CodeIgniter->runController(Object(App\Controllers\Cart))
#13 C:\xampp\htdocs\warehouse\vendor\codeigniter4\framework\system\CodeIgniter.php(308): CodeIgniter\CodeIgniter->handleRequest(NULL, Object(Config\Cache), false)
#14 C:\xampp\htdocs\warehouse\public\index.php(45): CodeIgniter\CodeIgniter->run()
#15 C:\xampp\htdocs\warehouse\vendor\codeigniter4\framework\system\Commands\Server\rewrite.php(34): require_once('C:\\xampp\\htdocs...')
#16 {main}
CRITICAL - 2020-07-03 15:50:43 --> You have an error in your SQL syntax; check the manual that corresponds to your MariaDB server version for the right syntax to use near 'AND `user_menu`.`is_active` = 1
                                ORDER BY `user_' at line 5
#0 C:\xampp\htdocs\warehouse\vendor\codeigniter4\framework\system\Database\MySQLi\Connection.php(331): mysqli->query('SELECT `user_me...')
#1 C:\xampp\htdocs\warehouse\vendor\codeigniter4\framework\system\Database\BaseConnection.php(738): CodeIgniter\Database\MySQLi\Connection->execute('SELECT `user_me...')
#2 C:\xampp\htdocs\warehouse\vendor\codeigniter4\framework\system\Database\BaseConnection.php(666): CodeIgniter\Database\BaseConnection->simpleQuery('SELECT `user_me...')
#3 C:\xampp\htdocs\warehouse\app\Views\layouts\sidebar.php(61): CodeIgniter\Database\BaseConnection->query('SELECT `user_me...')
#4 C:\xampp\htdocs\warehouse\vendor\codeigniter4\framework\system\View\View.php(246): include('C:\\xampp\\htdocs...')
#5 C:\xampp\htdocs\warehouse\vendor\codeigniter4\framework\system\View\View.php(525): CodeIgniter\View\View->render('layouts/sidebar', NULL, true)
#6 C:\xampp\htdocs\warehouse\app\Views\layouts\template.php(24): CodeIgniter\View\View->include('layouts/sidebar')
#7 C:\xampp\htdocs\warehouse\vendor\codeigniter4\framework\system\View\View.php(246): include('C:\\xampp\\htdocs...')
#8 C:\xampp\htdocs\warehouse\vendor\codeigniter4\framework\system\View\View.php(257): CodeIgniter\View\View->render('layouts/templat...', Array, true)
#9 C:\xampp\htdocs\warehouse\vendor\codeigniter4\framework\system\Common.php(1087): CodeIgniter\View\View->render('cart/checkout', Array, true)
#10 C:\xampp\htdocs\warehouse\app\Controllers\Cart.php(31): view('cart/checkout', Array)
#11 C:\xampp\htdocs\warehouse\vendor\codeigniter4\framework\system\CodeIgniter.php(914): App\Controllers\Cart->checkout()
#12 C:\xampp\htdocs\warehouse\vendor\codeigniter4\framework\system\CodeIgniter.php(400): CodeIgniter\CodeIgniter->runController(Object(App\Controllers\Cart))
#13 C:\xampp\htdocs\warehouse\vendor\codeigniter4\framework\system\CodeIgniter.php(308): CodeIgniter\CodeIgniter->handleRequest(NULL, Object(Config\Cache), false)
#14 C:\xampp\htdocs\warehouse\public\index.php(45): CodeIgniter\CodeIgniter->run()
#15 C:\xampp\htdocs\warehouse\vendor\codeigniter4\framework\system\Commands\Server\rewrite.php(34): require_once('C:\\xampp\\htdocs...')
#16 {main}
CRITICAL - 2020-07-03 15:50:54 --> You have an error in your SQL syntax; check the manual that corresponds to your MariaDB server version for the right syntax to use near 'AND `user_menu`.`is_active` = 1
                                ORDER BY `user_' at line 5
#0 C:\xampp\htdocs\warehouse\vendor\codeigniter4\framework\system\Database\MySQLi\Connection.php(331): mysqli->query('SELECT `user_me...')
#1 C:\xampp\htdocs\warehouse\vendor\codeigniter4\framework\system\Database\BaseConnection.php(738): CodeIgniter\Database\MySQLi\Connection->execute('SELECT `user_me...')
#2 C:\xampp\htdocs\warehouse\vendor\codeigniter4\framework\system\Database\BaseConnection.php(666): CodeIgniter\Database\BaseConnection->simpleQuery('SELECT `user_me...')
#3 C:\xampp\htdocs\warehouse\app\Views\layouts\sidebar.php(61): CodeIgniter\Database\BaseConnection->query('SELECT `user_me...')
#4 C:\xampp\htdocs\warehouse\vendor\codeigniter4\framework\system\View\View.php(246): include('C:\\xampp\\htdocs...')
#5 C:\xampp\htdocs\warehouse\vendor\codeigniter4\framework\system\View\View.php(525): CodeIgniter\View\View->render('layouts/sidebar', NULL, true)
#6 C:\xampp\htdocs\warehouse\app\Views\layouts\template.php(24): CodeIgniter\View\View->include('layouts/sidebar')
#7 C:\xampp\htdocs\warehouse\vendor\codeigniter4\framework\system\View\View.php(246): include('C:\\xampp\\htdocs...')
#8 C:\xampp\htdocs\warehouse\vendor\codeigniter4\framework\system\View\View.php(257): CodeIgniter\View\View->render('layouts/templat...', Array, true)
#9 C:\xampp\htdocs\warehouse\vendor\codeigniter4\framework\system\Common.php(1087): CodeIgniter\View\View->render('cart/checkout', Array, true)
#10 C:\xampp\htdocs\warehouse\app\Controllers\Cart.php(31): view('cart/checkout', Array)
#11 C:\xampp\htdocs\warehouse\vendor\codeigniter4\framework\system\CodeIgniter.php(914): App\Controllers\Cart->checkout()
#12 C:\xampp\htdocs\warehouse\vendor\codeigniter4\framework\system\CodeIgniter.php(400): CodeIgniter\CodeIgniter->runController(Object(App\Controllers\Cart))
#13 C:\xampp\htdocs\warehouse\vendor\codeigniter4\framework\system\CodeIgniter.php(308): CodeIgniter\CodeIgniter->handleRequest(NULL, Object(Config\Cache), false)
#14 C:\xampp\htdocs\warehouse\public\index.php(45): CodeIgniter\CodeIgniter->run()
#15 C:\xampp\htdocs\warehouse\vendor\codeigniter4\framework\system\Commands\Server\rewrite.php(34): require_once('C:\\xampp\\htdocs...')
#16 {main}
CRITICAL - 2020-07-03 15:51:22 --> You have an error in your SQL syntax; check the manual that corresponds to your MariaDB server version for the right syntax to use near 'AND `user_menu`.`is_active` = 1
                                ORDER BY `user_' at line 5
#0 C:\xampp\htdocs\warehouse\vendor\codeigniter4\framework\system\Database\MySQLi\Connection.php(331): mysqli->query('SELECT `user_me...')
#1 C:\xampp\htdocs\warehouse\vendor\codeigniter4\framework\system\Database\BaseConnection.php(738): CodeIgniter\Database\MySQLi\Connection->execute('SELECT `user_me...')
#2 C:\xampp\htdocs\warehouse\vendor\codeigniter4\framework\system\Database\BaseConnection.php(666): CodeIgniter\Database\BaseConnection->simpleQuery('SELECT `user_me...')
#3 C:\xampp\htdocs\warehouse\app\Views\layouts\sidebar.php(61): CodeIgniter\Database\BaseConnection->query('SELECT `user_me...')
#4 C:\xampp\htdocs\warehouse\vendor\codeigniter4\framework\system\View\View.php(246): include('C:\\xampp\\htdocs...')
#5 C:\xampp\htdocs\warehouse\vendor\codeigniter4\framework\system\View\View.php(525): CodeIgniter\View\View->render('layouts/sidebar', NULL, true)
#6 C:\xampp\htdocs\warehouse\app\Views\layouts\template.php(24): CodeIgniter\View\View->include('layouts/sidebar')
#7 C:\xampp\htdocs\warehouse\vendor\codeigniter4\framework\system\View\View.php(246): include('C:\\xampp\\htdocs...')
#8 C:\xampp\htdocs\warehouse\vendor\codeigniter4\framework\system\View\View.php(257): CodeIgniter\View\View->render('layouts/templat...', Array, true)
#9 C:\xampp\htdocs\warehouse\vendor\codeigniter4\framework\system\Common.php(1087): CodeIgniter\View\View->render('cart/checkout', Array, true)
#10 C:\xampp\htdocs\warehouse\app\Controllers\Cart.php(31): view('cart/checkout', Array)
#11 C:\xampp\htdocs\warehouse\vendor\codeigniter4\framework\system\CodeIgniter.php(914): App\Controllers\Cart->checkout()
#12 C:\xampp\htdocs\warehouse\vendor\codeigniter4\framework\system\CodeIgniter.php(400): CodeIgniter\CodeIgniter->runController(Object(App\Controllers\Cart))
#13 C:\xampp\htdocs\warehouse\vendor\codeigniter4\framework\system\CodeIgniter.php(308): CodeIgniter\CodeIgniter->handleRequest(NULL, Object(Config\Cache), false)
#14 C:\xampp\htdocs\warehouse\public\index.php(45): CodeIgniter\CodeIgniter->run()
#15 C:\xampp\htdocs\warehouse\vendor\codeigniter4\framework\system\Commands\Server\rewrite.php(34): require_once('C:\\xampp\\htdocs...')
#16 {main}
