CRITICAL - 2020-07-01 11:20:43 --> You have an error in your SQL syntax; check the manual that corresponds to your MariaDB server version for the right syntax to use near 'AND `user_menu`.`is_active` = 1
                                ORDER BY `user_' at line 5
#0 C:\xampp\htdocs\warehouse\vendor\codeigniter4\framework\system\Database\MySQLi\Connection.php(331): mysqli->query('SELECT `user_me...')
#1 C:\xampp\htdocs\warehouse\vendor\codeigniter4\framework\system\Database\BaseConnection.php(738): CodeIgniter\Database\MySQLi\Connection->execute('SELECT `user_me...')
#2 C:\xampp\htdocs\warehouse\vendor\codeigniter4\framework\system\Database\BaseConnection.php(666): CodeIgniter\Database\BaseConnection->simpleQuery('SELECT `user_me...')
#3 C:\xampp\htdocs\warehouse\app\Views\layouts\sidebar.php(61): CodeIgniter\Database\BaseConnection->query('SELECT `user_me...')
#4 C:\xampp\htdocs\warehouse\vendor\codeigniter4\framework\system\View\View.php(246): include('C:\\xampp\\htdocs...')
#5 C:\xampp\htdocs\warehouse\vendor\codeigniter4\framework\system\View\View.php(525): CodeIgniter\View\View->render('layouts/sidebar', NULL, true)
#6 C:\xampp\htdocs\warehouse\app\Views\layouts\template.php(24): CodeIgniter\View\View->include('layouts/sidebar')
#7 C:\xampp\htdocs\warehouse\vendor\codeigniter4\framework\system\View\View.php(246): include('C:\\xampp\\htdocs...')
#8 C:\xampp\htdocs\warehouse\vendor\codeigniter4\framework\system\View\View.php(257): CodeIgniter\View\View->render('layouts/templat...', Array, true)
#9 C:\xampp\htdocs\warehouse\vendor\codeigniter4\framework\system\Common.php(1087): CodeIgniter\View\View->render('parts/item', Array, true)
#10 C:\xampp\htdocs\warehouse\app\Controllers\Parts.php(33): view('parts/item', Array)
#11 C:\xampp\htdocs\warehouse\vendor\codeigniter4\framework\system\CodeIgniter.php(914): App\Controllers\Parts->item('WMCSTD-XATP40L3...')
#12 C:\xampp\htdocs\warehouse\vendor\codeigniter4\framework\system\CodeIgniter.php(400): CodeIgniter\CodeIgniter->runController(Object(App\Controllers\Parts))
#13 C:\xampp\htdocs\warehouse\vendor\codeigniter4\framework\system\CodeIgniter.php(308): CodeIgniter\CodeIgniter->handleRequest(NULL, Object(Config\Cache), false)
#14 C:\xampp\htdocs\warehouse\public\index.php(45): CodeIgniter\CodeIgniter->run()
#15 C:\xampp\htdocs\warehouse\vendor\codeigniter4\framework\system\Commands\Server\rewrite.php(34): require_once('C:\\xampp\\htdocs...')
#16 {main}
CRITICAL - 2020-07-01 11:21:04 --> You have an error in your SQL syntax; check the manual that corresponds to your MariaDB server version for the right syntax to use near 'AND `user_menu`.`is_active` = 1
                                ORDER BY `user_' at line 5
#0 C:\xampp\htdocs\warehouse\vendor\codeigniter4\framework\system\Database\MySQLi\Connection.php(331): mysqli->query('SELECT `user_me...')
#1 C:\xampp\htdocs\warehouse\vendor\codeigniter4\framework\system\Database\BaseConnection.php(738): CodeIgniter\Database\MySQLi\Connection->execute('SELECT `user_me...')
#2 C:\xampp\htdocs\warehouse\vendor\codeigniter4\framework\system\Database\BaseConnection.php(666): CodeIgniter\Database\BaseConnection->simpleQuery('SELECT `user_me...')
#3 C:\xampp\htdocs\warehouse\app\Views\layouts\sidebar.php(61): CodeIgniter\Database\BaseConnection->query('SELECT `user_me...')
#4 C:\xampp\htdocs\warehouse\vendor\codeigniter4\framework\system\View\View.php(246): include('C:\\xampp\\htdocs...')
#5 C:\xampp\htdocs\warehouse\vendor\codeigniter4\framework\system\View\View.php(525): CodeIgniter\View\View->render('layouts/sidebar', NULL, true)
#6 C:\xampp\htdocs\warehouse\app\Views\layouts\template.php(24): CodeIgniter\View\View->include('layouts/sidebar')
#7 C:\xampp\htdocs\warehouse\vendor\codeigniter4\framework\system\View\View.php(246): include('C:\\xampp\\htdocs...')
#8 C:\xampp\htdocs\warehouse\vendor\codeigniter4\framework\system\View\View.php(257): CodeIgniter\View\View->render('layouts/templat...', Array, true)
#9 C:\xampp\htdocs\warehouse\vendor\codeigniter4\framework\system\Common.php(1087): CodeIgniter\View\View->render('parts/item', Array, true)
#10 C:\xampp\htdocs\warehouse\app\Controllers\Parts.php(33): view('parts/item', Array)
#11 C:\xampp\htdocs\warehouse\vendor\codeigniter4\framework\system\CodeIgniter.php(914): App\Controllers\Parts->item('WMCSTD-XATP40L3...')
#12 C:\xampp\htdocs\warehouse\vendor\codeigniter4\framework\system\CodeIgniter.php(400): CodeIgniter\CodeIgniter->runController(Object(App\Controllers\Parts))
#13 C:\xampp\htdocs\warehouse\vendor\codeigniter4\framework\system\CodeIgniter.php(308): CodeIgniter\CodeIgniter->handleRequest(NULL, Object(Config\Cache), false)
#14 C:\xampp\htdocs\warehouse\public\index.php(45): CodeIgniter\CodeIgniter->run()
#15 C:\xampp\htdocs\warehouse\vendor\codeigniter4\framework\system\Commands\Server\rewrite.php(34): require_once('C:\\xampp\\htdocs...')
#16 {main}
CRITICAL - 2020-07-01 05:06:41 --> Undefined property: App\Controllers\Parts::$project
#0 C:\xampp\htdocs\warehouse\app\Controllers\Parts.php(42): CodeIgniter\Debug\Exceptions->errorHandler(8, 'Undefined prope...', 'C:\\xampp\\htdocs...', 42, Array)
#1 C:\xampp\htdocs\warehouse\vendor\codeigniter4\framework\system\CodeIgniter.php(914): App\Controllers\Parts->part()
#2 C:\xampp\htdocs\warehouse\vendor\codeigniter4\framework\system\CodeIgniter.php(400): CodeIgniter\CodeIgniter->runController(Object(App\Controllers\Parts))
#3 C:\xampp\htdocs\warehouse\vendor\codeigniter4\framework\system\CodeIgniter.php(308): CodeIgniter\CodeIgniter->handleRequest(NULL, Object(Config\Cache), false)
#4 C:\xampp\htdocs\warehouse\public\index.php(45): CodeIgniter\CodeIgniter->run()
#5 C:\xampp\htdocs\warehouse\vendor\codeigniter4\framework\system\Commands\Server\rewrite.php(34): require_once('C:\\xampp\\htdocs...')
#6 {main}
CRITICAL - 2020-07-01 05:06:41 --> Undefined property: App\Controllers\Parts::$project
#0 C:\xampp\htdocs\warehouse\app\Controllers\Parts.php(42): CodeIgniter\Debug\Exceptions->errorHandler(8, 'Undefined prope...', 'C:\\xampp\\htdocs...', 42, Array)
#1 C:\xampp\htdocs\warehouse\vendor\codeigniter4\framework\system\CodeIgniter.php(914): App\Controllers\Parts->part()
#2 C:\xampp\htdocs\warehouse\vendor\codeigniter4\framework\system\CodeIgniter.php(400): CodeIgniter\CodeIgniter->runController(Object(App\Controllers\Parts))
#3 C:\xampp\htdocs\warehouse\vendor\codeigniter4\framework\system\CodeIgniter.php(308): CodeIgniter\CodeIgniter->handleRequest(NULL, Object(Config\Cache), false)
#4 C:\xampp\htdocs\warehouse\public\index.php(45): CodeIgniter\CodeIgniter->run()
#5 C:\xampp\htdocs\warehouse\vendor\codeigniter4\framework\system\Commands\Server\rewrite.php(34): require_once('C:\\xampp\\htdocs...')
#6 {main}
CRITICAL - 2020-07-01 05:07:10 --> Call to undefined method CodeIgniter\Database\MySQLi\Connection::from()
#0 C:\xampp\htdocs\warehouse\app\Controllers\Parts.php(42): App\Models\PartsModel->count_all()
#1 C:\xampp\htdocs\warehouse\vendor\codeigniter4\framework\system\CodeIgniter.php(914): App\Controllers\Parts->part()
#2 C:\xampp\htdocs\warehouse\vendor\codeigniter4\framework\system\CodeIgniter.php(400): CodeIgniter\CodeIgniter->runController(Object(App\Controllers\Parts))
#3 C:\xampp\htdocs\warehouse\vendor\codeigniter4\framework\system\CodeIgniter.php(308): CodeIgniter\CodeIgniter->handleRequest(NULL, Object(Config\Cache), false)
#4 C:\xampp\htdocs\warehouse\public\index.php(45): CodeIgniter\CodeIgniter->run()
#5 C:\xampp\htdocs\warehouse\vendor\codeigniter4\framework\system\Commands\Server\rewrite.php(34): require_once('C:\\xampp\\htdocs...')
#6 {main}
CRITICAL - 2020-07-01 05:07:10 --> Call to undefined method CodeIgniter\Database\MySQLi\Connection::from()
#0 C:\xampp\htdocs\warehouse\app\Controllers\Parts.php(42): App\Models\PartsModel->count_all()
#1 C:\xampp\htdocs\warehouse\vendor\codeigniter4\framework\system\CodeIgniter.php(914): App\Controllers\Parts->part()
#2 C:\xampp\htdocs\warehouse\vendor\codeigniter4\framework\system\CodeIgniter.php(400): CodeIgniter\CodeIgniter->runController(Object(App\Controllers\Parts))
#3 C:\xampp\htdocs\warehouse\vendor\codeigniter4\framework\system\CodeIgniter.php(308): CodeIgniter\CodeIgniter->handleRequest(NULL, Object(Config\Cache), false)
#4 C:\xampp\htdocs\warehouse\public\index.php(45): CodeIgniter\CodeIgniter->run()
#5 C:\xampp\htdocs\warehouse\vendor\codeigniter4\framework\system\Commands\Server\rewrite.php(34): require_once('C:\\xampp\\htdocs...')
#6 {main}
CRITICAL - 2020-07-01 05:07:54 --> Call to undefined method CodeIgniter\Database\MySQLi\Connection::from()
#0 C:\xampp\htdocs\warehouse\app\Controllers\Parts.php(42): App\Models\PartsModel->count_all()
#1 C:\xampp\htdocs\warehouse\vendor\codeigniter4\framework\system\CodeIgniter.php(914): App\Controllers\Parts->part()
#2 C:\xampp\htdocs\warehouse\vendor\codeigniter4\framework\system\CodeIgniter.php(400): CodeIgniter\CodeIgniter->runController(Object(App\Controllers\Parts))
#3 C:\xampp\htdocs\warehouse\vendor\codeigniter4\framework\system\CodeIgniter.php(308): CodeIgniter\CodeIgniter->handleRequest(NULL, Object(Config\Cache), false)
#4 C:\xampp\htdocs\warehouse\public\index.php(45): CodeIgniter\CodeIgniter->run()
#5 C:\xampp\htdocs\warehouse\vendor\codeigniter4\framework\system\Commands\Server\rewrite.php(34): require_once('C:\\xampp\\htdocs...')
#6 {main}
CRITICAL - 2020-07-01 05:07:55 --> Call to undefined method CodeIgniter\Database\MySQLi\Connection::from()
#0 C:\xampp\htdocs\warehouse\app\Controllers\Parts.php(42): App\Models\PartsModel->count_all()
#1 C:\xampp\htdocs\warehouse\vendor\codeigniter4\framework\system\CodeIgniter.php(914): App\Controllers\Parts->part()
#2 C:\xampp\htdocs\warehouse\vendor\codeigniter4\framework\system\CodeIgniter.php(400): CodeIgniter\CodeIgniter->runController(Object(App\Controllers\Parts))
#3 C:\xampp\htdocs\warehouse\vendor\codeigniter4\framework\system\CodeIgniter.php(308): CodeIgniter\CodeIgniter->handleRequest(NULL, Object(Config\Cache), false)
#4 C:\xampp\htdocs\warehouse\public\index.php(45): CodeIgniter\CodeIgniter->run()
#5 C:\xampp\htdocs\warehouse\vendor\codeigniter4\framework\system\Commands\Server\rewrite.php(34): require_once('C:\\xampp\\htdocs...')
#6 {main}
CRITICAL - 2020-07-01 05:18:24 --> Undefined index: draw
#0 C:\xampp\htdocs\warehouse\app\Controllers\Parts.php(41): CodeIgniter\Debug\Exceptions->errorHandler(8, 'Undefined index...', 'C:\\xampp\\htdocs...', 41, Array)
#1 C:\xampp\htdocs\warehouse\vendor\codeigniter4\framework\system\CodeIgniter.php(914): App\Controllers\Parts->part()
#2 C:\xampp\htdocs\warehouse\vendor\codeigniter4\framework\system\CodeIgniter.php(400): CodeIgniter\CodeIgniter->runController(Object(App\Controllers\Parts))
#3 C:\xampp\htdocs\warehouse\vendor\codeigniter4\framework\system\CodeIgniter.php(308): CodeIgniter\CodeIgniter->handleRequest(NULL, Object(Config\Cache), false)
#4 C:\xampp\htdocs\warehouse\public\index.php(45): CodeIgniter\CodeIgniter->run()
#5 C:\xampp\htdocs\warehouse\vendor\codeigniter4\framework\system\Commands\Server\rewrite.php(34): require_once('C:\\xampp\\htdocs...')
#6 {main}
CRITICAL - 2020-07-01 05:18:34 --> Undefined index: draw
#0 C:\xampp\htdocs\warehouse\app\Controllers\Parts.php(41): CodeIgniter\Debug\Exceptions->errorHandler(8, 'Undefined index...', 'C:\\xampp\\htdocs...', 41, Array)
#1 C:\xampp\htdocs\warehouse\vendor\codeigniter4\framework\system\CodeIgniter.php(914): App\Controllers\Parts->part()
#2 C:\xampp\htdocs\warehouse\vendor\codeigniter4\framework\system\CodeIgniter.php(400): CodeIgniter\CodeIgniter->runController(Object(App\Controllers\Parts))
#3 C:\xampp\htdocs\warehouse\vendor\codeigniter4\framework\system\CodeIgniter.php(308): CodeIgniter\CodeIgniter->handleRequest(NULL, Object(Config\Cache), false)
#4 C:\xampp\htdocs\warehouse\public\index.php(45): CodeIgniter\CodeIgniter->run()
#5 C:\xampp\htdocs\warehouse\vendor\codeigniter4\framework\system\Commands\Server\rewrite.php(34): require_once('C:\\xampp\\htdocs...')
#6 {main}
CRITICAL - 2020-07-01 05:19:16 --> Undefined index: draw
#0 C:\xampp\htdocs\warehouse\app\Controllers\Parts.php(41): CodeIgniter\Debug\Exceptions->errorHandler(8, 'Undefined index...', 'C:\\xampp\\htdocs...', 41, Array)
#1 C:\xampp\htdocs\warehouse\vendor\codeigniter4\framework\system\CodeIgniter.php(914): App\Controllers\Parts->part()
#2 C:\xampp\htdocs\warehouse\vendor\codeigniter4\framework\system\CodeIgniter.php(400): CodeIgniter\CodeIgniter->runController(Object(App\Controllers\Parts))
#3 C:\xampp\htdocs\warehouse\vendor\codeigniter4\framework\system\CodeIgniter.php(308): CodeIgniter\CodeIgniter->handleRequest(NULL, Object(Config\Cache), false)
#4 C:\xampp\htdocs\warehouse\public\index.php(45): CodeIgniter\CodeIgniter->run()
#5 C:\xampp\htdocs\warehouse\vendor\codeigniter4\framework\system\Commands\Server\rewrite.php(34): require_once('C:\\xampp\\htdocs...')
#6 {main}
CRITICAL - 2020-07-01 05:20:02 --> Undefined index: draw
#0 C:\xampp\htdocs\warehouse\app\Controllers\Parts.php(41): CodeIgniter\Debug\Exceptions->errorHandler(8, 'Undefined index...', 'C:\\xampp\\htdocs...', 41, Array)
#1 C:\xampp\htdocs\warehouse\vendor\codeigniter4\framework\system\CodeIgniter.php(914): App\Controllers\Parts->part()
#2 C:\xampp\htdocs\warehouse\vendor\codeigniter4\framework\system\CodeIgniter.php(400): CodeIgniter\CodeIgniter->runController(Object(App\Controllers\Parts))
#3 C:\xampp\htdocs\warehouse\vendor\codeigniter4\framework\system\CodeIgniter.php(308): CodeIgniter\CodeIgniter->handleRequest(NULL, Object(Config\Cache), false)
#4 C:\xampp\htdocs\warehouse\public\index.php(45): CodeIgniter\CodeIgniter->run()
#5 C:\xampp\htdocs\warehouse\vendor\codeigniter4\framework\system\Commands\Server\rewrite.php(34): require_once('C:\\xampp\\htdocs...')
#6 {main}
CRITICAL - 2020-07-01 05:21:27 --> Undefined index: draw
#0 C:\xampp\htdocs\warehouse\app\Controllers\Parts.php(41): CodeIgniter\Debug\Exceptions->errorHandler(8, 'Undefined index...', 'C:\\xampp\\htdocs...', 41, Array)
#1 C:\xampp\htdocs\warehouse\vendor\codeigniter4\framework\system\CodeIgniter.php(914): App\Controllers\Parts->part()
#2 C:\xampp\htdocs\warehouse\vendor\codeigniter4\framework\system\CodeIgniter.php(400): CodeIgniter\CodeIgniter->runController(Object(App\Controllers\Parts))
#3 C:\xampp\htdocs\warehouse\vendor\codeigniter4\framework\system\CodeIgniter.php(308): CodeIgniter\CodeIgniter->handleRequest(NULL, Object(Config\Cache), false)
#4 C:\xampp\htdocs\warehouse\public\index.php(45): CodeIgniter\CodeIgniter->run()
#5 C:\xampp\htdocs\warehouse\vendor\codeigniter4\framework\system\Commands\Server\rewrite.php(34): require_once('C:\\xampp\\htdocs...')
#6 {main}
CRITICAL - 2020-07-01 05:36:17 --> Trying to access array offset on value of type null
#0 C:\xampp\htdocs\warehouse\app\Views\parts\item.php(10): CodeIgniter\Debug\Exceptions->errorHandler(8, 'Trying to acces...', 'C:\\xampp\\htdocs...', 10, Array)
#1 C:\xampp\htdocs\warehouse\vendor\codeigniter4\framework\system\View\View.php(246): include('C:\\xampp\\htdocs...')
#2 C:\xampp\htdocs\warehouse\vendor\codeigniter4\framework\system\Common.php(1087): CodeIgniter\View\View->render('parts/item', Array, true)
#3 C:\xampp\htdocs\warehouse\app\Controllers\Parts.php(33): view('parts/item', Array)
#4 C:\xampp\htdocs\warehouse\vendor\codeigniter4\framework\system\CodeIgniter.php(914): App\Controllers\Parts->item('WMFMCH-NUSAFR')
#5 C:\xampp\htdocs\warehouse\vendor\codeigniter4\framework\system\CodeIgniter.php(400): CodeIgniter\CodeIgniter->runController(Object(App\Controllers\Parts))
#6 C:\xampp\htdocs\warehouse\vendor\codeigniter4\framework\system\CodeIgniter.php(308): CodeIgniter\CodeIgniter->handleRequest(NULL, Object(Config\Cache), false)
#7 C:\xampp\htdocs\warehouse\public\index.php(45): CodeIgniter\CodeIgniter->run()
#8 C:\xampp\htdocs\warehouse\vendor\codeigniter4\framework\system\Commands\Server\rewrite.php(34): require_once('C:\\xampp\\htdocs...')
#9 {main}
CRITICAL - 2020-07-01 05:36:53 --> Too few arguments to function App\Controllers\Parts::item(), 0 passed in C:\xampp\htdocs\warehouse\vendor\codeigniter4\framework\system\CodeIgniter.php on line 914 and exactly 1 expected
#0 C:\xampp\htdocs\warehouse\vendor\codeigniter4\framework\system\CodeIgniter.php(914): App\Controllers\Parts->item()
#1 C:\xampp\htdocs\warehouse\vendor\codeigniter4\framework\system\CodeIgniter.php(400): CodeIgniter\CodeIgniter->runController(Object(App\Controllers\Parts))
#2 C:\xampp\htdocs\warehouse\vendor\codeigniter4\framework\system\CodeIgniter.php(308): CodeIgniter\CodeIgniter->handleRequest(NULL, Object(Config\Cache), false)
#3 C:\xampp\htdocs\warehouse\public\index.php(45): CodeIgniter\CodeIgniter->run()
#4 C:\xampp\htdocs\warehouse\vendor\codeigniter4\framework\system\Commands\Server\rewrite.php(34): require_once('C:\\xampp\\htdocs...')
#5 {main}
CRITICAL - 2020-07-01 05:36:57 --> Invalid file: part/index.php
#0 C:\xampp\htdocs\warehouse\vendor\codeigniter4\framework\system\View\View.php(228): CodeIgniter\Exceptions\FrameworkException::forInvalidFile('part/index.php')
#1 C:\xampp\htdocs\warehouse\vendor\codeigniter4\framework\system\Common.php(1087): CodeIgniter\View\View->render('part/index', Array, true)
#2 C:\xampp\htdocs\warehouse\app\Controllers\Parts.php(23): view('part/index', Array)
#3 C:\xampp\htdocs\warehouse\vendor\codeigniter4\framework\system\CodeIgniter.php(914): App\Controllers\Parts->index()
#4 C:\xampp\htdocs\warehouse\vendor\codeigniter4\framework\system\CodeIgniter.php(400): CodeIgniter\CodeIgniter->runController(Object(App\Controllers\Parts))
#5 C:\xampp\htdocs\warehouse\vendor\codeigniter4\framework\system\CodeIgniter.php(308): CodeIgniter\CodeIgniter->handleRequest(NULL, Object(Config\Cache), false)
#6 C:\xampp\htdocs\warehouse\public\index.php(45): CodeIgniter\CodeIgniter->run()
#7 C:\xampp\htdocs\warehouse\vendor\codeigniter4\framework\system\Commands\Server\rewrite.php(34): require_once('C:\\xampp\\htdocs...')
#8 {main}
CRITICAL - 2020-07-01 05:36:59 --> Too few arguments to function App\Controllers\Parts::item(), 0 passed in C:\xampp\htdocs\warehouse\vendor\codeigniter4\framework\system\CodeIgniter.php on line 914 and exactly 1 expected
#0 C:\xampp\htdocs\warehouse\vendor\codeigniter4\framework\system\CodeIgniter.php(914): App\Controllers\Parts->item()
#1 C:\xampp\htdocs\warehouse\vendor\codeigniter4\framework\system\CodeIgniter.php(400): CodeIgniter\CodeIgniter->runController(Object(App\Controllers\Parts))
#2 C:\xampp\htdocs\warehouse\vendor\codeigniter4\framework\system\CodeIgniter.php(308): CodeIgniter\CodeIgniter->handleRequest(NULL, Object(Config\Cache), false)
#3 C:\xampp\htdocs\warehouse\public\index.php(45): CodeIgniter\CodeIgniter->run()
#4 C:\xampp\htdocs\warehouse\vendor\codeigniter4\framework\system\Commands\Server\rewrite.php(34): require_once('C:\\xampp\\htdocs...')
#5 {main}
CRITICAL - 2020-07-01 05:36:59 --> Trying to access array offset on value of type null
#0 C:\xampp\htdocs\warehouse\app\Views\parts\item.php(10): CodeIgniter\Debug\Exceptions->errorHandler(8, 'Trying to acces...', 'C:\\xampp\\htdocs...', 10, Array)
#1 C:\xampp\htdocs\warehouse\vendor\codeigniter4\framework\system\View\View.php(246): include('C:\\xampp\\htdocs...')
#2 C:\xampp\htdocs\warehouse\vendor\codeigniter4\framework\system\Common.php(1087): CodeIgniter\View\View->render('parts/item', Array, true)
#3 C:\xampp\htdocs\warehouse\app\Controllers\Parts.php(33): view('parts/item', Array)
#4 C:\xampp\htdocs\warehouse\vendor\codeigniter4\framework\system\CodeIgniter.php(914): App\Controllers\Parts->item('WMFMCH-NUSAFR')
#5 C:\xampp\htdocs\warehouse\vendor\codeigniter4\framework\system\CodeIgniter.php(400): CodeIgniter\CodeIgniter->runController(Object(App\Controllers\Parts))
#6 C:\xampp\htdocs\warehouse\vendor\codeigniter4\framework\system\CodeIgniter.php(308): CodeIgniter\CodeIgniter->handleRequest(NULL, Object(Config\Cache), false)
#7 C:\xampp\htdocs\warehouse\public\index.php(45): CodeIgniter\CodeIgniter->run()
#8 C:\xampp\htdocs\warehouse\vendor\codeigniter4\framework\system\Commands\Server\rewrite.php(34): require_once('C:\\xampp\\htdocs...')
#9 {main}
