CRITICAL - 2020-06-24 01:36:01 --> Undefined property: App\Controllers\Auth::$load
#0 C:\xampp\htdocs\warehouse\app\Controllers\Auth.php(7): CodeIgniter\Debug\Exceptions->errorHandler(8, 'Undefined prope...', 'C:\\xampp\\htdocs...', 7, Array)
#1 C:\xampp\htdocs\warehouse\vendor\codeigniter4\framework\system\CodeIgniter.php(914): App\Controllers\Auth->index()
#2 C:\xampp\htdocs\warehouse\vendor\codeigniter4\framework\system\CodeIgniter.php(400): CodeIgniter\CodeIgniter->runController(Object(App\Controllers\Auth))
#3 C:\xampp\htdocs\warehouse\vendor\codeigniter4\framework\system\CodeIgniter.php(308): CodeIgniter\CodeIgniter->handleRequest(NULL, Object(Config\Cache), false)
#4 C:\xampp\htdocs\warehouse\public\index.php(45): CodeIgniter\CodeIgniter->run()
#5 C:\xampp\htdocs\warehouse\vendor\codeigniter4\framework\system\Commands\Server\rewrite.php(34): require_once('C:\\xampp\\htdocs...')
#6 {main}
CRITICAL - 2020-06-24 01:38:31 --> Undefined property: App\Controllers\Auth::$load
#0 C:\xampp\htdocs\warehouse\app\Controllers\Auth.php(7): CodeIgniter\Debug\Exceptions->errorHandler(8, 'Undefined prope...', 'C:\\xampp\\htdocs...', 7, Array)
#1 C:\xampp\htdocs\warehouse\vendor\codeigniter4\framework\system\CodeIgniter.php(914): App\Controllers\Auth->index()
#2 C:\xampp\htdocs\warehouse\vendor\codeigniter4\framework\system\CodeIgniter.php(400): CodeIgniter\CodeIgniter->runController(Object(App\Controllers\Auth))
#3 C:\xampp\htdocs\warehouse\vendor\codeigniter4\framework\system\CodeIgniter.php(308): CodeIgniter\CodeIgniter->handleRequest(NULL, Object(Config\Cache), false)
#4 C:\xampp\htdocs\warehouse\public\index.php(45): CodeIgniter\CodeIgniter->run()
#5 C:\xampp\htdocs\warehouse\vendor\codeigniter4\framework\system\Commands\Server\rewrite.php(34): require_once('C:\\xampp\\htdocs...')
#6 {main}
CRITICAL - 2020-06-24 01:39:47 --> Undefined property: App\Controllers\Auth::$load
#0 C:\xampp\htdocs\warehouse\app\Controllers\Auth.php(7): CodeIgniter\Debug\Exceptions->errorHandler(8, 'Undefined prope...', 'C:\\xampp\\htdocs...', 7, Array)
#1 C:\xampp\htdocs\warehouse\vendor\codeigniter4\framework\system\CodeIgniter.php(914): App\Controllers\Auth->index()
#2 C:\xampp\htdocs\warehouse\vendor\codeigniter4\framework\system\CodeIgniter.php(400): CodeIgniter\CodeIgniter->runController(Object(App\Controllers\Auth))
#3 C:\xampp\htdocs\warehouse\vendor\codeigniter4\framework\system\CodeIgniter.php(308): CodeIgniter\CodeIgniter->handleRequest(NULL, Object(Config\Cache), false)
#4 C:\xampp\htdocs\warehouse\public\index.php(45): CodeIgniter\CodeIgniter->run()
#5 C:\xampp\htdocs\warehouse\vendor\codeigniter4\framework\system\Commands\Server\rewrite.php(34): require_once('C:\\xampp\\htdocs...')
#6 {main}
CRITICAL - 2020-06-24 01:39:50 --> Undefined property: App\Controllers\Auth::$load
#0 C:\xampp\htdocs\warehouse\app\Controllers\Auth.php(7): CodeIgniter\Debug\Exceptions->errorHandler(8, 'Undefined prope...', 'C:\\xampp\\htdocs...', 7, Array)
#1 C:\xampp\htdocs\warehouse\vendor\codeigniter4\framework\system\CodeIgniter.php(914): App\Controllers\Auth->index()
#2 C:\xampp\htdocs\warehouse\vendor\codeigniter4\framework\system\CodeIgniter.php(400): CodeIgniter\CodeIgniter->runController(Object(App\Controllers\Auth))
#3 C:\xampp\htdocs\warehouse\vendor\codeigniter4\framework\system\CodeIgniter.php(308): CodeIgniter\CodeIgniter->handleRequest(NULL, Object(Config\Cache), false)
#4 C:\xampp\htdocs\warehouse\public\index.php(45): CodeIgniter\CodeIgniter->run()
#5 C:\xampp\htdocs\warehouse\vendor\codeigniter4\framework\system\Commands\Server\rewrite.php(34): require_once('C:\\xampp\\htdocs...')
#6 {main}
CRITICAL - 2020-06-24 01:39:52 --> Undefined property: App\Controllers\Auth::$load
#0 C:\xampp\htdocs\warehouse\app\Controllers\Auth.php(7): CodeIgniter\Debug\Exceptions->errorHandler(8, 'Undefined prope...', 'C:\\xampp\\htdocs...', 7, Array)
#1 C:\xampp\htdocs\warehouse\vendor\codeigniter4\framework\system\CodeIgniter.php(914): App\Controllers\Auth->index()
#2 C:\xampp\htdocs\warehouse\vendor\codeigniter4\framework\system\CodeIgniter.php(400): CodeIgniter\CodeIgniter->runController(Object(App\Controllers\Auth))
#3 C:\xampp\htdocs\warehouse\vendor\codeigniter4\framework\system\CodeIgniter.php(308): CodeIgniter\CodeIgniter->handleRequest(NULL, Object(Config\Cache), false)
#4 C:\xampp\htdocs\warehouse\public\index.php(45): CodeIgniter\CodeIgniter->run()
#5 C:\xampp\htdocs\warehouse\vendor\codeigniter4\framework\system\Commands\Server\rewrite.php(34): require_once('C:\\xampp\\htdocs...')
#6 {main}
CRITICAL - 2020-06-24 01:40:29 --> Undefined property: App\Controllers\Auth::$load
#0 C:\xampp\htdocs\warehouse\app\Controllers\Auth.php(7): CodeIgniter\Debug\Exceptions->errorHandler(8, 'Undefined prope...', 'C:\\xampp\\htdocs...', 7, Array)
#1 C:\xampp\htdocs\warehouse\vendor\codeigniter4\framework\system\CodeIgniter.php(914): App\Controllers\Auth->index()
#2 C:\xampp\htdocs\warehouse\vendor\codeigniter4\framework\system\CodeIgniter.php(400): CodeIgniter\CodeIgniter->runController(Object(App\Controllers\Auth))
#3 C:\xampp\htdocs\warehouse\vendor\codeigniter4\framework\system\CodeIgniter.php(308): CodeIgniter\CodeIgniter->handleRequest(NULL, Object(Config\Cache), false)
#4 C:\xampp\htdocs\warehouse\public\index.php(45): CodeIgniter\CodeIgniter->run()
#5 C:\xampp\htdocs\warehouse\vendor\codeigniter4\framework\system\Commands\Server\rewrite.php(34): require_once('C:\\xampp\\htdocs...')
#6 {main}
CRITICAL - 2020-06-24 01:40:47 --> Undefined property: App\Controllers\Auth::$load
#0 C:\xampp\htdocs\warehouse\app\Controllers\Auth.php(7): CodeIgniter\Debug\Exceptions->errorHandler(8, 'Undefined prope...', 'C:\\xampp\\htdocs...', 7, Array)
#1 C:\xampp\htdocs\warehouse\vendor\codeigniter4\framework\system\CodeIgniter.php(914): App\Controllers\Auth->index()
#2 C:\xampp\htdocs\warehouse\vendor\codeigniter4\framework\system\CodeIgniter.php(400): CodeIgniter\CodeIgniter->runController(Object(App\Controllers\Auth))
#3 C:\xampp\htdocs\warehouse\vendor\codeigniter4\framework\system\CodeIgniter.php(308): CodeIgniter\CodeIgniter->handleRequest(NULL, Object(Config\Cache), false)
#4 C:\xampp\htdocs\warehouse\public\index.php(45): CodeIgniter\CodeIgniter->run()
#5 C:\xampp\htdocs\warehouse\vendor\codeigniter4\framework\system\Commands\Server\rewrite.php(34): require_once('C:\\xampp\\htdocs...')
#6 {main}
CRITICAL - 2020-06-24 01:40:49 --> Undefined property: App\Controllers\Auth::$load
#0 C:\xampp\htdocs\warehouse\app\Controllers\Auth.php(7): CodeIgniter\Debug\Exceptions->errorHandler(8, 'Undefined prope...', 'C:\\xampp\\htdocs...', 7, Array)
#1 C:\xampp\htdocs\warehouse\vendor\codeigniter4\framework\system\CodeIgniter.php(914): App\Controllers\Auth->index()
#2 C:\xampp\htdocs\warehouse\vendor\codeigniter4\framework\system\CodeIgniter.php(400): CodeIgniter\CodeIgniter->runController(Object(App\Controllers\Auth))
#3 C:\xampp\htdocs\warehouse\vendor\codeigniter4\framework\system\CodeIgniter.php(308): CodeIgniter\CodeIgniter->handleRequest(NULL, Object(Config\Cache), false)
#4 C:\xampp\htdocs\warehouse\public\index.php(45): CodeIgniter\CodeIgniter->run()
#5 C:\xampp\htdocs\warehouse\vendor\codeigniter4\framework\system\Commands\Server\rewrite.php(34): require_once('C:\\xampp\\htdocs...')
#6 {main}
CRITICAL - 2020-06-24 01:40:50 --> Undefined property: App\Controllers\Auth::$load
#0 C:\xampp\htdocs\warehouse\app\Controllers\Auth.php(7): CodeIgniter\Debug\Exceptions->errorHandler(8, 'Undefined prope...', 'C:\\xampp\\htdocs...', 7, Array)
#1 C:\xampp\htdocs\warehouse\vendor\codeigniter4\framework\system\CodeIgniter.php(914): App\Controllers\Auth->index()
#2 C:\xampp\htdocs\warehouse\vendor\codeigniter4\framework\system\CodeIgniter.php(400): CodeIgniter\CodeIgniter->runController(Object(App\Controllers\Auth))
#3 C:\xampp\htdocs\warehouse\vendor\codeigniter4\framework\system\CodeIgniter.php(308): CodeIgniter\CodeIgniter->handleRequest(NULL, Object(Config\Cache), false)
#4 C:\xampp\htdocs\warehouse\public\index.php(45): CodeIgniter\CodeIgniter->run()
#5 C:\xampp\htdocs\warehouse\vendor\codeigniter4\framework\system\Commands\Server\rewrite.php(34): require_once('C:\\xampp\\htdocs...')
#6 {main}
CRITICAL - 2020-06-24 01:40:50 --> Undefined property: App\Controllers\Auth::$load
#0 C:\xampp\htdocs\warehouse\app\Controllers\Auth.php(7): CodeIgniter\Debug\Exceptions->errorHandler(8, 'Undefined prope...', 'C:\\xampp\\htdocs...', 7, Array)
#1 C:\xampp\htdocs\warehouse\vendor\codeigniter4\framework\system\CodeIgniter.php(914): App\Controllers\Auth->index()
#2 C:\xampp\htdocs\warehouse\vendor\codeigniter4\framework\system\CodeIgniter.php(400): CodeIgniter\CodeIgniter->runController(Object(App\Controllers\Auth))
#3 C:\xampp\htdocs\warehouse\vendor\codeigniter4\framework\system\CodeIgniter.php(308): CodeIgniter\CodeIgniter->handleRequest(NULL, Object(Config\Cache), false)
#4 C:\xampp\htdocs\warehouse\public\index.php(45): CodeIgniter\CodeIgniter->run()
#5 C:\xampp\htdocs\warehouse\vendor\codeigniter4\framework\system\Commands\Server\rewrite.php(34): require_once('C:\\xampp\\htdocs...')
#6 {main}
CRITICAL - 2020-06-24 01:40:50 --> Undefined property: App\Controllers\Auth::$load
#0 C:\xampp\htdocs\warehouse\app\Controllers\Auth.php(7): CodeIgniter\Debug\Exceptions->errorHandler(8, 'Undefined prope...', 'C:\\xampp\\htdocs...', 7, Array)
#1 C:\xampp\htdocs\warehouse\vendor\codeigniter4\framework\system\CodeIgniter.php(914): App\Controllers\Auth->index()
#2 C:\xampp\htdocs\warehouse\vendor\codeigniter4\framework\system\CodeIgniter.php(400): CodeIgniter\CodeIgniter->runController(Object(App\Controllers\Auth))
#3 C:\xampp\htdocs\warehouse\vendor\codeigniter4\framework\system\CodeIgniter.php(308): CodeIgniter\CodeIgniter->handleRequest(NULL, Object(Config\Cache), false)
#4 C:\xampp\htdocs\warehouse\public\index.php(45): CodeIgniter\CodeIgniter->run()
#5 C:\xampp\htdocs\warehouse\vendor\codeigniter4\framework\system\Commands\Server\rewrite.php(34): require_once('C:\\xampp\\htdocs...')
#6 {main}
CRITICAL - 2020-06-24 01:40:50 --> Undefined property: App\Controllers\Auth::$load
#0 C:\xampp\htdocs\warehouse\app\Controllers\Auth.php(7): CodeIgniter\Debug\Exceptions->errorHandler(8, 'Undefined prope...', 'C:\\xampp\\htdocs...', 7, Array)
#1 C:\xampp\htdocs\warehouse\vendor\codeigniter4\framework\system\CodeIgniter.php(914): App\Controllers\Auth->index()
#2 C:\xampp\htdocs\warehouse\vendor\codeigniter4\framework\system\CodeIgniter.php(400): CodeIgniter\CodeIgniter->runController(Object(App\Controllers\Auth))
#3 C:\xampp\htdocs\warehouse\vendor\codeigniter4\framework\system\CodeIgniter.php(308): CodeIgniter\CodeIgniter->handleRequest(NULL, Object(Config\Cache), false)
#4 C:\xampp\htdocs\warehouse\public\index.php(45): CodeIgniter\CodeIgniter->run()
#5 C:\xampp\htdocs\warehouse\vendor\codeigniter4\framework\system\Commands\Server\rewrite.php(34): require_once('C:\\xampp\\htdocs...')
#6 {main}
CRITICAL - 2020-06-24 01:40:51 --> Undefined property: App\Controllers\Auth::$load
#0 C:\xampp\htdocs\warehouse\app\Controllers\Auth.php(7): CodeIgniter\Debug\Exceptions->errorHandler(8, 'Undefined prope...', 'C:\\xampp\\htdocs...', 7, Array)
#1 C:\xampp\htdocs\warehouse\vendor\codeigniter4\framework\system\CodeIgniter.php(914): App\Controllers\Auth->index()
#2 C:\xampp\htdocs\warehouse\vendor\codeigniter4\framework\system\CodeIgniter.php(400): CodeIgniter\CodeIgniter->runController(Object(App\Controllers\Auth))
#3 C:\xampp\htdocs\warehouse\vendor\codeigniter4\framework\system\CodeIgniter.php(308): CodeIgniter\CodeIgniter->handleRequest(NULL, Object(Config\Cache), false)
#4 C:\xampp\htdocs\warehouse\public\index.php(45): CodeIgniter\CodeIgniter->run()
#5 C:\xampp\htdocs\warehouse\vendor\codeigniter4\framework\system\Commands\Server\rewrite.php(34): require_once('C:\\xampp\\htdocs...')
#6 {main}
CRITICAL - 2020-06-24 01:40:51 --> Undefined property: App\Controllers\Auth::$load
#0 C:\xampp\htdocs\warehouse\app\Controllers\Auth.php(7): CodeIgniter\Debug\Exceptions->errorHandler(8, 'Undefined prope...', 'C:\\xampp\\htdocs...', 7, Array)
#1 C:\xampp\htdocs\warehouse\vendor\codeigniter4\framework\system\CodeIgniter.php(914): App\Controllers\Auth->index()
#2 C:\xampp\htdocs\warehouse\vendor\codeigniter4\framework\system\CodeIgniter.php(400): CodeIgniter\CodeIgniter->runController(Object(App\Controllers\Auth))
#3 C:\xampp\htdocs\warehouse\vendor\codeigniter4\framework\system\CodeIgniter.php(308): CodeIgniter\CodeIgniter->handleRequest(NULL, Object(Config\Cache), false)
#4 C:\xampp\htdocs\warehouse\public\index.php(45): CodeIgniter\CodeIgniter->run()
#5 C:\xampp\htdocs\warehouse\vendor\codeigniter4\framework\system\Commands\Server\rewrite.php(34): require_once('C:\\xampp\\htdocs...')
#6 {main}
CRITICAL - 2020-06-24 01:40:51 --> Undefined property: App\Controllers\Auth::$load
#0 C:\xampp\htdocs\warehouse\app\Controllers\Auth.php(7): CodeIgniter\Debug\Exceptions->errorHandler(8, 'Undefined prope...', 'C:\\xampp\\htdocs...', 7, Array)
#1 C:\xampp\htdocs\warehouse\vendor\codeigniter4\framework\system\CodeIgniter.php(914): App\Controllers\Auth->index()
#2 C:\xampp\htdocs\warehouse\vendor\codeigniter4\framework\system\CodeIgniter.php(400): CodeIgniter\CodeIgniter->runController(Object(App\Controllers\Auth))
#3 C:\xampp\htdocs\warehouse\vendor\codeigniter4\framework\system\CodeIgniter.php(308): CodeIgniter\CodeIgniter->handleRequest(NULL, Object(Config\Cache), false)
#4 C:\xampp\htdocs\warehouse\public\index.php(45): CodeIgniter\CodeIgniter->run()
#5 C:\xampp\htdocs\warehouse\vendor\codeigniter4\framework\system\Commands\Server\rewrite.php(34): require_once('C:\\xampp\\htdocs...')
#6 {main}
CRITICAL - 2020-06-24 04:32:59 --> Undefined property: App\Controllers\Dashboard::$load
#0 C:\xampp\htdocs\warehouse\app\Controllers\Dashboard.php(7): CodeIgniter\Debug\Exceptions->errorHandler(8, 'Undefined prope...', 'C:\\xampp\\htdocs...', 7, Array)
#1 C:\xampp\htdocs\warehouse\vendor\codeigniter4\framework\system\CodeIgniter.php(914): App\Controllers\Dashboard->index()
#2 C:\xampp\htdocs\warehouse\vendor\codeigniter4\framework\system\CodeIgniter.php(400): CodeIgniter\CodeIgniter->runController(Object(App\Controllers\Dashboard))
#3 C:\xampp\htdocs\warehouse\vendor\codeigniter4\framework\system\CodeIgniter.php(308): CodeIgniter\CodeIgniter->handleRequest(NULL, Object(Config\Cache), false)
#4 C:\xampp\htdocs\warehouse\public\index.php(45): CodeIgniter\CodeIgniter->run()
#5 C:\xampp\htdocs\warehouse\vendor\codeigniter4\framework\system\Commands\Server\rewrite.php(34): require_once('C:\\xampp\\htdocs...')
#6 {main}
CRITICAL - 2020-06-24 04:34:03 --> Call to undefined method App\Controllers\Dashboard::template()
#0 C:\xampp\htdocs\warehouse\vendor\codeigniter4\framework\system\CodeIgniter.php(914): App\Controllers\Dashboard->index()
#1 C:\xampp\htdocs\warehouse\vendor\codeigniter4\framework\system\CodeIgniter.php(400): CodeIgniter\CodeIgniter->runController(Object(App\Controllers\Dashboard))
#2 C:\xampp\htdocs\warehouse\vendor\codeigniter4\framework\system\CodeIgniter.php(308): CodeIgniter\CodeIgniter->handleRequest(NULL, Object(Config\Cache), false)
#3 C:\xampp\htdocs\warehouse\public\index.php(45): CodeIgniter\CodeIgniter->run()
#4 C:\xampp\htdocs\warehouse\vendor\codeigniter4\framework\system\Commands\Server\rewrite.php(34): require_once('C:\\xampp\\htdocs...')
#5 {main}
