CRITICAL - 2020-07-09 14:18:46 --> Call to undefined method CodeIgniter\Database\MySQLi\Result::countAll()
#0 C:\xampp\htdocs\warehouse\vendor\codeigniter4\framework\system\View\View.php(246): include()
#1 C:\xampp\htdocs\warehouse\vendor\codeigniter4\framework\system\View\View.php(257): CodeIgniter\View\View->render('layouts/templat...', Array, true)
#2 C:\xampp\htdocs\warehouse\vendor\codeigniter4\framework\system\Common.php(1087): CodeIgniter\View\View->render('dashboard/index', Array, true)
#3 C:\xampp\htdocs\warehouse\app\Controllers\Dashboard.php(16): view('dashboard/index', Array)
#4 C:\xampp\htdocs\warehouse\vendor\codeigniter4\framework\system\CodeIgniter.php(914): App\Controllers\Dashboard->index()
#5 C:\xampp\htdocs\warehouse\vendor\codeigniter4\framework\system\CodeIgniter.php(400): CodeIgniter\CodeIgniter->runController(Object(App\Controllers\Dashboard))
#6 C:\xampp\htdocs\warehouse\vendor\codeigniter4\framework\system\CodeIgniter.php(308): CodeIgniter\CodeIgniter->handleRequest(NULL, Object(Config\Cache), false)
#7 C:\xampp\htdocs\warehouse\public\index.php(45): CodeIgniter\CodeIgniter->run()
#8 C:\xampp\htdocs\warehouse\vendor\codeigniter4\framework\system\Commands\Server\rewrite.php(34): require_once('C:\\xampp\\htdocs...')
#9 {main}
CRITICAL - 2020-07-09 14:20:11 --> Call to undefined method CodeIgniter\Database\MySQLi\Builder::countAllResult()
#0 C:\xampp\htdocs\warehouse\vendor\codeigniter4\framework\system\View\View.php(246): include()
#1 C:\xampp\htdocs\warehouse\vendor\codeigniter4\framework\system\View\View.php(257): CodeIgniter\View\View->render('layouts/templat...', Array, true)
#2 C:\xampp\htdocs\warehouse\vendor\codeigniter4\framework\system\Common.php(1087): CodeIgniter\View\View->render('dashboard/index', Array, true)
#3 C:\xampp\htdocs\warehouse\app\Controllers\Dashboard.php(16): view('dashboard/index', Array)
#4 C:\xampp\htdocs\warehouse\vendor\codeigniter4\framework\system\CodeIgniter.php(914): App\Controllers\Dashboard->index()
#5 C:\xampp\htdocs\warehouse\vendor\codeigniter4\framework\system\CodeIgniter.php(400): CodeIgniter\CodeIgniter->runController(Object(App\Controllers\Dashboard))
#6 C:\xampp\htdocs\warehouse\vendor\codeigniter4\framework\system\CodeIgniter.php(308): CodeIgniter\CodeIgniter->handleRequest(NULL, Object(Config\Cache), false)
#7 C:\xampp\htdocs\warehouse\public\index.php(45): CodeIgniter\CodeIgniter->run()
#8 C:\xampp\htdocs\warehouse\vendor\codeigniter4\framework\system\Commands\Server\rewrite.php(34): require_once('C:\\xampp\\htdocs...')
#9 {main}
CRITICAL - 2020-07-09 14:20:13 --> Call to undefined method CodeIgniter\Database\MySQLi\Builder::countAllResult()
#0 C:\xampp\htdocs\warehouse\vendor\codeigniter4\framework\system\View\View.php(246): include()
#1 C:\xampp\htdocs\warehouse\vendor\codeigniter4\framework\system\View\View.php(257): CodeIgniter\View\View->render('layouts/templat...', Array, true)
#2 C:\xampp\htdocs\warehouse\vendor\codeigniter4\framework\system\Common.php(1087): CodeIgniter\View\View->render('dashboard/index', Array, true)
#3 C:\xampp\htdocs\warehouse\app\Controllers\Dashboard.php(16): view('dashboard/index', Array)
#4 C:\xampp\htdocs\warehouse\vendor\codeigniter4\framework\system\CodeIgniter.php(914): App\Controllers\Dashboard->index()
#5 C:\xampp\htdocs\warehouse\vendor\codeigniter4\framework\system\CodeIgniter.php(400): CodeIgniter\CodeIgniter->runController(Object(App\Controllers\Dashboard))
#6 C:\xampp\htdocs\warehouse\vendor\codeigniter4\framework\system\CodeIgniter.php(308): CodeIgniter\CodeIgniter->handleRequest(NULL, Object(Config\Cache), false)
#7 C:\xampp\htdocs\warehouse\public\index.php(45): CodeIgniter\CodeIgniter->run()
#8 C:\xampp\htdocs\warehouse\vendor\codeigniter4\framework\system\Commands\Server\rewrite.php(34): require_once('C:\\xampp\\htdocs...')
#9 {main}
CRITICAL - 2020-07-09 14:21:37 --> Call to undefined method CodeIgniter\Database\MySQLi\Result::countAllResults()
#0 C:\xampp\htdocs\warehouse\vendor\codeigniter4\framework\system\View\View.php(246): include()
#1 C:\xampp\htdocs\warehouse\vendor\codeigniter4\framework\system\View\View.php(257): CodeIgniter\View\View->render('layouts/templat...', Array, true)
#2 C:\xampp\htdocs\warehouse\vendor\codeigniter4\framework\system\Common.php(1087): CodeIgniter\View\View->render('dashboard/index', Array, true)
#3 C:\xampp\htdocs\warehouse\app\Controllers\Dashboard.php(16): view('dashboard/index', Array)
#4 C:\xampp\htdocs\warehouse\vendor\codeigniter4\framework\system\CodeIgniter.php(914): App\Controllers\Dashboard->index()
#5 C:\xampp\htdocs\warehouse\vendor\codeigniter4\framework\system\CodeIgniter.php(400): CodeIgniter\CodeIgniter->runController(Object(App\Controllers\Dashboard))
#6 C:\xampp\htdocs\warehouse\vendor\codeigniter4\framework\system\CodeIgniter.php(308): CodeIgniter\CodeIgniter->handleRequest(NULL, Object(Config\Cache), false)
#7 C:\xampp\htdocs\warehouse\public\index.php(45): CodeIgniter\CodeIgniter->run()
#8 C:\xampp\htdocs\warehouse\vendor\codeigniter4\framework\system\Commands\Server\rewrite.php(34): require_once('C:\\xampp\\htdocs...')
#9 {main}
CRITICAL - 2020-07-09 02:56:54 --> Undefined variable: num
#0 C:\xampp\htdocs\warehouse\app\Views\cart\checkout.php(52): CodeIgniter\Debug\Exceptions->errorHandler(8, 'Undefined varia...', 'C:\\xampp\\htdocs...', 52, Array)
#1 C:\xampp\htdocs\warehouse\vendor\codeigniter4\framework\system\View\View.php(246): include('C:\\xampp\\htdocs...')
#2 C:\xampp\htdocs\warehouse\vendor\codeigniter4\framework\system\Common.php(1087): CodeIgniter\View\View->render('cart/checkout', Array, true)
#3 C:\xampp\htdocs\warehouse\app\Controllers\Cart.php(78): view('cart/checkout', Array)
#4 C:\xampp\htdocs\warehouse\vendor\codeigniter4\framework\system\CodeIgniter.php(914): App\Controllers\Cart->checkout()
#5 C:\xampp\htdocs\warehouse\vendor\codeigniter4\framework\system\CodeIgniter.php(400): CodeIgniter\CodeIgniter->runController(Object(App\Controllers\Cart))
#6 C:\xampp\htdocs\warehouse\vendor\codeigniter4\framework\system\CodeIgniter.php(308): CodeIgniter\CodeIgniter->handleRequest(NULL, Object(Config\Cache), false)
#7 C:\xampp\htdocs\warehouse\public\index.php(45): CodeIgniter\CodeIgniter->run()
#8 C:\xampp\htdocs\warehouse\vendor\codeigniter4\framework\system\Commands\Server\rewrite.php(34): require_once('C:\\xampp\\htdocs...')
#9 {main}
CRITICAL - 2020-07-09 03:02:39 --> Undefined property: stdClass::$UoM
#0 C:\xampp\htdocs\warehouse\app\Views\cart\checkout.php(56): CodeIgniter\Debug\Exceptions->errorHandler(8, 'Undefined prope...', 'C:\\xampp\\htdocs...', 56, Array)
#1 C:\xampp\htdocs\warehouse\vendor\codeigniter4\framework\system\View\View.php(246): include('C:\\xampp\\htdocs...')
#2 C:\xampp\htdocs\warehouse\vendor\codeigniter4\framework\system\Common.php(1087): CodeIgniter\View\View->render('cart/checkout', Array, true)
#3 C:\xampp\htdocs\warehouse\app\Controllers\Cart.php(78): view('cart/checkout', Array)
#4 C:\xampp\htdocs\warehouse\vendor\codeigniter4\framework\system\CodeIgniter.php(914): App\Controllers\Cart->checkout()
#5 C:\xampp\htdocs\warehouse\vendor\codeigniter4\framework\system\CodeIgniter.php(400): CodeIgniter\CodeIgniter->runController(Object(App\Controllers\Cart))
#6 C:\xampp\htdocs\warehouse\vendor\codeigniter4\framework\system\CodeIgniter.php(308): CodeIgniter\CodeIgniter->handleRequest(NULL, Object(Config\Cache), false)
#7 C:\xampp\htdocs\warehouse\public\index.php(45): CodeIgniter\CodeIgniter->run()
#8 C:\xampp\htdocs\warehouse\vendor\codeigniter4\framework\system\Commands\Server\rewrite.php(34): require_once('C:\\xampp\\htdocs...')
#9 {main}
CRITICAL - 2020-07-09 03:10:13 --> Undefined variable: total
#0 C:\xampp\htdocs\warehouse\app\Views\cart\checkout.php(50): CodeIgniter\Debug\Exceptions->errorHandler(8, 'Undefined varia...', 'C:\\xampp\\htdocs...', 50, Array)
#1 C:\xampp\htdocs\warehouse\vendor\codeigniter4\framework\system\View\View.php(246): include('C:\\xampp\\htdocs...')
#2 C:\xampp\htdocs\warehouse\vendor\codeigniter4\framework\system\Common.php(1087): CodeIgniter\View\View->render('cart/checkout', Array, true)
#3 C:\xampp\htdocs\warehouse\app\Controllers\Cart.php(78): view('cart/checkout', Array)
#4 C:\xampp\htdocs\warehouse\vendor\codeigniter4\framework\system\CodeIgniter.php(914): App\Controllers\Cart->checkout()
#5 C:\xampp\htdocs\warehouse\vendor\codeigniter4\framework\system\CodeIgniter.php(400): CodeIgniter\CodeIgniter->runController(Object(App\Controllers\Cart))
#6 C:\xampp\htdocs\warehouse\vendor\codeigniter4\framework\system\CodeIgniter.php(308): CodeIgniter\CodeIgniter->handleRequest(NULL, Object(Config\Cache), false)
#7 C:\xampp\htdocs\warehouse\public\index.php(45): CodeIgniter\CodeIgniter->run()
#8 C:\xampp\htdocs\warehouse\vendor\codeigniter4\framework\system\Commands\Server\rewrite.php(34): require_once('C:\\xampp\\htdocs...')
#9 {main}
CRITICAL - 2020-07-09 04:36:10 --> Table 'cpwinteq_warehouse.order' doesn't exist
#0 C:\xampp\htdocs\warehouse\vendor\codeigniter4\framework\system\Database\MySQLi\Connection.php(331): mysqli->query('SELECT *\nFROM `...')
#1 C:\xampp\htdocs\warehouse\vendor\codeigniter4\framework\system\Database\BaseConnection.php(738): CodeIgniter\Database\MySQLi\Connection->execute('SELECT *\nFROM `...')
#2 C:\xampp\htdocs\warehouse\vendor\codeigniter4\framework\system\Database\BaseConnection.php(666): CodeIgniter\Database\BaseConnection->simpleQuery('SELECT *\nFROM `...')
#3 C:\xampp\htdocs\warehouse\vendor\codeigniter4\framework\system\Database\BaseBuilder.php(1845): CodeIgniter\Database\BaseConnection->query('SELECT *\nFROM `...', Array, false)
#4 C:\xampp\htdocs\warehouse\vendor\codeigniter4\framework\system\Model.php(1716): CodeIgniter\Database\BaseBuilder->get()
#5 C:\xampp\htdocs\warehouse\app\Models\OrderModel.php(19): CodeIgniter\Model->__call('get', Array)
#6 C:\xampp\htdocs\warehouse\app\Controllers\Cart.php(86): App\Models\OrderModel->myOrder_Month()
#7 C:\xampp\htdocs\warehouse\vendor\codeigniter4\framework\system\CodeIgniter.php(914): App\Controllers\Cart->order()
#8 C:\xampp\htdocs\warehouse\vendor\codeigniter4\framework\system\CodeIgniter.php(400): CodeIgniter\CodeIgniter->runController(Object(App\Controllers\Cart))
#9 C:\xampp\htdocs\warehouse\vendor\codeigniter4\framework\system\CodeIgniter.php(308): CodeIgniter\CodeIgniter->handleRequest(NULL, Object(Config\Cache), false)
#10 C:\xampp\htdocs\warehouse\public\index.php(45): CodeIgniter\CodeIgniter->run()
#11 C:\xampp\htdocs\warehouse\vendor\codeigniter4\framework\system\Commands\Server\rewrite.php(34): require_once('C:\\xampp\\htdocs...')
#12 {main}
CRITICAL - 2020-07-09 04:37:59 --> Unknown column 'date' in 'where clause'
#0 C:\xampp\htdocs\warehouse\vendor\codeigniter4\framework\system\Database\MySQLi\Connection.php(331): mysqli->query('SELECT *\nFROM `...')
#1 C:\xampp\htdocs\warehouse\vendor\codeigniter4\framework\system\Database\BaseConnection.php(738): CodeIgniter\Database\MySQLi\Connection->execute('SELECT *\nFROM `...')
#2 C:\xampp\htdocs\warehouse\vendor\codeigniter4\framework\system\Database\BaseConnection.php(666): CodeIgniter\Database\BaseConnection->simpleQuery('SELECT *\nFROM `...')
#3 C:\xampp\htdocs\warehouse\vendor\codeigniter4\framework\system\Database\BaseBuilder.php(1845): CodeIgniter\Database\BaseConnection->query('SELECT *\nFROM `...', Array, false)
#4 C:\xampp\htdocs\warehouse\vendor\codeigniter4\framework\system\Model.php(1716): CodeIgniter\Database\BaseBuilder->get()
#5 C:\xampp\htdocs\warehouse\app\Models\OrderModel.php(19): CodeIgniter\Model->__call('get', Array)
#6 C:\xampp\htdocs\warehouse\app\Controllers\Cart.php(86): App\Models\OrderModel->myOrder_Month()
#7 C:\xampp\htdocs\warehouse\vendor\codeigniter4\framework\system\CodeIgniter.php(914): App\Controllers\Cart->order()
#8 C:\xampp\htdocs\warehouse\vendor\codeigniter4\framework\system\CodeIgniter.php(400): CodeIgniter\CodeIgniter->runController(Object(App\Controllers\Cart))
#9 C:\xampp\htdocs\warehouse\vendor\codeigniter4\framework\system\CodeIgniter.php(308): CodeIgniter\CodeIgniter->handleRequest(NULL, Object(Config\Cache), false)
#10 C:\xampp\htdocs\warehouse\public\index.php(45): CodeIgniter\CodeIgniter->run()
#11 C:\xampp\htdocs\warehouse\vendor\codeigniter4\framework\system\Commands\Server\rewrite.php(34): require_once('C:\\xampp\\htdocs...')
#12 {main}
CRITICAL - 2020-07-09 04:38:01 --> Unknown column 'date' in 'where clause'
#0 C:\xampp\htdocs\warehouse\vendor\codeigniter4\framework\system\Database\MySQLi\Connection.php(331): mysqli->query('SELECT *\nFROM `...')
#1 C:\xampp\htdocs\warehouse\vendor\codeigniter4\framework\system\Database\BaseConnection.php(738): CodeIgniter\Database\MySQLi\Connection->execute('SELECT *\nFROM `...')
#2 C:\xampp\htdocs\warehouse\vendor\codeigniter4\framework\system\Database\BaseConnection.php(666): CodeIgniter\Database\BaseConnection->simpleQuery('SELECT *\nFROM `...')
#3 C:\xampp\htdocs\warehouse\vendor\codeigniter4\framework\system\Database\BaseBuilder.php(1845): CodeIgniter\Database\BaseConnection->query('SELECT *\nFROM `...', Array, false)
#4 C:\xampp\htdocs\warehouse\vendor\codeigniter4\framework\system\Model.php(1716): CodeIgniter\Database\BaseBuilder->get()
#5 C:\xampp\htdocs\warehouse\app\Models\OrderModel.php(19): CodeIgniter\Model->__call('get', Array)
#6 C:\xampp\htdocs\warehouse\app\Controllers\Cart.php(86): App\Models\OrderModel->myOrder_Month()
#7 C:\xampp\htdocs\warehouse\vendor\codeigniter4\framework\system\CodeIgniter.php(914): App\Controllers\Cart->order()
#8 C:\xampp\htdocs\warehouse\vendor\codeigniter4\framework\system\CodeIgniter.php(400): CodeIgniter\CodeIgniter->runController(Object(App\Controllers\Cart))
#9 C:\xampp\htdocs\warehouse\vendor\codeigniter4\framework\system\CodeIgniter.php(308): CodeIgniter\CodeIgniter->handleRequest(NULL, Object(Config\Cache), false)
#10 C:\xampp\htdocs\warehouse\public\index.php(45): CodeIgniter\CodeIgniter->run()
#11 C:\xampp\htdocs\warehouse\vendor\codeigniter4\framework\system\Commands\Server\rewrite.php(34): require_once('C:\\xampp\\htdocs...')
#12 {main}
CRITICAL - 2020-07-09 04:38:25 --> Call to undefined method CodeIgniter\Database\MySQLi\Result::countAllResults()
#0 C:\xampp\htdocs\warehouse\vendor\codeigniter4\framework\system\CodeIgniter.php(914): App\Controllers\Cart->order()
#1 C:\xampp\htdocs\warehouse\vendor\codeigniter4\framework\system\CodeIgniter.php(400): CodeIgniter\CodeIgniter->runController(Object(App\Controllers\Cart))
#2 C:\xampp\htdocs\warehouse\vendor\codeigniter4\framework\system\CodeIgniter.php(308): CodeIgniter\CodeIgniter->handleRequest(NULL, Object(Config\Cache), false)
#3 C:\xampp\htdocs\warehouse\public\index.php(45): CodeIgniter\CodeIgniter->run()
#4 C:\xampp\htdocs\warehouse\vendor\codeigniter4\framework\system\Commands\Server\rewrite.php(34): require_once('C:\\xampp\\htdocs...')
#5 {main}
CRITICAL - 2020-07-09 04:39:09 --> Call to undefined method CodeIgniter\Database\MySQLi\Result::countAllResults()
#0 C:\xampp\htdocs\warehouse\vendor\codeigniter4\framework\system\CodeIgniter.php(914): App\Controllers\Cart->order()
#1 C:\xampp\htdocs\warehouse\vendor\codeigniter4\framework\system\CodeIgniter.php(400): CodeIgniter\CodeIgniter->runController(Object(App\Controllers\Cart))
#2 C:\xampp\htdocs\warehouse\vendor\codeigniter4\framework\system\CodeIgniter.php(308): CodeIgniter\CodeIgniter->handleRequest(NULL, Object(Config\Cache), false)
#3 C:\xampp\htdocs\warehouse\public\index.php(45): CodeIgniter\CodeIgniter->run()
#4 C:\xampp\htdocs\warehouse\vendor\codeigniter4\framework\system\Commands\Server\rewrite.php(34): require_once('C:\\xampp\\htdocs...')
#5 {main}
CRITICAL - 2020-07-09 04:39:10 --> Call to undefined method CodeIgniter\Database\MySQLi\Result::countAllResults()
#0 C:\xampp\htdocs\warehouse\vendor\codeigniter4\framework\system\CodeIgniter.php(914): App\Controllers\Cart->order()
#1 C:\xampp\htdocs\warehouse\vendor\codeigniter4\framework\system\CodeIgniter.php(400): CodeIgniter\CodeIgniter->runController(Object(App\Controllers\Cart))
#2 C:\xampp\htdocs\warehouse\vendor\codeigniter4\framework\system\CodeIgniter.php(308): CodeIgniter\CodeIgniter->handleRequest(NULL, Object(Config\Cache), false)
#3 C:\xampp\htdocs\warehouse\public\index.php(45): CodeIgniter\CodeIgniter->run()
#4 C:\xampp\htdocs\warehouse\vendor\codeigniter4\framework\system\Commands\Server\rewrite.php(34): require_once('C:\\xampp\\htdocs...')
#5 {main}
CRITICAL - 2020-07-09 04:39:57 --> Call to undefined method CodeIgniter\Database\MySQLi\Result::countAllResults()
#0 C:\xampp\htdocs\warehouse\vendor\codeigniter4\framework\system\CodeIgniter.php(914): App\Controllers\Cart->order()
#1 C:\xampp\htdocs\warehouse\vendor\codeigniter4\framework\system\CodeIgniter.php(400): CodeIgniter\CodeIgniter->runController(Object(App\Controllers\Cart))
#2 C:\xampp\htdocs\warehouse\vendor\codeigniter4\framework\system\CodeIgniter.php(308): CodeIgniter\CodeIgniter->handleRequest(NULL, Object(Config\Cache), false)
#3 C:\xampp\htdocs\warehouse\public\index.php(45): CodeIgniter\CodeIgniter->run()
#4 C:\xampp\htdocs\warehouse\vendor\codeigniter4\framework\system\Commands\Server\rewrite.php(34): require_once('C:\\xampp\\htdocs...')
#5 {main}
CRITICAL - 2020-07-09 04:40:13 --> Call to undefined method CodeIgniter\Database\MySQLi\Result::countAll()
#0 C:\xampp\htdocs\warehouse\vendor\codeigniter4\framework\system\CodeIgniter.php(914): App\Controllers\Cart->order()
#1 C:\xampp\htdocs\warehouse\vendor\codeigniter4\framework\system\CodeIgniter.php(400): CodeIgniter\CodeIgniter->runController(Object(App\Controllers\Cart))
#2 C:\xampp\htdocs\warehouse\vendor\codeigniter4\framework\system\CodeIgniter.php(308): CodeIgniter\CodeIgniter->handleRequest(NULL, Object(Config\Cache), false)
#3 C:\xampp\htdocs\warehouse\public\index.php(45): CodeIgniter\CodeIgniter->run()
#4 C:\xampp\htdocs\warehouse\vendor\codeigniter4\framework\system\Commands\Server\rewrite.php(34): require_once('C:\\xampp\\htdocs...')
#5 {main}
CRITICAL - 2020-07-09 04:40:29 --> Call to undefined method CodeIgniter\Database\MySQLi\Result::get()
#0 C:\xampp\htdocs\warehouse\vendor\codeigniter4\framework\system\CodeIgniter.php(914): App\Controllers\Cart->order()
#1 C:\xampp\htdocs\warehouse\vendor\codeigniter4\framework\system\CodeIgniter.php(400): CodeIgniter\CodeIgniter->runController(Object(App\Controllers\Cart))
#2 C:\xampp\htdocs\warehouse\vendor\codeigniter4\framework\system\CodeIgniter.php(308): CodeIgniter\CodeIgniter->handleRequest(NULL, Object(Config\Cache), false)
#3 C:\xampp\htdocs\warehouse\public\index.php(45): CodeIgniter\CodeIgniter->run()
#4 C:\xampp\htdocs\warehouse\vendor\codeigniter4\framework\system\Commands\Server\rewrite.php(34): require_once('C:\\xampp\\htdocs...')
#5 {main}
CRITICAL - 2020-07-09 04:40:49 --> Call to undefined method CodeIgniter\Database\MySQLi\Result::countAllResults()
#0 C:\xampp\htdocs\warehouse\vendor\codeigniter4\framework\system\CodeIgniter.php(914): App\Controllers\Cart->order()
#1 C:\xampp\htdocs\warehouse\vendor\codeigniter4\framework\system\CodeIgniter.php(400): CodeIgniter\CodeIgniter->runController(Object(App\Controllers\Cart))
#2 C:\xampp\htdocs\warehouse\vendor\codeigniter4\framework\system\CodeIgniter.php(308): CodeIgniter\CodeIgniter->handleRequest(NULL, Object(Config\Cache), false)
#3 C:\xampp\htdocs\warehouse\public\index.php(45): CodeIgniter\CodeIgniter->run()
#4 C:\xampp\htdocs\warehouse\vendor\codeigniter4\framework\system\Commands\Server\rewrite.php(34): require_once('C:\\xampp\\htdocs...')
#5 {main}
CRITICAL - 2020-07-09 04:40:50 --> Call to undefined method CodeIgniter\Database\MySQLi\Result::countAllResults()
#0 C:\xampp\htdocs\warehouse\vendor\codeigniter4\framework\system\CodeIgniter.php(914): App\Controllers\Cart->order()
#1 C:\xampp\htdocs\warehouse\vendor\codeigniter4\framework\system\CodeIgniter.php(400): CodeIgniter\CodeIgniter->runController(Object(App\Controllers\Cart))
#2 C:\xampp\htdocs\warehouse\vendor\codeigniter4\framework\system\CodeIgniter.php(308): CodeIgniter\CodeIgniter->handleRequest(NULL, Object(Config\Cache), false)
#3 C:\xampp\htdocs\warehouse\public\index.php(45): CodeIgniter\CodeIgniter->run()
#4 C:\xampp\htdocs\warehouse\vendor\codeigniter4\framework\system\Commands\Server\rewrite.php(34): require_once('C:\\xampp\\htdocs...')
#5 {main}
CRITICAL - 2020-07-09 04:50:41 --> Undefined variable: data
#0 C:\xampp\htdocs\warehouse\app\Controllers\Cart.php(96): CodeIgniter\Debug\Exceptions->errorHandler(8, 'Undefined varia...', 'C:\\xampp\\htdocs...', 96, Array)
#1 C:\xampp\htdocs\warehouse\vendor\codeigniter4\framework\system\CodeIgniter.php(914): App\Controllers\Cart->order()
#2 C:\xampp\htdocs\warehouse\vendor\codeigniter4\framework\system\CodeIgniter.php(400): CodeIgniter\CodeIgniter->runController(Object(App\Controllers\Cart))
#3 C:\xampp\htdocs\warehouse\vendor\codeigniter4\framework\system\CodeIgniter.php(308): CodeIgniter\CodeIgniter->handleRequest(NULL, Object(Config\Cache), false)
#4 C:\xampp\htdocs\warehouse\public\index.php(45): CodeIgniter\CodeIgniter->run()
#5 C:\xampp\htdocs\warehouse\vendor\codeigniter4\framework\system\Commands\Server\rewrite.php(34): require_once('C:\\xampp\\htdocs...')
#6 {main}
CRITICAL - 2020-07-09 04:50:52 --> Undefined variable: parts
#0 C:\xampp\htdocs\warehouse\app\Views\cart\checkout.php(46): CodeIgniter\Debug\Exceptions->errorHandler(8, 'Undefined varia...', 'C:\\xampp\\htdocs...', 46, Array)
#1 C:\xampp\htdocs\warehouse\vendor\codeigniter4\framework\system\View\View.php(246): include('C:\\xampp\\htdocs...')
#2 C:\xampp\htdocs\warehouse\vendor\codeigniter4\framework\system\Common.php(1087): CodeIgniter\View\View->render('cart/checkout', Array, true)
#3 C:\xampp\htdocs\warehouse\app\Controllers\Cart.php(96): view('cart/checkout')
#4 C:\xampp\htdocs\warehouse\vendor\codeigniter4\framework\system\CodeIgniter.php(914): App\Controllers\Cart->order()
#5 C:\xampp\htdocs\warehouse\vendor\codeigniter4\framework\system\CodeIgniter.php(400): CodeIgniter\CodeIgniter->runController(Object(App\Controllers\Cart))
#6 C:\xampp\htdocs\warehouse\vendor\codeigniter4\framework\system\CodeIgniter.php(308): CodeIgniter\CodeIgniter->handleRequest(NULL, Object(Config\Cache), false)
#7 C:\xampp\htdocs\warehouse\public\index.php(45): CodeIgniter\CodeIgniter->run()
#8 C:\xampp\htdocs\warehouse\vendor\codeigniter4\framework\system\Commands\Server\rewrite.php(34): require_once('C:\\xampp\\htdocs...')
#9 {main}
CRITICAL - 2020-07-09 04:51:11 --> Invalid file: order/quote.php
#0 C:\xampp\htdocs\warehouse\vendor\codeigniter4\framework\system\View\View.php(228): CodeIgniter\Exceptions\FrameworkException::forInvalidFile('order/quote.php')
#1 C:\xampp\htdocs\warehouse\vendor\codeigniter4\framework\system\Common.php(1087): CodeIgniter\View\View->render('order/quote', Array, true)
#2 C:\xampp\htdocs\warehouse\app\Controllers\Cart.php(96): view('order/quote')
#3 C:\xampp\htdocs\warehouse\vendor\codeigniter4\framework\system\CodeIgniter.php(914): App\Controllers\Cart->order()
#4 C:\xampp\htdocs\warehouse\vendor\codeigniter4\framework\system\CodeIgniter.php(400): CodeIgniter\CodeIgniter->runController(Object(App\Controllers\Cart))
#5 C:\xampp\htdocs\warehouse\vendor\codeigniter4\framework\system\CodeIgniter.php(308): CodeIgniter\CodeIgniter->handleRequest(NULL, Object(Config\Cache), false)
#6 C:\xampp\htdocs\warehouse\public\index.php(45): CodeIgniter\CodeIgniter->run()
#7 C:\xampp\htdocs\warehouse\vendor\codeigniter4\framework\system\Commands\Server\rewrite.php(34): require_once('C:\\xampp\\htdocs...')
#8 {main}
CRITICAL - 2020-07-09 16:53:55 --> Deletes are not allowed unless they contain a "where" or "like" clause.
#0 C:\xampp\htdocs\warehouse\vendor\codeigniter4\framework\system\Model.php(952): CodeIgniter\Database\BaseBuilder->delete()
#1 C:\xampp\htdocs\warehouse\app\Controllers\Cart.php(97): CodeIgniter\Model->delete()
#2 C:\xampp\htdocs\warehouse\vendor\codeigniter4\framework\system\CodeIgniter.php(914): App\Controllers\Cart->order()
#3 C:\xampp\htdocs\warehouse\vendor\codeigniter4\framework\system\CodeIgniter.php(400): CodeIgniter\CodeIgniter->runController(Object(App\Controllers\Cart))
#4 C:\xampp\htdocs\warehouse\vendor\codeigniter4\framework\system\CodeIgniter.php(308): CodeIgniter\CodeIgniter->handleRequest(NULL, Object(Config\Cache), false)
#5 C:\xampp\htdocs\warehouse\public\index.php(45): CodeIgniter\CodeIgniter->run()
#6 C:\xampp\htdocs\warehouse\vendor\codeigniter4\framework\system\Commands\Server\rewrite.php(34): require_once('C:\\xampp\\htdocs...')
#7 {main}
CRITICAL - 2020-07-09 16:54:51 --> Invalid file: order/quote.php
#0 C:\xampp\htdocs\warehouse\vendor\codeigniter4\framework\system\View\View.php(228): CodeIgniter\Exceptions\FrameworkException::forInvalidFile('order/quote.php')
#1 C:\xampp\htdocs\warehouse\vendor\codeigniter4\framework\system\Common.php(1087): CodeIgniter\View\View->render('order/quote', Array, true)
#2 C:\xampp\htdocs\warehouse\app\Controllers\Cart.php(101): view('order/quote')
#3 C:\xampp\htdocs\warehouse\vendor\codeigniter4\framework\system\CodeIgniter.php(914): App\Controllers\Cart->order()
#4 C:\xampp\htdocs\warehouse\vendor\codeigniter4\framework\system\CodeIgniter.php(400): CodeIgniter\CodeIgniter->runController(Object(App\Controllers\Cart))
#5 C:\xampp\htdocs\warehouse\vendor\codeigniter4\framework\system\CodeIgniter.php(308): CodeIgniter\CodeIgniter->handleRequest(NULL, Object(Config\Cache), false)
#6 C:\xampp\htdocs\warehouse\public\index.php(45): CodeIgniter\CodeIgniter->run()
#7 C:\xampp\htdocs\warehouse\vendor\codeigniter4\framework\system\Commands\Server\rewrite.php(34): require_once('C:\\xampp\\htdocs...')
#8 {main}
CRITICAL - 2020-07-09 16:55:43 --> Invalid file: /cart.php
#0 C:\xampp\htdocs\warehouse\vendor\codeigniter4\framework\system\View\View.php(228): CodeIgniter\Exceptions\FrameworkException::forInvalidFile('/cart.php')
#1 C:\xampp\htdocs\warehouse\vendor\codeigniter4\framework\system\Common.php(1087): CodeIgniter\View\View->render('/cart', Array, true)
#2 C:\xampp\htdocs\warehouse\app\Controllers\Cart.php(97): view('/cart')
#3 C:\xampp\htdocs\warehouse\vendor\codeigniter4\framework\system\CodeIgniter.php(914): App\Controllers\Cart->order()
#4 C:\xampp\htdocs\warehouse\vendor\codeigniter4\framework\system\CodeIgniter.php(400): CodeIgniter\CodeIgniter->runController(Object(App\Controllers\Cart))
#5 C:\xampp\htdocs\warehouse\vendor\codeigniter4\framework\system\CodeIgniter.php(308): CodeIgniter\CodeIgniter->handleRequest(NULL, Object(Config\Cache), false)
#6 C:\xampp\htdocs\warehouse\public\index.php(45): CodeIgniter\CodeIgniter->run()
#7 C:\xampp\htdocs\warehouse\vendor\codeigniter4\framework\system\Commands\Server\rewrite.php(34): require_once('C:\\xampp\\htdocs...')
#8 {main}
CRITICAL - 2020-07-09 16:57:20 --> Duplicate entry 'QOU20070001' for key 'PRIMARY'
#0 C:\xampp\htdocs\warehouse\vendor\codeigniter4\framework\system\Database\MySQLi\Connection.php(331): mysqli->query('INSERT INTO `or...')
#1 C:\xampp\htdocs\warehouse\vendor\codeigniter4\framework\system\Database\BaseConnection.php(738): CodeIgniter\Database\MySQLi\Connection->execute('INSERT INTO `or...')
#2 C:\xampp\htdocs\warehouse\vendor\codeigniter4\framework\system\Database\BaseConnection.php(666): CodeIgniter\Database\BaseConnection->simpleQuery('INSERT INTO `or...')
#3 C:\xampp\htdocs\warehouse\vendor\codeigniter4\framework\system\Database\BaseBuilder.php(2234): CodeIgniter\Database\BaseConnection->query('INSERT INTO `or...', Array, false)
#4 C:\xampp\htdocs\warehouse\vendor\codeigniter4\framework\system\Model.php(729): CodeIgniter\Database\BaseBuilder->insert()
#5 C:\xampp\htdocs\warehouse\app\Controllers\Cart.php(94): CodeIgniter\Model->insert(Array)
#6 C:\xampp\htdocs\warehouse\vendor\codeigniter4\framework\system\CodeIgniter.php(914): App\Controllers\Cart->order()
#7 C:\xampp\htdocs\warehouse\vendor\codeigniter4\framework\system\CodeIgniter.php(400): CodeIgniter\CodeIgniter->runController(Object(App\Controllers\Cart))
#8 C:\xampp\htdocs\warehouse\vendor\codeigniter4\framework\system\CodeIgniter.php(308): CodeIgniter\CodeIgniter->handleRequest(NULL, Object(Config\Cache), false)
#9 C:\xampp\htdocs\warehouse\public\index.php(45): CodeIgniter\CodeIgniter->run()
#10 C:\xampp\htdocs\warehouse\vendor\codeigniter4\framework\system\Commands\Server\rewrite.php(34): require_once('C:\\xampp\\htdocs...')
#11 {main}
CRITICAL - 2020-07-09 16:57:30 --> Duplicate entry 'QOU20070001' for key 'PRIMARY'
#0 C:\xampp\htdocs\warehouse\vendor\codeigniter4\framework\system\Database\MySQLi\Connection.php(331): mysqli->query('INSERT INTO `or...')
#1 C:\xampp\htdocs\warehouse\vendor\codeigniter4\framework\system\Database\BaseConnection.php(738): CodeIgniter\Database\MySQLi\Connection->execute('INSERT INTO `or...')
#2 C:\xampp\htdocs\warehouse\vendor\codeigniter4\framework\system\Database\BaseConnection.php(666): CodeIgniter\Database\BaseConnection->simpleQuery('INSERT INTO `or...')
#3 C:\xampp\htdocs\warehouse\vendor\codeigniter4\framework\system\Database\BaseBuilder.php(2234): CodeIgniter\Database\BaseConnection->query('INSERT INTO `or...', Array, false)
#4 C:\xampp\htdocs\warehouse\vendor\codeigniter4\framework\system\Model.php(729): CodeIgniter\Database\BaseBuilder->insert()
#5 C:\xampp\htdocs\warehouse\app\Controllers\Cart.php(94): CodeIgniter\Model->insert(Array)
#6 C:\xampp\htdocs\warehouse\vendor\codeigniter4\framework\system\CodeIgniter.php(914): App\Controllers\Cart->order()
#7 C:\xampp\htdocs\warehouse\vendor\codeigniter4\framework\system\CodeIgniter.php(400): CodeIgniter\CodeIgniter->runController(Object(App\Controllers\Cart))
#8 C:\xampp\htdocs\warehouse\vendor\codeigniter4\framework\system\CodeIgniter.php(308): CodeIgniter\CodeIgniter->handleRequest(NULL, Object(Config\Cache), false)
#9 C:\xampp\htdocs\warehouse\public\index.php(45): CodeIgniter\CodeIgniter->run()
#10 C:\xampp\htdocs\warehouse\vendor\codeigniter4\framework\system\Commands\Server\rewrite.php(34): require_once('C:\\xampp\\htdocs...')
#11 {main}
CRITICAL - 2020-07-09 16:57:37 --> Duplicate entry 'QOU20070001' for key 'PRIMARY'
#0 C:\xampp\htdocs\warehouse\vendor\codeigniter4\framework\system\Database\MySQLi\Connection.php(331): mysqli->query('INSERT INTO `or...')
#1 C:\xampp\htdocs\warehouse\vendor\codeigniter4\framework\system\Database\BaseConnection.php(738): CodeIgniter\Database\MySQLi\Connection->execute('INSERT INTO `or...')
#2 C:\xampp\htdocs\warehouse\vendor\codeigniter4\framework\system\Database\BaseConnection.php(666): CodeIgniter\Database\BaseConnection->simpleQuery('INSERT INTO `or...')
#3 C:\xampp\htdocs\warehouse\vendor\codeigniter4\framework\system\Database\BaseBuilder.php(2234): CodeIgniter\Database\BaseConnection->query('INSERT INTO `or...', Array, false)
#4 C:\xampp\htdocs\warehouse\vendor\codeigniter4\framework\system\Model.php(729): CodeIgniter\Database\BaseBuilder->insert()
#5 C:\xampp\htdocs\warehouse\app\Controllers\Cart.php(94): CodeIgniter\Model->insert(Array)
#6 C:\xampp\htdocs\warehouse\vendor\codeigniter4\framework\system\CodeIgniter.php(914): App\Controllers\Cart->order()
#7 C:\xampp\htdocs\warehouse\vendor\codeigniter4\framework\system\CodeIgniter.php(400): CodeIgniter\CodeIgniter->runController(Object(App\Controllers\Cart))
#8 C:\xampp\htdocs\warehouse\vendor\codeigniter4\framework\system\CodeIgniter.php(308): CodeIgniter\CodeIgniter->handleRequest(NULL, Object(Config\Cache), false)
#9 C:\xampp\htdocs\warehouse\public\index.php(45): CodeIgniter\CodeIgniter->run()
#10 C:\xampp\htdocs\warehouse\vendor\codeigniter4\framework\system\Commands\Server\rewrite.php(34): require_once('C:\\xampp\\htdocs...')
#11 {main}
CRITICAL - 2020-07-09 16:58:00 --> Duplicate entry 'QOU20070001' for key 'PRIMARY'
#0 C:\xampp\htdocs\warehouse\vendor\codeigniter4\framework\system\Database\MySQLi\Connection.php(331): mysqli->query('INSERT INTO `or...')
#1 C:\xampp\htdocs\warehouse\vendor\codeigniter4\framework\system\Database\BaseConnection.php(738): CodeIgniter\Database\MySQLi\Connection->execute('INSERT INTO `or...')
#2 C:\xampp\htdocs\warehouse\vendor\codeigniter4\framework\system\Database\BaseConnection.php(666): CodeIgniter\Database\BaseConnection->simpleQuery('INSERT INTO `or...')
#3 C:\xampp\htdocs\warehouse\vendor\codeigniter4\framework\system\Database\BaseBuilder.php(2234): CodeIgniter\Database\BaseConnection->query('INSERT INTO `or...', Array, false)
#4 C:\xampp\htdocs\warehouse\vendor\codeigniter4\framework\system\Model.php(729): CodeIgniter\Database\BaseBuilder->insert()
#5 C:\xampp\htdocs\warehouse\app\Controllers\Cart.php(94): CodeIgniter\Model->insert(Array)
#6 C:\xampp\htdocs\warehouse\vendor\codeigniter4\framework\system\CodeIgniter.php(914): App\Controllers\Cart->order()
#7 C:\xampp\htdocs\warehouse\vendor\codeigniter4\framework\system\CodeIgniter.php(400): CodeIgniter\CodeIgniter->runController(Object(App\Controllers\Cart))
#8 C:\xampp\htdocs\warehouse\vendor\codeigniter4\framework\system\CodeIgniter.php(308): CodeIgniter\CodeIgniter->handleRequest(NULL, Object(Config\Cache), false)
#9 C:\xampp\htdocs\warehouse\public\index.php(45): CodeIgniter\CodeIgniter->run()
#10 C:\xampp\htdocs\warehouse\vendor\codeigniter4\framework\system\Commands\Server\rewrite.php(34): require_once('C:\\xampp\\htdocs...')
#11 {main}
CRITICAL - 2020-07-09 16:59:54 --> date() expects at least 1 parameter, 0 given
#0 [internal function]: CodeIgniter\Debug\Exceptions->errorHandler(2, 'date() expects ...', 'C:\\xampp\\htdocs...', 93, Array)
#1 C:\xampp\htdocs\warehouse\app\Controllers\Cart.php(93): date()
#2 C:\xampp\htdocs\warehouse\vendor\codeigniter4\framework\system\CodeIgniter.php(914): App\Controllers\Cart->order()
#3 C:\xampp\htdocs\warehouse\vendor\codeigniter4\framework\system\CodeIgniter.php(400): CodeIgniter\CodeIgniter->runController(Object(App\Controllers\Cart))
#4 C:\xampp\htdocs\warehouse\vendor\codeigniter4\framework\system\CodeIgniter.php(308): CodeIgniter\CodeIgniter->handleRequest(NULL, Object(Config\Cache), false)
#5 C:\xampp\htdocs\warehouse\public\index.php(45): CodeIgniter\CodeIgniter->run()
#6 C:\xampp\htdocs\warehouse\vendor\codeigniter4\framework\system\Commands\Server\rewrite.php(34): require_once('C:\\xampp\\htdocs...')
#7 {main}
CRITICAL - 2020-07-09 05:00:44 --> syntax error, unexpected '$this' (T_VARIABLE)
#0 C:\xampp\htdocs\warehouse\vendor\codeigniter4\framework\system\Autoloader\Autoloader.php(296): CodeIgniter\Autoloader\Autoloader->requireFile('C:\\xampp\\htdocs...')
#1 C:\xampp\htdocs\warehouse\vendor\codeigniter4\framework\system\Autoloader\Autoloader.php(258): CodeIgniter\Autoloader\Autoloader->loadInNamespace('App\\Controllers...')
#2 [internal function]: CodeIgniter\Autoloader\Autoloader->loadClass('App\\Controllers...')
#3 [internal function]: spl_autoload_call('App\\Controllers...')
#4 C:\xampp\htdocs\warehouse\vendor\codeigniter4\framework\system\CodeIgniter.php(865): class_exists('\\App\\Controller...', true)
#5 C:\xampp\htdocs\warehouse\vendor\codeigniter4\framework\system\CodeIgniter.php(390): CodeIgniter\CodeIgniter->startController()
#6 C:\xampp\htdocs\warehouse\vendor\codeigniter4\framework\system\CodeIgniter.php(308): CodeIgniter\CodeIgniter->handleRequest(NULL, Object(Config\Cache), false)
#7 C:\xampp\htdocs\warehouse\public\index.php(45): CodeIgniter\CodeIgniter->run()
#8 C:\xampp\htdocs\warehouse\vendor\codeigniter4\framework\system\Commands\Server\rewrite.php(34): require_once('C:\\xampp\\htdocs...')
#9 {main}
CRITICAL - 2020-07-09 05:00:46 --> syntax error, unexpected '$this' (T_VARIABLE)
#0 C:\xampp\htdocs\warehouse\vendor\codeigniter4\framework\system\Router\Router.php(192): CodeIgniter\Router\Router->autoRoute('cart')
#1 C:\xampp\htdocs\warehouse\vendor\codeigniter4\framework\system\CodeIgniter.php(789): CodeIgniter\Router\Router->handle('cart')
#2 C:\xampp\htdocs\warehouse\vendor\codeigniter4\framework\system\CodeIgniter.php(360): CodeIgniter\CodeIgniter->tryToRouteIt(Object(CodeIgniter\Router\RouteCollection))
#3 C:\xampp\htdocs\warehouse\vendor\codeigniter4\framework\system\CodeIgniter.php(308): CodeIgniter\CodeIgniter->handleRequest(NULL, Object(Config\Cache), false)
#4 C:\xampp\htdocs\warehouse\public\index.php(45): CodeIgniter\CodeIgniter->run()
#5 C:\xampp\htdocs\warehouse\vendor\codeigniter4\framework\system\Commands\Server\rewrite.php(34): require_once('C:\\xampp\\htdocs...')
#6 {main}
CRITICAL - 2020-07-09 05:00:48 --> syntax error, unexpected '$this' (T_VARIABLE)
#0 C:\xampp\htdocs\warehouse\vendor\codeigniter4\framework\system\Router\Router.php(192): CodeIgniter\Router\Router->autoRoute('cart')
#1 C:\xampp\htdocs\warehouse\vendor\codeigniter4\framework\system\CodeIgniter.php(789): CodeIgniter\Router\Router->handle('cart')
#2 C:\xampp\htdocs\warehouse\vendor\codeigniter4\framework\system\CodeIgniter.php(360): CodeIgniter\CodeIgniter->tryToRouteIt(Object(CodeIgniter\Router\RouteCollection))
#3 C:\xampp\htdocs\warehouse\vendor\codeigniter4\framework\system\CodeIgniter.php(308): CodeIgniter\CodeIgniter->handleRequest(NULL, Object(Config\Cache), false)
#4 C:\xampp\htdocs\warehouse\public\index.php(45): CodeIgniter\CodeIgniter->run()
#5 C:\xampp\htdocs\warehouse\vendor\codeigniter4\framework\system\Commands\Server\rewrite.php(34): require_once('C:\\xampp\\htdocs...')
#6 {main}
CRITICAL - 2020-07-09 17:01:41 --> Unknown column 'date' in 'where clause'
#0 C:\xampp\htdocs\warehouse\vendor\codeigniter4\framework\system\Database\MySQLi\Connection.php(331): mysqli->query('SELECT COUNT(*)...')
#1 C:\xampp\htdocs\warehouse\vendor\codeigniter4\framework\system\Database\BaseConnection.php(738): CodeIgniter\Database\MySQLi\Connection->execute('SELECT COUNT(*)...')
#2 C:\xampp\htdocs\warehouse\vendor\codeigniter4\framework\system\Database\BaseConnection.php(666): CodeIgniter\Database\BaseConnection->simpleQuery('SELECT COUNT(*)...')
#3 C:\xampp\htdocs\warehouse\vendor\codeigniter4\framework\system\Database\BaseBuilder.php(1937): CodeIgniter\Database\BaseConnection->query('SELECT COUNT(*)...', Array, false)
#4 C:\xampp\htdocs\warehouse\vendor\codeigniter4\framework\system\Model.php(1596): CodeIgniter\Database\BaseBuilder->countAllResults(true)
#5 C:\xampp\htdocs\warehouse\app\Controllers\Cart.php(87): CodeIgniter\Model->countAllResults()
#6 C:\xampp\htdocs\warehouse\vendor\codeigniter4\framework\system\CodeIgniter.php(914): App\Controllers\Cart->order()
#7 C:\xampp\htdocs\warehouse\vendor\codeigniter4\framework\system\CodeIgniter.php(400): CodeIgniter\CodeIgniter->runController(Object(App\Controllers\Cart))
#8 C:\xampp\htdocs\warehouse\vendor\codeigniter4\framework\system\CodeIgniter.php(308): CodeIgniter\CodeIgniter->handleRequest(NULL, Object(Config\Cache), false)
#9 C:\xampp\htdocs\warehouse\public\index.php(45): CodeIgniter\CodeIgniter->run()
#10 C:\xampp\htdocs\warehouse\vendor\codeigniter4\framework\system\Commands\Server\rewrite.php(34): require_once('C:\\xampp\\htdocs...')
#11 {main}
CRITICAL - 2020-07-09 17:02:12 --> Duplicate entry 'QOU20070001' for key 'PRIMARY'
#0 C:\xampp\htdocs\warehouse\vendor\codeigniter4\framework\system\Database\MySQLi\Connection.php(331): mysqli->query('INSERT INTO `or...')
#1 C:\xampp\htdocs\warehouse\vendor\codeigniter4\framework\system\Database\BaseConnection.php(738): CodeIgniter\Database\MySQLi\Connection->execute('INSERT INTO `or...')
#2 C:\xampp\htdocs\warehouse\vendor\codeigniter4\framework\system\Database\BaseConnection.php(666): CodeIgniter\Database\BaseConnection->simpleQuery('INSERT INTO `or...')
#3 C:\xampp\htdocs\warehouse\vendor\codeigniter4\framework\system\Database\BaseBuilder.php(2234): CodeIgniter\Database\BaseConnection->query('INSERT INTO `or...', Array, false)
#4 C:\xampp\htdocs\warehouse\vendor\codeigniter4\framework\system\Model.php(729): CodeIgniter\Database\BaseBuilder->insert()
#5 C:\xampp\htdocs\warehouse\app\Controllers\Cart.php(94): CodeIgniter\Model->insert(Array)
#6 C:\xampp\htdocs\warehouse\vendor\codeigniter4\framework\system\CodeIgniter.php(914): App\Controllers\Cart->order()
#7 C:\xampp\htdocs\warehouse\vendor\codeigniter4\framework\system\CodeIgniter.php(400): CodeIgniter\CodeIgniter->runController(Object(App\Controllers\Cart))
#8 C:\xampp\htdocs\warehouse\vendor\codeigniter4\framework\system\CodeIgniter.php(308): CodeIgniter\CodeIgniter->handleRequest(NULL, Object(Config\Cache), false)
#9 C:\xampp\htdocs\warehouse\public\index.php(45): CodeIgniter\CodeIgniter->run()
#10 C:\xampp\htdocs\warehouse\vendor\codeigniter4\framework\system\Commands\Server\rewrite.php(34): require_once('C:\\xampp\\htdocs...')
#11 {main}
CRITICAL - 2020-07-09 17:02:26 --> Duplicate entry 'QOU20070001' for key 'PRIMARY'
#0 C:\xampp\htdocs\warehouse\vendor\codeigniter4\framework\system\Database\MySQLi\Connection.php(331): mysqli->query('INSERT INTO `or...')
#1 C:\xampp\htdocs\warehouse\vendor\codeigniter4\framework\system\Database\BaseConnection.php(738): CodeIgniter\Database\MySQLi\Connection->execute('INSERT INTO `or...')
#2 C:\xampp\htdocs\warehouse\vendor\codeigniter4\framework\system\Database\BaseConnection.php(666): CodeIgniter\Database\BaseConnection->simpleQuery('INSERT INTO `or...')
#3 C:\xampp\htdocs\warehouse\vendor\codeigniter4\framework\system\Database\BaseBuilder.php(2234): CodeIgniter\Database\BaseConnection->query('INSERT INTO `or...', Array, false)
#4 C:\xampp\htdocs\warehouse\vendor\codeigniter4\framework\system\Model.php(729): CodeIgniter\Database\BaseBuilder->insert()
#5 C:\xampp\htdocs\warehouse\app\Controllers\Cart.php(94): CodeIgniter\Model->insert(Array)
#6 C:\xampp\htdocs\warehouse\vendor\codeigniter4\framework\system\CodeIgniter.php(914): App\Controllers\Cart->order()
#7 C:\xampp\htdocs\warehouse\vendor\codeigniter4\framework\system\CodeIgniter.php(400): CodeIgniter\CodeIgniter->runController(Object(App\Controllers\Cart))
#8 C:\xampp\htdocs\warehouse\vendor\codeigniter4\framework\system\CodeIgniter.php(308): CodeIgniter\CodeIgniter->handleRequest(NULL, Object(Config\Cache), false)
#9 C:\xampp\htdocs\warehouse\public\index.php(45): CodeIgniter\CodeIgniter->run()
#10 C:\xampp\htdocs\warehouse\vendor\codeigniter4\framework\system\Commands\Server\rewrite.php(34): require_once('C:\\xampp\\htdocs...')
#11 {main}
CRITICAL - 2020-07-09 19:43:08 --> Deletes are not allowed unless they contain a "where" or "like" clause.
#0 C:\xampp\htdocs\warehouse\vendor\codeigniter4\framework\system\Model.php(952): CodeIgniter\Database\BaseBuilder->delete()
#1 C:\xampp\htdocs\warehouse\app\Controllers\Cart.php(77): CodeIgniter\Model->delete()
#2 C:\xampp\htdocs\warehouse\vendor\codeigniter4\framework\system\CodeIgniter.php(914): App\Controllers\Cart->delete()
#3 C:\xampp\htdocs\warehouse\vendor\codeigniter4\framework\system\CodeIgniter.php(400): CodeIgniter\CodeIgniter->runController(Object(App\Controllers\Cart))
#4 C:\xampp\htdocs\warehouse\vendor\codeigniter4\framework\system\CodeIgniter.php(308): CodeIgniter\CodeIgniter->handleRequest(NULL, Object(Config\Cache), false)
#5 C:\xampp\htdocs\warehouse\public\index.php(45): CodeIgniter\CodeIgniter->run()
#6 C:\xampp\htdocs\warehouse\vendor\codeigniter4\framework\system\Commands\Server\rewrite.php(34): require_once('C:\\xampp\\htdocs...')
#7 {main}
CRITICAL - 2020-07-09 19:45:13 --> Call to undefined method App\Models\CartModel::getRow
#0 C:\xampp\htdocs\warehouse\app\Controllers\Cart.php(38): CodeIgniter\Model->__call('getRow', Array)
#1 C:\xampp\htdocs\warehouse\vendor\codeigniter4\framework\system\CodeIgniter.php(914): App\Controllers\Cart->add()
#2 C:\xampp\htdocs\warehouse\vendor\codeigniter4\framework\system\CodeIgniter.php(400): CodeIgniter\CodeIgniter->runController(Object(App\Controllers\Cart))
#3 C:\xampp\htdocs\warehouse\vendor\codeigniter4\framework\system\CodeIgniter.php(308): CodeIgniter\CodeIgniter->handleRequest(NULL, Object(Config\Cache), false)
#4 C:\xampp\htdocs\warehouse\public\index.php(45): CodeIgniter\CodeIgniter->run()
#5 C:\xampp\htdocs\warehouse\vendor\codeigniter4\framework\system\Commands\Server\rewrite.php(34): require_once('C:\\xampp\\htdocs...')
#6 {main}
CRITICAL - 2020-07-09 20:09:25 --> Call to undefined method App\Models\CartModel::myCart
#0 C:\xampp\htdocs\warehouse\app\Controllers\Cart.php(31): CodeIgniter\Model->__call('myCart', Array)
#1 C:\xampp\htdocs\warehouse\vendor\codeigniter4\framework\system\CodeIgniter.php(914): App\Controllers\Cart->index()
#2 C:\xampp\htdocs\warehouse\vendor\codeigniter4\framework\system\CodeIgniter.php(400): CodeIgniter\CodeIgniter->runController(Object(App\Controllers\Cart))
#3 C:\xampp\htdocs\warehouse\vendor\codeigniter4\framework\system\CodeIgniter.php(308): CodeIgniter\CodeIgniter->handleRequest(NULL, Object(Config\Cache), false)
#4 C:\xampp\htdocs\warehouse\public\index.php(45): CodeIgniter\CodeIgniter->run()
#5 C:\xampp\htdocs\warehouse\vendor\codeigniter4\framework\system\Commands\Server\rewrite.php(34): require_once('C:\\xampp\\htdocs...')
#6 {main}
CRITICAL - 2020-07-09 20:09:30 --> Call to undefined method App\Models\CartModel::myCart
#0 C:\xampp\htdocs\warehouse\app\Controllers\Cart.php(31): CodeIgniter\Model->__call('myCart', Array)
#1 C:\xampp\htdocs\warehouse\vendor\codeigniter4\framework\system\CodeIgniter.php(914): App\Controllers\Cart->index()
#2 C:\xampp\htdocs\warehouse\vendor\codeigniter4\framework\system\CodeIgniter.php(400): CodeIgniter\CodeIgniter->runController(Object(App\Controllers\Cart))
#3 C:\xampp\htdocs\warehouse\vendor\codeigniter4\framework\system\CodeIgniter.php(308): CodeIgniter\CodeIgniter->handleRequest(NULL, Object(Config\Cache), false)
#4 C:\xampp\htdocs\warehouse\public\index.php(45): CodeIgniter\CodeIgniter->run()
#5 C:\xampp\htdocs\warehouse\vendor\codeigniter4\framework\system\Commands\Server\rewrite.php(34): require_once('C:\\xampp\\htdocs...')
#6 {main}
CRITICAL - 2020-07-09 20:09:52 --> Call to undefined method App\Models\CartModel::getResult
#0 C:\xampp\htdocs\warehouse\app\Views\cart\index.php(34): CodeIgniter\Model->__call('getResult', Array)
#1 C:\xampp\htdocs\warehouse\vendor\codeigniter4\framework\system\View\View.php(246): include('C:\\xampp\\htdocs...')
#2 C:\xampp\htdocs\warehouse\vendor\codeigniter4\framework\system\Common.php(1087): CodeIgniter\View\View->render('cart/index', Array, true)
#3 C:\xampp\htdocs\warehouse\app\Controllers\Cart.php(33): view('cart/index', Array)
#4 C:\xampp\htdocs\warehouse\vendor\codeigniter4\framework\system\CodeIgniter.php(914): App\Controllers\Cart->index()
#5 C:\xampp\htdocs\warehouse\vendor\codeigniter4\framework\system\CodeIgniter.php(400): CodeIgniter\CodeIgniter->runController(Object(App\Controllers\Cart))
#6 C:\xampp\htdocs\warehouse\vendor\codeigniter4\framework\system\CodeIgniter.php(308): CodeIgniter\CodeIgniter->handleRequest(NULL, Object(Config\Cache), false)
#7 C:\xampp\htdocs\warehouse\public\index.php(45): CodeIgniter\CodeIgniter->run()
#8 C:\xampp\htdocs\warehouse\vendor\codeigniter4\framework\system\Commands\Server\rewrite.php(34): require_once('C:\\xampp\\htdocs...')
#9 {main}
CRITICAL - 2020-07-09 23:19:32 --> Call to undefined method App\Models\CartModel::myCart
#0 C:\xampp\htdocs\warehouse\app\Controllers\Order.php(41): CodeIgniter\Model->__call('myCart', Array)
#1 C:\xampp\htdocs\warehouse\vendor\codeigniter4\framework\system\CodeIgniter.php(914): App\Controllers\Order->quotation()
#2 C:\xampp\htdocs\warehouse\vendor\codeigniter4\framework\system\CodeIgniter.php(400): CodeIgniter\CodeIgniter->runController(Object(App\Controllers\Order))
#3 C:\xampp\htdocs\warehouse\vendor\codeigniter4\framework\system\CodeIgniter.php(308): CodeIgniter\CodeIgniter->handleRequest(NULL, Object(Config\Cache), false)
#4 C:\xampp\htdocs\warehouse\public\index.php(45): CodeIgniter\CodeIgniter->run()
#5 C:\xampp\htdocs\warehouse\vendor\codeigniter4\framework\system\Commands\Server\rewrite.php(34): require_once('C:\\xampp\\htdocs...')
#6 {main}
CRITICAL - 2020-07-09 23:19:53 --> Call to undefined method App\Models\CartModel::myCart
#0 C:\xampp\htdocs\warehouse\app\Controllers\Order.php(41): CodeIgniter\Model->__call('myCart', Array)
#1 C:\xampp\htdocs\warehouse\vendor\codeigniter4\framework\system\CodeIgniter.php(914): App\Controllers\Order->quotation()
#2 C:\xampp\htdocs\warehouse\vendor\codeigniter4\framework\system\CodeIgniter.php(400): CodeIgniter\CodeIgniter->runController(Object(App\Controllers\Order))
#3 C:\xampp\htdocs\warehouse\vendor\codeigniter4\framework\system\CodeIgniter.php(308): CodeIgniter\CodeIgniter->handleRequest(NULL, Object(Config\Cache), false)
#4 C:\xampp\htdocs\warehouse\public\index.php(45): CodeIgniter\CodeIgniter->run()
#5 C:\xampp\htdocs\warehouse\vendor\codeigniter4\framework\system\Commands\Server\rewrite.php(34): require_once('C:\\xampp\\htdocs...')
#6 {main}
CRITICAL - 2020-07-09 23:20:05 --> Invalid file: order/quote.php
#0 C:\xampp\htdocs\warehouse\vendor\codeigniter4\framework\system\View\View.php(228): CodeIgniter\Exceptions\FrameworkException::forInvalidFile('order/quote.php')
#1 C:\xampp\htdocs\warehouse\vendor\codeigniter4\framework\system\Common.php(1087): CodeIgniter\View\View->render('order/quote', Array, true)
#2 C:\xampp\htdocs\warehouse\app\Controllers\Order.php(43): view('order/quote', Array)
#3 C:\xampp\htdocs\warehouse\vendor\codeigniter4\framework\system\CodeIgniter.php(914): App\Controllers\Order->quotation()
#4 C:\xampp\htdocs\warehouse\vendor\codeigniter4\framework\system\CodeIgniter.php(400): CodeIgniter\CodeIgniter->runController(Object(App\Controllers\Order))
#5 C:\xampp\htdocs\warehouse\vendor\codeigniter4\framework\system\CodeIgniter.php(308): CodeIgniter\CodeIgniter->handleRequest(NULL, Object(Config\Cache), false)
#6 C:\xampp\htdocs\warehouse\public\index.php(45): CodeIgniter\CodeIgniter->run()
#7 C:\xampp\htdocs\warehouse\vendor\codeigniter4\framework\system\Commands\Server\rewrite.php(34): require_once('C:\\xampp\\htdocs...')
#8 {main}
CRITICAL - 2020-07-09 23:20:18 --> Call to undefined method App\Models\CartModel::getResult
#0 C:\xampp\htdocs\warehouse\app\Views\orders\quote.php(34): CodeIgniter\Model->__call('getResult', Array)
#1 C:\xampp\htdocs\warehouse\vendor\codeigniter4\framework\system\View\View.php(246): include('C:\\xampp\\htdocs...')
#2 C:\xampp\htdocs\warehouse\vendor\codeigniter4\framework\system\Common.php(1087): CodeIgniter\View\View->render('orders/quote', Array, true)
#3 C:\xampp\htdocs\warehouse\app\Controllers\Order.php(43): view('orders/quote', Array)
#4 C:\xampp\htdocs\warehouse\vendor\codeigniter4\framework\system\CodeIgniter.php(914): App\Controllers\Order->quotation()
#5 C:\xampp\htdocs\warehouse\vendor\codeigniter4\framework\system\CodeIgniter.php(400): CodeIgniter\CodeIgniter->runController(Object(App\Controllers\Order))
#6 C:\xampp\htdocs\warehouse\vendor\codeigniter4\framework\system\CodeIgniter.php(308): CodeIgniter\CodeIgniter->handleRequest(NULL, Object(Config\Cache), false)
#7 C:\xampp\htdocs\warehouse\public\index.php(45): CodeIgniter\CodeIgniter->run()
#8 C:\xampp\htdocs\warehouse\vendor\codeigniter4\framework\system\Commands\Server\rewrite.php(34): require_once('C:\\xampp\\htdocs...')
#9 {main}
CRITICAL - 2020-07-09 23:20:36 --> Undefined variable: parts
#0 C:\xampp\htdocs\warehouse\app\Views\orders\quote.php(34): CodeIgniter\Debug\Exceptions->errorHandler(8, 'Undefined varia...', 'C:\\xampp\\htdocs...', 34, Array)
#1 C:\xampp\htdocs\warehouse\vendor\codeigniter4\framework\system\View\View.php(246): include('C:\\xampp\\htdocs...')
#2 C:\xampp\htdocs\warehouse\vendor\codeigniter4\framework\system\Common.php(1087): CodeIgniter\View\View->render('orders/quote', Array, true)
#3 C:\xampp\htdocs\warehouse\app\Controllers\Order.php(42): view('orders/quote', Array)
#4 C:\xampp\htdocs\warehouse\vendor\codeigniter4\framework\system\CodeIgniter.php(914): App\Controllers\Order->quotation()
#5 C:\xampp\htdocs\warehouse\vendor\codeigniter4\framework\system\CodeIgniter.php(400): CodeIgniter\CodeIgniter->runController(Object(App\Controllers\Order))
#6 C:\xampp\htdocs\warehouse\vendor\codeigniter4\framework\system\CodeIgniter.php(308): CodeIgniter\CodeIgniter->handleRequest(NULL, Object(Config\Cache), false)
#7 C:\xampp\htdocs\warehouse\public\index.php(45): CodeIgniter\CodeIgniter->run()
#8 C:\xampp\htdocs\warehouse\vendor\codeigniter4\framework\system\Commands\Server\rewrite.php(34): require_once('C:\\xampp\\htdocs...')
#9 {main}
