CRITICAL - 2020-08-19 10:19:27 --> unlink(assets/img/faces/00491.jpg): No such file or directory
#0 [internal function]: CodeIgniter\Debug\Exceptions->errorHandler(2, 'unlink(assets/i...', 'C:\\xampp\\htdocs...', 164, Array)
#1 C:\xampp\htdocs\neo\app\Controllers\Users.php(164): unlink('assets/img/face...')
#2 C:\xampp\htdocs\neo\vendor\codeigniter4\framework\system\CodeIgniter.php(914): App\Controllers\Users->change_photo()
#3 C:\xampp\htdocs\neo\vendor\codeigniter4\framework\system\CodeIgniter.php(400): CodeIgniter\CodeIgniter->runController(Object(App\Controllers\Users))
#4 C:\xampp\htdocs\neo\vendor\codeigniter4\framework\system\CodeIgniter.php(308): CodeIgniter\CodeIgniter->handleRequest(NULL, Object(Config\Cache), false)
#5 C:\xampp\htdocs\neo\public\index.php(45): CodeIgniter\CodeIgniter->run()
#6 C:\xampp\htdocs\neo\vendor\codeigniter4\framework\system\Commands\Server\rewrite.php(34): require_once('C:\\xampp\\htdocs...')
#7 {main}
CRITICAL - 2020-08-19 13:14:38 --> Column 'user_id' cannot be null
#0 C:\xampp\htdocs\neo\vendor\codeigniter4\framework\system\Database\MySQLi\Connection.php(331): mysqli->query('INSERT INTO `ca...')
#1 C:\xampp\htdocs\neo\vendor\codeigniter4\framework\system\Database\BaseConnection.php(738): CodeIgniter\Database\MySQLi\Connection->execute('INSERT INTO `ca...')
#2 C:\xampp\htdocs\neo\vendor\codeigniter4\framework\system\Database\BaseConnection.php(666): CodeIgniter\Database\BaseConnection->simpleQuery('INSERT INTO `ca...')
#3 C:\xampp\htdocs\neo\vendor\codeigniter4\framework\system\Database\BaseBuilder.php(2234): CodeIgniter\Database\BaseConnection->query('INSERT INTO `ca...', Array, false)
#4 C:\xampp\htdocs\neo\vendor\codeigniter4\framework\system\Model.php(729): CodeIgniter\Database\BaseBuilder->insert()
#5 C:\xampp\htdocs\neo\app\Controllers\Cart.php(62): CodeIgniter\Model->insert(Array)
#6 C:\xampp\htdocs\neo\vendor\codeigniter4\framework\system\CodeIgniter.php(914): App\Controllers\Cart->add()
#7 C:\xampp\htdocs\neo\vendor\codeigniter4\framework\system\CodeIgniter.php(400): CodeIgniter\CodeIgniter->runController(Object(App\Controllers\Cart))
#8 C:\xampp\htdocs\neo\vendor\codeigniter4\framework\system\CodeIgniter.php(308): CodeIgniter\CodeIgniter->handleRequest(NULL, Object(Config\Cache), false)
#9 C:\xampp\htdocs\neo\public\index.php(45): CodeIgniter\CodeIgniter->run()
#10 C:\xampp\htdocs\neo\vendor\codeigniter4\framework\system\Commands\Server\rewrite.php(34): require_once('C:\\xampp\\htdocs...')
#11 {main}
