CRITICAL - 2020-08-05 08:24:09 --> Undefined variable: user
#0 C:\xampp\htdocs\neo\app\Views\cart\index.php(131): CodeIgniter\Debug\Exceptions->errorHandler(8, 'Undefined varia...', 'C:\\xampp\\htdocs...', 131, Array)
#1 C:\xampp\htdocs\neo\vendor\codeigniter4\framework\system\View\View.php(246): include('C:\\xampp\\htdocs...')
#2 C:\xampp\htdocs\neo\vendor\codeigniter4\framework\system\Common.php(1087): CodeIgniter\View\View->render('cart/index', Array, true)
#3 C:\xampp\htdocs\neo\app\Controllers\Cart.php(39): view('cart/index', Array)
#4 C:\xampp\htdocs\neo\vendor\codeigniter4\framework\system\CodeIgniter.php(914): App\Controllers\Cart->index()
#5 C:\xampp\htdocs\neo\vendor\codeigniter4\framework\system\CodeIgniter.php(400): CodeIgniter\CodeIgniter->runController(Object(App\Controllers\Cart))
#6 C:\xampp\htdocs\neo\vendor\codeigniter4\framework\system\CodeIgniter.php(308): CodeIgniter\CodeIgniter->handleRequest(NULL, Object(Config\Cache), false)
#7 C:\xampp\htdocs\neo\public\index.php(45): CodeIgniter\CodeIgniter->run()
#8 C:\xampp\htdocs\neo\vendor\codeigniter4\framework\system\Commands\Server\rewrite.php(34): require_once('C:\\xampp\\htdocs...')
#9 {main}
CRITICAL - 2020-08-05 08:24:31 --> Undefined variable: user
#0 C:\xampp\htdocs\neo\app\Views\cart\index.php(133): CodeIgniter\Debug\Exceptions->errorHandler(8, 'Undefined varia...', 'C:\\xampp\\htdocs...', 133, Array)
#1 C:\xampp\htdocs\neo\vendor\codeigniter4\framework\system\View\View.php(246): include('C:\\xampp\\htdocs...')
#2 C:\xampp\htdocs\neo\vendor\codeigniter4\framework\system\Common.php(1087): CodeIgniter\View\View->render('cart/index', Array, true)
#3 C:\xampp\htdocs\neo\app\Controllers\Cart.php(39): view('cart/index', Array)
#4 C:\xampp\htdocs\neo\vendor\codeigniter4\framework\system\CodeIgniter.php(914): App\Controllers\Cart->index()
#5 C:\xampp\htdocs\neo\vendor\codeigniter4\framework\system\CodeIgniter.php(400): CodeIgniter\CodeIgniter->runController(Object(App\Controllers\Cart))
#6 C:\xampp\htdocs\neo\vendor\codeigniter4\framework\system\CodeIgniter.php(308): CodeIgniter\CodeIgniter->handleRequest(NULL, Object(Config\Cache), false)
#7 C:\xampp\htdocs\neo\public\index.php(45): CodeIgniter\CodeIgniter->run()
#8 C:\xampp\htdocs\neo\vendor\codeigniter4\framework\system\Commands\Server\rewrite.php(34): require_once('C:\\xampp\\htdocs...')
#9 {main}
CRITICAL - 2020-08-05 08:51:37 --> syntax error, unexpected end of file
#0 C:\xampp\htdocs\neo\vendor\codeigniter4\framework\system\Common.php(1087): CodeIgniter\View\View->render('cart/index', Array, true)
#1 C:\xampp\htdocs\neo\app\Controllers\Cart.php(39): view('cart/index', Array)
#2 C:\xampp\htdocs\neo\vendor\codeigniter4\framework\system\CodeIgniter.php(914): App\Controllers\Cart->index()
#3 C:\xampp\htdocs\neo\vendor\codeigniter4\framework\system\CodeIgniter.php(400): CodeIgniter\CodeIgniter->runController(Object(App\Controllers\Cart))
#4 C:\xampp\htdocs\neo\vendor\codeigniter4\framework\system\CodeIgniter.php(308): CodeIgniter\CodeIgniter->handleRequest(NULL, Object(Config\Cache), false)
#5 C:\xampp\htdocs\neo\public\index.php(45): CodeIgniter\CodeIgniter->run()
#6 C:\xampp\htdocs\neo\vendor\codeigniter4\framework\system\Commands\Server\rewrite.php(34): require_once('C:\\xampp\\htdocs...')
#7 {main}
CRITICAL - 2020-08-05 09:08:34 --> Invalid file: orders/receive.php
#0 C:\xampp\htdocs\neo\vendor\codeigniter4\framework\system\View\View.php(228): CodeIgniter\Exceptions\FrameworkException::forInvalidFile('orders/receive....')
#1 C:\xampp\htdocs\neo\vendor\codeigniter4\framework\system\Common.php(1087): CodeIgniter\View\View->render('orders/receive', Array, true)
#2 C:\xampp\htdocs\neo\app\Controllers\Order.php(263): view('orders/receive', Array)
#3 C:\xampp\htdocs\neo\vendor\codeigniter4\framework\system\CodeIgniter.php(914): App\Controllers\Order->receive()
#4 C:\xampp\htdocs\neo\vendor\codeigniter4\framework\system\CodeIgniter.php(400): CodeIgniter\CodeIgniter->runController(Object(App\Controllers\Order))
#5 C:\xampp\htdocs\neo\vendor\codeigniter4\framework\system\CodeIgniter.php(308): CodeIgniter\CodeIgniter->handleRequest(NULL, Object(Config\Cache), false)
#6 C:\xampp\htdocs\neo\public\index.php(45): CodeIgniter\CodeIgniter->run()
#7 C:\xampp\htdocs\neo\vendor\codeigniter4\framework\system\Commands\Server\rewrite.php(34): require_once('C:\\xampp\\htdocs...')
#8 {main}
CRITICAL - 2020-08-05 09:10:11 --> Undefined variable: orders
#0 C:\xampp\htdocs\neo\app\Views\orders\po-receive-list.php(35): CodeIgniter\Debug\Exceptions->errorHandler(8, 'Undefined varia...', 'C:\\xampp\\htdocs...', 35, Array)
#1 C:\xampp\htdocs\neo\vendor\codeigniter4\framework\system\View\View.php(246): include('C:\\xampp\\htdocs...')
#2 C:\xampp\htdocs\neo\vendor\codeigniter4\framework\system\Common.php(1087): CodeIgniter\View\View->render('orders/po-recei...', Array, true)
#3 C:\xampp\htdocs\neo\app\Controllers\Order.php(263): view('orders/po-recei...', Array)
#4 C:\xampp\htdocs\neo\vendor\codeigniter4\framework\system\CodeIgniter.php(914): App\Controllers\Order->receive()
#5 C:\xampp\htdocs\neo\vendor\codeigniter4\framework\system\CodeIgniter.php(400): CodeIgniter\CodeIgniter->runController(Object(App\Controllers\Order))
#6 C:\xampp\htdocs\neo\vendor\codeigniter4\framework\system\CodeIgniter.php(308): CodeIgniter\CodeIgniter->handleRequest(NULL, Object(Config\Cache), false)
#7 C:\xampp\htdocs\neo\public\index.php(45): CodeIgniter\CodeIgniter->run()
#8 C:\xampp\htdocs\neo\vendor\codeigniter4\framework\system\Commands\Server\rewrite.php(34): require_once('C:\\xampp\\htdocs...')
#9 {main}
